#
# A fatal error has been detected by the Java Runtime Environment:
#
#  SIGBUS (0x7) at pc=0x00007f79f4e0e02d, pid=14722, tid=140161833191168
#
# JRE version: OpenJDK Runtime Environment (7.0_51) (build 1.7.0_51-b00)
# Java VM: OpenJDK 64-Bit Server VM (24.45-b08 mixed mode linux-amd64 compressed oops)
# Problematic frame:
# C  [libzip.so+0x502d]  Java_java_util_zip_ZipFile_getZipMessage+0x114d
#
# Failed to write core dump. Core dumps have been disabled. To enable core dumping, try "ulimit -c unlimited" before starting Java again
#
# If you would like to submit a bug report, please include
# instructions on how to reproduce the bug and visit:
#   http://icedtea.classpath.org/bugzilla
# The crash happened outside the Java Virtual Machine in native code.
# See problematic frame for where to report the bug.
#

---------------  T H R E A D  ---------------

Current thread (0x00007f79f000c000):  JavaThread "main" [_thread_in_native, id=14725, stack(0x00007f79f8374000,0x00007f79f8475000)]

siginfo:si_signo=SIGBUS: si_errno=0, si_code=2 (BUS_ADRERR), si_addr=0x00007f79f829e14e

Registers:
RAX=0x00007f79f0442b90, RBX=0x00007f79f0237a20, RCX=0x00007f79f829e131, RDX=0x00007f79f0442b90
RSP=0x00007f79f8470480, RBP=0x00007f79f84704e0, RSI=0x0000000000000270, RDI=0x0000000000000003
R8 =0x00007f79f8470550, R9 =0x0000000000000048, R10=0x0000000000000005, R11=0x00007f79f0000078
R12=0x00007f79f0237f08, R13=0x00007f79f8470550, R14=0x00007f79f0442b90, R15=0x00000000d297ea42
RIP=0x00007f79f4e0e02d, EFLAGS=0x0000000000010202, CSGSFS=0x0000000000000033, ERR=0x0000000000000004
  TRAPNO=0x000000000000000e

Top of Stack: (sp=0x00007f79f8470480)
0x00007f79f8470480:   00007f79f8470b40 00007f79f7e210c0
0x00007f79f8470490:   00000000f8470cd8 00007f79f700d68c
0x00007f79f84704a0:   72662f74696e756a 00007f79f8470550
0x00007f79f84704b0:   00007f79f0237a20 00007f79f0237f00
0x00007f79f84704c0:   00007f79f0237a20 00007f79f8470550
0x00007f79f84704d0:   00007f79f02379d0 00000000d297ea42
0x00007f79f84704e0:   00007f79f8470530 00007f79f4e0ee3d
0x00007f79f84704f0:   0000000100000000 00000022f7cf11e4
0x00007f79f8470500:   00007f79f000c000 00007f79f8470550
0x00007f79f8470510:   00007f79f8470a28 00007f79f8470550
0x00007f79f8470520:   0000000000000022 00007f79f000c1d8
0x00007f79f8470530:   00007f79f8470990 00007f79f4e0c9b3
0x00007f79f8470540:   00000001f000c000 00007f79f0237a20
0x00007f79f8470550:   72662f74696e756a 2f6b726f77656d61
0x00007f79f8470560:   7473694c74736554 616c632e72656e65
0x00007f79f8470570:   00007f7900007373 00000000000004dc
0x00007f79f8470580:   0000000a00000000 0000000000000000
0x00007f79f8470590:   0000000000000000 00007f79f8470af4
0x00007f79f84705a0:   0000000000000000 0000000000000020
0x00007f79f84705b0:   ffffffffffffffff 00007f79f7cec942
0x00007f79f84705c0:   00007f7900000000 00007f79f000cbd0
0x00007f79f84705d0:   00207f7900000003 00007f7900000000
0x00007f79f84705e0:   00007f79f8470af8 00000007799c15b8
0x00007f79f84705f0:   00007f79f00095d0 0000000000000000
0x00007f79f8470600:   0000000000000000 00007f79f71ee61e
0x00007f79f8470610:   00007f79f71ee62d 0000000000000658
0x00007f79f8470620:   00007f79f8470650 00007f7979872f30
0x00007f79f8470630:   00007f7900000000 0000000000000000
0x00007f79f8470640:   00000000000000cb 00007f79f8470680
0x00007f79f8470650:   00007fff4fbfed01 0000000000000000
0x00007f79f8470660:   0000000000000004 0000000000000000
0x00007f79f8470670:   00007f7900000000 00007f79f7d1fb0e 

Instructions: (pc=0x00007f79f4e0e02d)
0x00007f79f4e0e00d:   73 48 48 8b 7b 10 b9 a0 00 00 00 49 8b 14 24 e8
0x00007f79f4e0e01d:   7f fe ff ff 48 89 c1 48 85 c9 0f 84 7b 02 00 00
0x00007f79f4e0e02d:   0f b6 51 1d 0f b6 41 1c 45 31 e4 0f b6 71 0c 0f
0x00007f79f4e0e03d:   b6 79 0e 44 0f b6 79 1f c1 e2 08 09 c2 0f b6 41 

Register to memory mapping:

RAX=0x00007f79f0442b90 is an unknown value
RBX=0x00007f79f0237a20 is an unknown value
RCX=0x00007f79f829e131 is an unknown value
RDX=0x00007f79f0442b90 is an unknown value
RSP=0x00007f79f8470480 is pointing into the stack for thread: 0x00007f79f000c000
RBP=0x00007f79f84704e0 is pointing into the stack for thread: 0x00007f79f000c000
RSI=0x0000000000000270 is an unknown value
RDI=0x0000000000000003 is an unknown value
R8 =0x00007f79f8470550 is pointing into the stack for thread: 0x00007f79f000c000
R9 =0x0000000000000048 is an unknown value
R10=0x0000000000000005 is an unknown value
R11=0x00007f79f0000078 is an unknown value
R12=0x00007f79f0237f08 is an unknown value
R13=0x00007f79f8470550 is pointing into the stack for thread: 0x00007f79f000c000
R14=0x00007f79f0442b90 is an unknown value
R15=0x00000000d297ea42 is an unknown value


Stack: [0x00007f79f8374000,0x00007f79f8475000],  sp=0x00007f79f8470480,  free space=1009k
Native frames: (J=compiled Java code, j=interpreted, Vv=VM code, C=native code)
C  [libzip.so+0x502d]  Java_java_util_zip_ZipFile_getZipMessage+0x114d
C  [libzip.so+0x5e3d]  ZIP_GetEntry+0xcd
C  [libzip.so+0x39b3]  Java_java_util_zip_ZipFile_getEntry+0xb3
j  java.util.zip.ZipFile.getEntry(J[BZ)J+0
j  java.util.zip.ZipFile.getEntry(Ljava/lang/String;)Ljava/util/zip/ZipEntry;+38
j  java.util.jar.JarFile.getEntry(Ljava/lang/String;)Ljava/util/zip/ZipEntry;+2
j  java.util.jar.JarFile.getJarEntry(Ljava/lang/String;)Ljava/util/jar/JarEntry;+2
j  sun.misc.URLClassPath$JarLoader.getResource(Ljava/lang/String;Z)Lsun/misc/Resource;+48
j  sun.misc.URLClassPath.getResource(Ljava/lang/String;Z)Lsun/misc/Resource;+53
j  java.net.URLClassLoader$1.run()Ljava/lang/Class;+26
j  java.net.URLClassLoader$1.run()Ljava/lang/Object;+1
v  ~StubRoutines::call_stub
V  [libjvm.so+0x5ba11c]  JavaCalls::call_helper(JavaValue*, methodHandle*, JavaCallArguments*, Thread*)+0x31c
V  [libjvm.so+0x5b9bd5]  JavaCalls::call(JavaValue*, methodHandle, JavaCallArguments*, Thread*)+0x25
V  [libjvm.so+0x600b90]  JVM_DoPrivileged+0x470
j  java.security.AccessController.doPrivileged(Ljava/security/PrivilegedExceptionAction;Ljava/security/AccessControlContext;)Ljava/lang/Object;+0
j  java.net.URLClassLoader.findClass(Ljava/lang/String;)Ljava/lang/Class;+13
j  java.lang.ClassLoader.loadClass(Ljava/lang/String;Z)Ljava/lang/Class;+70
j  sun.misc.Launcher$AppClassLoader.loadClass(Ljava/lang/String;Z)Ljava/lang/Class;+36
j  java.lang.ClassLoader.loadClass(Ljava/lang/String;)Ljava/lang/Class;+3
v  ~StubRoutines::call_stub
V  [libjvm.so+0x5ba11c]  JavaCalls::call_helper(JavaValue*, methodHandle*, JavaCallArguments*, Thread*)+0x31c
V  [libjvm.so+0x5b92f5]  JavaCalls::call_virtual(JavaValue*, KlassHandle, Symbol*, Symbol*, JavaCallArguments*, Thread*)+0x1d5
V  [libjvm.so+0x5b93bb]  JavaCalls::call_virtual(JavaValue*, Handle, KlassHandle, Symbol*, Symbol*, Handle, Thread*)+0x5b
V  [libjvm.so+0x87f0d4]  SystemDictionary::load_instance_class(Symbol*, Handle, Thread*)+0x414
V  [libjvm.so+0x87d87c]  SystemDictionary::resolve_instance_class_or_null(Symbol*, Handle, Handle, Thread*)+0x87c
V  [libjvm.so+0x87e28a]  SystemDictionary::resolve_super_or_fail(Symbol*, Symbol*, Handle, Handle, bool, Thread*)+0x18a
V  [libjvm.so+0x3da970]  ClassFileParser::parse_interfaces(constantPoolHandle, int, Handle, Handle, Symbol*, Thread*)+0x1c0
V  [libjvm.so+0x3e8621]  ClassFileParser::parseClassFile(Symbol*, Handle, Handle, KlassHandle, GrowableArray<Handle>*, TempNewSymbol&, bool, Thread*)+0xd11
V  [libjvm.so+0x87bcb1]  SystemDictionary::resolve_from_stream(Symbol*, Handle, Handle, ClassFileStream*, bool, Thread*)+0xe1
V  [libjvm.so+0x5f17ba]  jvm_define_class_common(JNIEnv_*, char const*, _jobject*, signed char const*, int, _jobject*, char const*, unsigned char, Thread*)+0x23a
V  [libjvm.so+0x5f2f43]  JVM_DefineClassWithSource+0xa3
C  [libjava.so+0xdb26]  Java_java_lang_ClassLoader_defineClass1+0x2d6
j  java.lang.ClassLoader.defineClass1(Ljava/lang/String;[BIILjava/security/ProtectionDomain;Ljava/lang/String;)Ljava/lang/Class;+0
j  java.lang.ClassLoader.defineClass(Ljava/lang/String;[BIILjava/security/ProtectionDomain;)Ljava/lang/Class;+30
j  java.security.SecureClassLoader.defineClass(Ljava/lang/String;[BIILjava/security/CodeSource;)Ljava/lang/Class;+12
j  java.net.URLClassLoader.defineClass(Ljava/lang/String;Lsun/misc/Resource;)Ljava/lang/Class;+220
j  java.net.URLClassLoader.access$100(Ljava/net/URLClassLoader;Ljava/lang/String;Lsun/misc/Resource;)Ljava/lang/Class;+3
j  java.net.URLClassLoader$1.run()Ljava/lang/Class;+43
j  java.net.URLClassLoader$1.run()Ljava/lang/Object;+1
v  ~StubRoutines::call_stub
V  [libjvm.so+0x5ba11c]  JavaCalls::call_helper(JavaValue*, methodHandle*, JavaCallArguments*, Thread*)+0x31c
V  [libjvm.so+0x5b9bd5]  JavaCalls::call(JavaValue*, methodHandle, JavaCallArguments*, Thread*)+0x25
V  [libjvm.so+0x600b90]  JVM_DoPrivileged+0x470
j  java.security.AccessController.doPrivileged(Ljava/security/PrivilegedExceptionAction;Ljava/security/AccessControlContext;)Ljava/lang/Object;+0
j  java.net.URLClassLoader.findClass(Ljava/lang/String;)Ljava/lang/Class;+13
j  java.lang.ClassLoader.loadClass(Ljava/lang/String;Z)Ljava/lang/Class;+70
j  sun.misc.Launcher$AppClassLoader.loadClass(Ljava/lang/String;Z)Ljava/lang/Class;+36
j  java.lang.ClassLoader.loadClass(Ljava/lang/String;)Ljava/lang/Class;+3
j  sun.launcher.LauncherHelper.checkAndLoadMain(ZILjava/lang/String;)Ljava/lang/Class;+114
v  ~StubRoutines::call_stub
V  [libjvm.so+0x5ba11c]  JavaCalls::call_helper(JavaValue*, methodHandle*, JavaCallArguments*, Thread*)+0x31c
V  [libjvm.so+0x5b9bd5]  JavaCalls::call(JavaValue*, methodHandle, JavaCallArguments*, Thread*)+0x25
V  [libjvm.so+0x5c521f]  jni_invoke_static(JNIEnv_*, JavaValue*, _jobject*, JNICallType, _jmethodID*, JNI_ArgumentPusher*, Thread*) [clone .isra.124] [clone .constprop.154]+0x13f
V  [libjvm.so+0x5cfecf]  jni_CallStaticObjectMethod+0x11f
C  [libjli.so+0x312d]  __strcat_chk+0x312d

Java frames: (J=compiled Java code, j=interpreted, Vv=VM code)
j  java.util.zip.ZipFile.getEntry(J[BZ)J+0
j  java.util.zip.ZipFile.getEntry(Ljava/lang/String;)Ljava/util/zip/ZipEntry;+38
j  java.util.jar.JarFile.getEntry(Ljava/lang/String;)Ljava/util/zip/ZipEntry;+2
j  java.util.jar.JarFile.getJarEntry(Ljava/lang/String;)Ljava/util/jar/JarEntry;+2
j  sun.misc.URLClassPath$JarLoader.getResource(Ljava/lang/String;Z)Lsun/misc/Resource;+48
j  sun.misc.URLClassPath.getResource(Ljava/lang/String;Z)Lsun/misc/Resource;+53
j  java.net.URLClassLoader$1.run()Ljava/lang/Class;+26
j  java.net.URLClassLoader$1.run()Ljava/lang/Object;+1
v  ~StubRoutines::call_stub
j  java.security.AccessController.doPrivileged(Ljava/security/PrivilegedExceptionAction;Ljava/security/AccessControlContext;)Ljava/lang/Object;+0
j  java.net.URLClassLoader.findClass(Ljava/lang/String;)Ljava/lang/Class;+13
j  java.lang.ClassLoader.loadClass(Ljava/lang/String;Z)Ljava/lang/Class;+70
j  sun.misc.Launcher$AppClassLoader.loadClass(Ljava/lang/String;Z)Ljava/lang/Class;+36
j  java.lang.ClassLoader.loadClass(Ljava/lang/String;)Ljava/lang/Class;+3
v  ~StubRoutines::call_stub
j  java.lang.ClassLoader.defineClass1(Ljava/lang/String;[BIILjava/security/ProtectionDomain;Ljava/lang/String;)Ljava/lang/Class;+0
j  java.lang.ClassLoader.defineClass(Ljava/lang/String;[BIILjava/security/ProtectionDomain;)Ljava/lang/Class;+30
j  java.security.SecureClassLoader.defineClass(Ljava/lang/String;[BIILjava/security/CodeSource;)Ljava/lang/Class;+12
j  java.net.URLClassLoader.defineClass(Ljava/lang/String;Lsun/misc/Resource;)Ljava/lang/Class;+220
j  java.net.URLClassLoader.access$100(Ljava/net/URLClassLoader;Ljava/lang/String;Lsun/misc/Resource;)Ljava/lang/Class;+3
j  java.net.URLClassLoader$1.run()Ljava/lang/Class;+43
j  java.net.URLClassLoader$1.run()Ljava/lang/Object;+1
v  ~StubRoutines::call_stub
j  java.security.AccessController.doPrivileged(Ljava/security/PrivilegedExceptionAction;Ljava/security/AccessControlContext;)Ljava/lang/Object;+0
j  java.net.URLClassLoader.findClass(Ljava/lang/String;)Ljava/lang/Class;+13
j  java.lang.ClassLoader.loadClass(Ljava/lang/String;Z)Ljava/lang/Class;+70
j  sun.misc.Launcher$AppClassLoader.loadClass(Ljava/lang/String;Z)Ljava/lang/Class;+36
j  java.lang.ClassLoader.loadClass(Ljava/lang/String;)Ljava/lang/Class;+3
j  sun.launcher.LauncherHelper.checkAndLoadMain(ZILjava/lang/String;)Ljava/lang/Class;+114
v  ~StubRoutines::call_stub

---------------  P R O C E S S  ---------------

Java Threads: ( => current thread )
  0x00007f79f039c000 JavaThread "Service Thread" daemon [_thread_blocked, id=14742, stack(0x00007f79c875d000,0x00007f79c885e000)]
  0x00007f79f0362800 JavaThread "C2 CompilerThread1" daemon [_thread_blocked, id=14741, stack(0x00007f79c885e000,0x00007f79c895f000)]
  0x00007f79f0447800 JavaThread "C2 CompilerThread0" daemon [_thread_blocked, id=14740, stack(0x00007f79c895f000,0x00007f79c8a60000)]
  0x00007f79f01f0800 JavaThread "Signal Dispatcher" daemon [_thread_blocked, id=14737, stack(0x00007f79ca21c000,0x00007f79ca31d000)]
  0x00007f79f01cd800 JavaThread "Finalizer" daemon [_thread_blocked, id=14736, stack(0x00007f79ca5e6000,0x00007f79ca6e7000)]
  0x00007f79f01cb800 JavaThread "Reference Handler" daemon [_thread_blocked, id=14735, stack(0x00007f79ca6e7000,0x00007f79ca7e8000)]
=>0x00007f79f000c000 JavaThread "main" [_thread_in_native, id=14725, stack(0x00007f79f8374000,0x00007f79f8475000)]

Other Threads:
  0x00007f79f01c7000 VMThread [stack: 0x00007f79ca7e8000,0x00007f79ca8e9000] [id=14734]
  0x00007f79f039e800 WatcherThread [stack: 0x00007f79c865c000,0x00007f79c875d000] [id=14743]

VM state:not at safepoint (normal execution)

VM Mutex/Monitor currently owned by a thread: None

Heap
 PSYoungGen      total 37376K, used 8050K [0x00000007d6900000, 0x00000007d9280000, 0x0000000800000000)
  eden space 32256K, 24% used [0x00000007d6900000,0x00000007d70dcae0,0x00000007d8880000)
  from space 5120K, 0% used [0x00000007d8d80000,0x00000007d8d80000,0x00000007d9280000)
  to   space 5120K, 0% used [0x00000007d8880000,0x00000007d8880000,0x00000007d8d80000)
 ParOldGen       total 84480K, used 0K [0x0000000783c00000, 0x0000000788e80000, 0x00000007d6900000)
  object space 84480K, 0% used [0x0000000783c00000,0x0000000783c00000,0x0000000788e80000)
 PSPermGen       total 21504K, used 4073K [0x0000000779600000, 0x000000077ab00000, 0x0000000783c00000)
  object space 21504K, 18% used [0x0000000779600000,0x00000007799fa478,0x000000077ab00000)

Card table byte_map: [0x00007f79f49d3000,0x00007f79f4e09000] byte_map_base: 0x00007f79f0e08000

Polling page: 0x00007f79f8499000

Code Cache  [0x00007f79ed000000, 0x00007f79ed270000, 0x00007f79f0000000)
 total_blobs=230 nmethods=14 adapters=170 free_code_cache=48734Kb largest_free_block=49883904

Compilation events (10 events):
Event: 0.180 Thread 0x00007f79f0362800    9             java.lang.String::equals (81 bytes)
Event: 0.183 Thread 0x00007f79f0362800 nmethod 9 0x00007f79ed06a050 code [0x00007f79ed06a1a0, 0x00007f79ed06a438]
Event: 0.191 Thread 0x00007f79f0447800   10             java.lang.Object::<init> (1 bytes)
Event: 0.191 Thread 0x00007f79f0447800 nmethod 10 0x00007f79ed067990 code [0x00007f79ed067ac0, 0x00007f79ed067b58]
Event: 0.199 Thread 0x00007f79f0362800   12             java.util.BitSet::wordIndex (5 bytes)
Event: 0.199 Thread 0x00007f79f0447800   13             java.util.BitSet::checkInvariants (111 bytes)
Event: 0.199 Thread 0x00007f79f0362800 nmethod 12 0x00007f79ed065050 code [0x00007f79ed065180, 0x00007f79ed0651b8]
Event: 0.199 Thread 0x00007f79f0447800 nmethod 13 0x00007f79ed064e50 code [0x00007f79ed064f80, 0x00007f79ed064fd8]
Event: 0.210 Thread 0x00007f79f0362800   14             java.util.BitSet::get (69 bytes)
Event: 0.211 Thread 0x00007f79f0362800 nmethod 14 0x00007f79ed064b50 code [0x00007f79ed064ca0, 0x00007f79ed064d78]

GC Heap History (0 events):
No events

Deoptimization events (0 events):
No events

Internal exceptions (10 events):
Event: 0.182 Thread 0x00007f79f000c000 Threw 0x00000007d6f83788 at /build/buildd/openjdk-7-7u51-2.4.4/build/openjdk/hotspot/src/share/vm/prims/jvm.cpp:1244
Event: 0.183 Thread 0x00007f79f000c000 Threw 0x00000007d6f8b7b0 at /build/buildd/openjdk-7-7u51-2.4.4/build/openjdk/hotspot/src/share/vm/prims/jvm.cpp:1244
Event: 0.184 Thread 0x00007f79f000c000 Threw 0x00000007d6f919d8 at /build/buildd/openjdk-7-7u51-2.4.4/build/openjdk/hotspot/src/share/vm/prims/jvm.cpp:1244
Event: 0.184 Thread 0x00007f79f000c000 Threw 0x00000007d6f9b6e0 at /build/buildd/openjdk-7-7u51-2.4.4/build/openjdk/hotspot/src/share/vm/prims/jvm.cpp:1244
Event: 0.188 Thread 0x00007f79f000c000 Threw 0x00000007d6fb5e68 at /build/buildd/openjdk-7-7u51-2.4.4/build/openjdk/hotspot/src/share/vm/prims/jvm.cpp:1244
Event: 0.188 Thread 0x00007f79f000c000 Threw 0x00000007d6fbc960 at /build/buildd/openjdk-7-7u51-2.4.4/build/openjdk/hotspot/src/share/vm/prims/jvm.cpp:1244
Event: 0.190 Thread 0x00007f79f000c000 Threw 0x00000007d6fc9568 at /build/buildd/openjdk-7-7u51-2.4.4/build/openjdk/hotspot/src/share/vm/prims/jvm.cpp:1244
Event: 0.193 Thread 0x00007f79f000c000 Threw 0x00000007d6fdb4a0 at /build/buildd/openjdk-7-7u51-2.4.4/build/openjdk/hotspot/src/share/vm/prims/jvm.cpp:1244
Event: 0.200 Thread 0x00007f79f000c000 Threw 0x00000007d6ff8818 at /build/buildd/openjdk-7-7u51-2.4.4/build/openjdk/hotspot/src/share/vm/prims/jvm.cpp:1244
Event: 0.215 Thread 0x00007f79f000c000 Threw 0x00000007d7052f80 at /build/buildd/openjdk-7-7u51-2.4.4/build/openjdk/hotspot/src/share/vm/prims/jvm.cpp:1244

Events (10 events):
Event: 0.189 loading class 0x00007f79f4091120
Event: 0.189 loading class 0x00007f79f4091120 done
Event: 0.190 loading class 0x00007f79f03e8d30
Event: 0.190 loading class 0x00007f79f03e8d30 done
Event: 0.193 loading class 0x00007f79f03e8930
Event: 0.193 loading class 0x00007f79f03e8930 done
Event: 0.200 loading class 0x00007f79f0446ea0
Event: 0.200 loading class 0x00007f79f0446ea0 done
Event: 0.215 loading class 0x00007f79f0440d30
Event: 0.215 loading class 0x00007f79f0440d30 done


Dynamic libraries:
00400000-00401000 r-xp 00000000 08:06 14680799                           /usr/lib/jvm/java-7-openjdk-amd64/jre/bin/java
00600000-00601000 r--p 00000000 08:06 14680799                           /usr/lib/jvm/java-7-openjdk-amd64/jre/bin/java
00601000-00602000 rw-p 00001000 08:06 14680799                           /usr/lib/jvm/java-7-openjdk-amd64/jre/bin/java
01bdf000-01c00000 rw-p 00000000 00:00 0                                  [heap]
779600000-77ab00000 rw-p 00000000 00:00 0 
77ab00000-783c00000 rw-p 00000000 00:00 0 
783c00000-788e80000 rw-p 00000000 00:00 0 
788e80000-7d6900000 rw-p 00000000 00:00 0 
7d6900000-7d9280000 rw-p 00000000 00:00 0 
7d9280000-800000000 rw-p 00000000 00:00 0 
7f79a4000000-7f79a4021000 rw-p 00000000 00:00 0 
7f79a4021000-7f79a8000000 ---p 00000000 00:00 0 
7f79a8000000-7f79a8021000 rw-p 00000000 00:00 0 
7f79a8021000-7f79ac000000 ---p 00000000 00:00 0 
7f79ac000000-7f79ac0bd000 rw-p 00000000 00:00 0 
7f79ac0bd000-7f79b0000000 ---p 00000000 00:00 0 
7f79b0000000-7f79b00c6000 rw-p 00000000 00:00 0 
7f79b00c6000-7f79b4000000 ---p 00000000 00:00 0 
7f79b4000000-7f79b4021000 rw-p 00000000 00:00 0 
7f79b4021000-7f79b8000000 ---p 00000000 00:00 0 
7f79b8000000-7f79b8021000 rw-p 00000000 00:00 0 
7f79b8021000-7f79bc000000 ---p 00000000 00:00 0 
7f79bc000000-7f79bc021000 rw-p 00000000 00:00 0 
7f79bc021000-7f79c0000000 ---p 00000000 00:00 0 
7f79c0000000-7f79c0021000 rw-p 00000000 00:00 0 
7f79c0021000-7f79c4000000 ---p 00000000 00:00 0 
7f79c4000000-7f79c4021000 rw-p 00000000 00:00 0 
7f79c4021000-7f79c8000000 ---p 00000000 00:00 0 
7f79c840e000-7f79c865c000 rw-p 00000000 00:00 0 
7f79c865c000-7f79c865d000 ---p 00000000 00:00 0 
7f79c865d000-7f79c875d000 rw-p 00000000 00:00 0                          [stack:14743]
7f79c875d000-7f79c8760000 ---p 00000000 00:00 0 
7f79c8760000-7f79c885e000 rw-p 00000000 00:00 0                          [stack:14742]
7f79c885e000-7f79c8861000 ---p 00000000 00:00 0 
7f79c8861000-7f79c895f000 rw-p 00000000 00:00 0                          [stack:14741]
7f79c895f000-7f79c8962000 ---p 00000000 00:00 0 
7f79c8962000-7f79c8a60000 rw-p 00000000 00:00 0                          [stack:14740]
7f79c8a60000-7f79c8a70000 r-xp 00000000 08:06 14556287                   /usr/lib/jvm/java-7-openjdk-amd64/jre/lib/amd64/libnio.so
7f79c8a70000-7f79c8c70000 ---p 00010000 08:06 14556287                   /usr/lib/jvm/java-7-openjdk-amd64/jre/lib/amd64/libnio.so
7f79c8c70000-7f79c8c71000 r--p 00010000 08:06 14556287                   /usr/lib/jvm/java-7-openjdk-amd64/jre/lib/amd64/libnio.so
7f79c8c71000-7f79c8c72000 rw-p 00011000 08:06 14556287                   /usr/lib/jvm/java-7-openjdk-amd64/jre/lib/amd64/libnio.so
7f79c8c72000-7f79c8caf000 r-xp 00000000 08:06 26345535                   /lib/x86_64-linux-gnu/libpcre.so.3.13.1
7f79c8caf000-7f79c8eaf000 ---p 0003d000 08:06 26345535                   /lib/x86_64-linux-gnu/libpcre.so.3.13.1
7f79c8eaf000-7f79c8eb0000 r--p 0003d000 08:06 26345535                   /lib/x86_64-linux-gnu/libpcre.so.3.13.1
7f79c8eb0000-7f79c8eb1000 rw-p 0003e000 08:06 26345535                   /lib/x86_64-linux-gnu/libpcre.so.3.13.1
7f79c8eb1000-7f79c8eb8000 r-xp 00000000 08:06 13762792                   /usr/lib/x86_64-linux-gnu/libffi.so.6.0.1
7f79c8eb8000-7f79c90b7000 ---p 00007000 08:06 13762792                   /usr/lib/x86_64-linux-gnu/libffi.so.6.0.1
7f79c90b7000-7f79c90b8000 r--p 00006000 08:06 13762792                   /usr/lib/x86_64-linux-gnu/libffi.so.6.0.1
7f79c90b8000-7f79c90b9000 rw-p 00007000 08:06 13762792                   /usr/lib/x86_64-linux-gnu/libffi.so.6.0.1
7f79c90b9000-7f79c90cf000 r-xp 00000000 08:06 26345821                   /lib/x86_64-linux-gnu/libresolv-2.17.so
7f79c90cf000-7f79c92cf000 ---p 00016000 08:06 26345821                   /lib/x86_64-linux-gnu/libresolv-2.17.so
7f79c92cf000-7f79c92d0000 r--p 00016000 08:06 26345821                   /lib/x86_64-linux-gnu/libresolv-2.17.so
7f79c92d0000-7f79c92d1000 rw-p 00017000 08:06 26345821                   /lib/x86_64-linux-gnu/libresolv-2.17.so
7f79c92d1000-7f79c92d3000 rw-p 00000000 00:00 0 
7f79c92d3000-7f79c92f0000 r-xp 00000000 08:06 26349089                   /lib/x86_64-linux-gnu/libselinux.so.1
7f79c92f0000-7f79c94ef000 ---p 0001d000 08:06 26349089                   /lib/x86_64-linux-gnu/libselinux.so.1
7f79c94ef000-7f79c94f0000 r--p 0001c000 08:06 26349089                   /lib/x86_64-linux-gnu/libselinux.so.1
7f79c94f0000-7f79c94f1000 rw-p 0001d000 08:06 26349089                   /lib/x86_64-linux-gnu/libselinux.so.1
7f79c94f1000-7f79c94f2000 rw-p 00000000 00:00 0 
7f79c94f2000-7f79c94f5000 r-xp 00000000 08:06 13762607                   /usr/lib/x86_64-linux-gnu/libgmodule-2.0.so.0.3600.0
7f79c94f5000-7f79c96f4000 ---p 00003000 08:06 13762607                   /usr/lib/x86_64-linux-gnu/libgmodule-2.0.so.0.3600.0
7f79c96f4000-7f79c96f5000 r--p 00002000 08:06 13762607                   /usr/lib/x86_64-linux-gnu/libgmodule-2.0.so.0.3600.0
7f79c96f5000-7f79c96f6000 rw-p 00003000 08:06 13762607                   /usr/lib/x86_64-linux-gnu/libgmodule-2.0.so.0.3600.0
7f79c96f6000-7f79c97ef000 r-xp 00000000 08:06 26345537                   /lib/x86_64-linux-gnu/libglib-2.0.so.0.3600.0
7f79c97ef000-7f79c99ef000 ---p 000f9000 08:06 26345537                   /lib/x86_64-linux-gnu/libglib-2.0.so.0.3600.0
7f79c99ef000-7f79c99f0000 r--p 000f9000 08:06 26345537                   /lib/x86_64-linux-gnu/libglib-2.0.so.0.3600.0
7f79c99f0000-7f79c99f1000 rw-p 000fa000 08:06 26345537                   /lib/x86_64-linux-gnu/libglib-2.0.so.0.3600.0
7f79c99f1000-7f79c99f2000 rw-p 00000000 00:00 0 
7f79c99f2000-7f79c9a3f000 r-xp 00000000 08:06 13762608                   /usr/lib/x86_64-linux-gnu/libgobject-2.0.so.0.3600.0
7f79c9a3f000-7f79c9c3f000 ---p 0004d000 08:06 13762608                   /usr/lib/x86_64-linux-gnu/libgobject-2.0.so.0.3600.0
7f79c9c3f000-7f79c9c40000 r--p 0004d000 08:06 13762608                   /usr/lib/x86_64-linux-gnu/libgobject-2.0.so.0.3600.0
7f79c9c40000-7f79c9c41000 rw-p 0004e000 08:06 13762608                   /usr/lib/x86_64-linux-gnu/libgobject-2.0.so.0.3600.0
7f79c9c41000-7f79c9d94000 r-xp 00000000 08:06 13763481                   /usr/lib/x86_64-linux-gnu/libgio-2.0.so.0.3600.0
7f79c9d94000-7f79c9f93000 ---p 00153000 08:06 13763481                   /usr/lib/x86_64-linux-gnu/libgio-2.0.so.0.3600.0
7f79c9f93000-7f79c9f97000 r--p 00152000 08:06 13763481                   /usr/lib/x86_64-linux-gnu/libgio-2.0.so.0.3600.0
7f79c9f97000-7f79c9f99000 rw-p 00156000 08:06 13763481                   /usr/lib/x86_64-linux-gnu/libgio-2.0.so.0.3600.0
7f79c9f99000-7f79c9f9b000 rw-p 00000000 00:00 0 
7f79c9fbb000-7f79c9fd1000 r-xp 00000000 08:06 14556291                   /usr/lib/jvm/java-7-openjdk-amd64/jre/lib/amd64/libnet.so
7f79c9fd1000-7f79ca1d1000 ---p 00016000 08:06 14556291                   /usr/lib/jvm/java-7-openjdk-amd64/jre/lib/amd64/libnet.so
7f79ca1d1000-7f79ca1d2000 r--p 00016000 08:06 14556291                   /usr/lib/jvm/java-7-openjdk-amd64/jre/lib/amd64/libnet.so
7f79ca1d2000-7f79ca1d3000 rw-p 00017000 08:06 14556291                   /usr/lib/jvm/java-7-openjdk-amd64/jre/lib/amd64/libnet.so
7f79ca1d3000-7f79ca21c000 r--s 0042c000 08:06 19536646                   /home/hessahalkaoud/tools/yfiles-2.10.1.1-complete-eval/lib/y.jar
7f79ca21c000-7f79ca21f000 ---p 00000000 00:00 0 
7f79ca21f000-7f79ca31d000 rw-p 00000000 00:00 0                          [stack:14737]
7f79ca31d000-7f79ca5e6000 r--p 00000000 08:06 13762778                   /usr/lib/locale/locale-archive
7f79ca5e6000-7f79ca5e9000 ---p 00000000 00:00 0 
7f79ca5e9000-7f79ca6e7000 rw-p 00000000 00:00 0                          [stack:14736]
7f79ca6e7000-7f79ca6ea000 ---p 00000000 00:00 0 
7f79ca6ea000-7f79ca7e8000 rw-p 00000000 00:00 0                          [stack:14735]
7f79ca7e8000-7f79ca7e9000 ---p 00000000 00:00 0 
7f79ca7e9000-7f79cc000000 rw-p 00000000 00:00 0                          [stack:14734]
7f79cc000000-7f79cc021000 rw-p 00000000 00:00 0 
7f79cc021000-7f79d0000000 ---p 00000000 00:00 0 
7f79d0000000-7f79d0021000 rw-p 00000000 00:00 0 
7f79d0021000-7f79d4000000 ---p 00000000 00:00 0 
7f79d4000000-7f79d4021000 rw-p 00000000 00:00 0 
7f79d4021000-7f79d8000000 ---p 00000000 00:00 0 
7f79d8000000-7f79d8021000 rw-p 00000000 00:00 0 
7f79d8021000-7f79dc000000 ---p 00000000 00:00 0 
7f79dc000000-7f79dc021000 rw-p 00000000 00:00 0 
7f79dc021000-7f79e0000000 ---p 00000000 00:00 0 
7f79e0000000-7f79e0021000 rw-p 00000000 00:00 0 
7f79e0021000-7f79e4000000 ---p 00000000 00:00 0 
7f79e4000000-7f79e4021000 rw-p 00000000 00:00 0 
7f79e4021000-7f79e8000000 ---p 00000000 00:00 0 
7f79e8003000-7f79e8006000 rw-p 00000000 00:00 0 
7f79e8006000-7f79e800c000 r--s 0003d000 08:06 3277685                    /tmp/jacocoagent8407032596912343103.jar
7f79e800c000-7f79e800f000 r--s 0001f000 08:06 20322157                   /home/hessahalkaoud/tools/major/lib/ant-junit.jar
7f79e800f000-7f79e802c000 r--s 001b9000 08:06 20322169                   /home/hessahalkaoud/tools/major/lib/ant.jar
7f79e802c000-7f79e8051000 r--s 001c4000 08:06 3276986                    /home/hessahalkaoud/tools/javancss-32.53/lib/swingall.jar
7f79e8051000-7f79e8455000 rw-p 00000000 00:00 0 
7f79e8455000-7f79e8603000 r--s 01cf4000 08:06 14035151                   /usr/lib/jvm/java-7-openjdk-amd64/jre/lib/rt.jar
7f79e8603000-7f79ecdfe000 rw-p 00000000 00:00 0 
7f79ecdfe000-7f79ecdff000 ---p 00000000 00:00 0 
7f79ecdff000-7f79eceff000 rw-p 00000000 00:00 0                          [stack:14733]
7f79eceff000-7f79ecf00000 ---p 00000000 00:00 0 
7f79ecf00000-7f79ed000000 rw-p 00000000 00:00 0                          [stack:14732]
7f79ed000000-7f79ed270000 rwxp 00000000 00:00 0 
7f79ed270000-7f79f0468000 rw-p 00000000 00:00 0 
7f79f0468000-7f79f4000000 ---p 00000000 00:00 0 
7f79f4000000-7f79f4002000 r--s 00002000 08:06 20322164                   /home/hessahalkaoud/tools/major/lib/ant-junit4.jar
7f79f4002000-7f79f4003000 r--s 00004000 08:06 20322147                   /home/hessahalkaoud/tools/major/lib/ant-launcher.jar
7f79f4003000-7f79f4006000 r--s 0001b000 08:06 20322171                   /home/hessahalkaoud/tools/major/lib/junit-3.8.2.jar
7f79f4006000-7f79f4007000 r--s 00005000 08:06 19536622                   /home/hessahalkaoud/tools/yfiles-2.10.1.1-complete-eval/tutorial/lib/csvjdbc.jar
7f79f4007000-7f79f400a000 r--s 0004f000 08:06 19275036                   /home/hessahalkaoud/tools/javancss-32.53/lib/javancss.jar
7f79f400a000-7f79f400e000 r--s 00030000 08:06 19275042                   /home/hessahalkaoud/tools/javancss-32.53/lib/jhbasic.jar
7f79f400e000-7f79f4014000 r--s 00055000 08:06 19275040                   /home/hessahalkaoud/tools/javancss-32.53/lib/ccl.jar
7f79f4014000-7f79f4015000 r--s 00000000 08:06 19800833                   /home/hessahalkaoud/tools/major/config/config.jar
7f79f4015000-7f79f40e3000 rw-p 00000000 00:00 0 
7f79f40e3000-7f79f40e4000 ---p 00000000 00:00 0 
7f79f40e4000-7f79f41e4000 rw-p 00000000 00:00 0                          [stack:14731]
7f79f41e4000-7f79f41e5000 ---p 00000000 00:00 0 
7f79f41e5000-7f79f42e5000 rw-p 00000000 00:00 0                          [stack:14730]
7f79f42e5000-7f79f42e6000 ---p 00000000 00:00 0 
7f79f42e6000-7f79f43e6000 rw-p 00000000 00:00 0                          [stack:14729]
7f79f43e6000-7f79f43e7000 ---p 00000000 00:00 0 
7f79f43e7000-7f79f44e7000 rw-p 00000000 00:00 0                          [stack:14728]
7f79f44e7000-7f79f44e8000 ---p 00000000 00:00 0 
7f79f44e8000-7f79f45e8000 rw-p 00000000 00:00 0                          [stack:14727]
7f79f45e8000-7f79f45e9000 ---p 00000000 00:00 0 
7f79f45e9000-7f79f46f4000 rw-p 00000000 00:00 0                          [stack:14726]
7f79f46f4000-7f79f473c000 rw-p 00000000 00:00 0 
7f79f473c000-7f79f4766000 rw-p 00000000 00:00 0 
7f79f4766000-7f79f49d3000 rw-p 00000000 00:00 0 
7f79f49d3000-7f79f49de000 rw-p 00000000 00:00 0 
7f79f49de000-7f79f4a26000 rw-p 00000000 00:00 0 
7f79f4a26000-7f79f4a50000 rw-p 00000000 00:00 0 
7f79f4a50000-7f79f4cbc000 rw-p 00000000 00:00 0 
7f79f4cbc000-7f79f4cd2000 rw-p 00000000 00:00 0 
7f79f4cd2000-7f79f4e08000 rw-p 00000000 00:00 0 
7f79f4e08000-7f79f4e09000 rw-p 00000000 00:00 0 
7f79f4e09000-7f79f4e11000 r-xp 00000000 08:06 14556315                   /usr/lib/jvm/java-7-openjdk-amd64/jre/lib/amd64/libzip.so
7f79f4e11000-7f79f5010000 ---p 00008000 08:06 14556315                   /usr/lib/jvm/java-7-openjdk-amd64/jre/lib/amd64/libzip.so
7f79f5010000-7f79f5011000 r--p 00007000 08:06 14556315                   /usr/lib/jvm/java-7-openjdk-amd64/jre/lib/amd64/libzip.so
7f79f5011000-7f79f5012000 rw-p 00008000 08:06 14556315                   /usr/lib/jvm/java-7-openjdk-amd64/jre/lib/amd64/libzip.so
7f79f5012000-7f79f501e000 r-xp 00000000 08:06 26345830                   /lib/x86_64-linux-gnu/libnss_files-2.17.so
7f79f501e000-7f79f521d000 ---p 0000c000 08:06 26345830                   /lib/x86_64-linux-gnu/libnss_files-2.17.so
7f79f521d000-7f79f521e000 r--p 0000b000 08:06 26345830                   /lib/x86_64-linux-gnu/libnss_files-2.17.so
7f79f521e000-7f79f521f000 rw-p 0000c000 08:06 26345830                   /lib/x86_64-linux-gnu/libnss_files-2.17.so
7f79f521f000-7f79f522a000 r-xp 00000000 08:06 26345837                   /lib/x86_64-linux-gnu/libnss_nis-2.17.so
7f79f522a000-7f79f5429000 ---p 0000b000 08:06 26345837                   /lib/x86_64-linux-gnu/libnss_nis-2.17.so
7f79f5429000-7f79f542a000 r--p 0000a000 08:06 26345837                   /lib/x86_64-linux-gnu/libnss_nis-2.17.so
7f79f542a000-7f79f542b000 rw-p 0000b000 08:06 26345837                   /lib/x86_64-linux-gnu/libnss_nis-2.17.so
7f79f542b000-7f79f5442000 r-xp 00000000 08:06 26345825                   /lib/x86_64-linux-gnu/libnsl-2.17.so
7f79f5442000-7f79f5641000 ---p 00017000 08:06 26345825                   /lib/x86_64-linux-gnu/libnsl-2.17.so
7f79f5641000-7f79f5642000 r--p 00016000 08:06 26345825                   /lib/x86_64-linux-gnu/libnsl-2.17.so
7f79f5642000-7f79f5643000 rw-p 00017000 08:06 26345825                   /lib/x86_64-linux-gnu/libnsl-2.17.so
7f79f5643000-7f79f5645000 rw-p 00000000 00:00 0 
7f79f5645000-7f79f564d000 r-xp 00000000 08:06 26345839                   /lib/x86_64-linux-gnu/libnss_compat-2.17.so
7f79f564d000-7f79f584c000 ---p 00008000 08:06 26345839                   /lib/x86_64-linux-gnu/libnss_compat-2.17.so
7f79f584c000-7f79f584d000 r--p 00007000 08:06 26345839                   /lib/x86_64-linux-gnu/libnss_compat-2.17.so
7f79f584d000-7f79f584e000 rw-p 00008000 08:06 26345839                   /lib/x86_64-linux-gnu/libnss_compat-2.17.so
7f79f584e000-7f79f5858000 r-xp 00000000 08:06 14556281                   /usr/lib/jvm/java-7-openjdk-amd64/jre/lib/amd64/libinstrument.so
7f79f5858000-7f79f5a57000 ---p 0000a000 08:06 14556281                   /usr/lib/jvm/java-7-openjdk-amd64/jre/lib/amd64/libinstrument.so
7f79f5a57000-7f79f5a58000 r--p 00009000 08:06 14556281                   /usr/lib/jvm/java-7-openjdk-amd64/jre/lib/amd64/libinstrument.so
7f79f5a58000-7f79f5a59000 rw-p 0000a000 08:06 14556281                   /usr/lib/jvm/java-7-openjdk-amd64/jre/lib/amd64/libinstrument.so
7f79f5a59000-7f79f5a84000 r-xp 00000000 08:06 14556300                   /usr/lib/jvm/java-7-openjdk-amd64/jre/lib/amd64/libjava.so
7f79f5a84000-7f79f5c83000 ---p 0002b000 08:06 14556300                   /usr/lib/jvm/java-7-openjdk-amd64/jre/lib/amd64/libjava.so
7f79f5c83000-7f79f5c84000 r--p 0002a000 08:06 14556300                   /usr/lib/jvm/java-7-openjdk-amd64/jre/lib/amd64/libjava.so
7f79f5c84000-7f79f5c86000 rw-p 0002b000 08:06 14556300                   /usr/lib/jvm/java-7-openjdk-amd64/jre/lib/amd64/libjava.so
7f79f5c86000-7f79f5c95000 r-xp 00000000 08:06 14556299                   /usr/lib/jvm/java-7-openjdk-amd64/jre/lib/amd64/libverify.so
7f79f5c95000-7f79f5e94000 ---p 0000f000 08:06 14556299                   /usr/lib/jvm/java-7-openjdk-amd64/jre/lib/amd64/libverify.so
7f79f5e94000-7f79f5e96000 r--p 0000e000 08:06 14556299                   /usr/lib/jvm/java-7-openjdk-amd64/jre/lib/amd64/libverify.so
7f79f5e96000-7f79f5e97000 rw-p 00010000 08:06 14556299                   /usr/lib/jvm/java-7-openjdk-amd64/jre/lib/amd64/libverify.so
7f79f5e97000-7f79f5e9e000 r-xp 00000000 08:06 26345833                   /lib/x86_64-linux-gnu/librt-2.17.so
7f79f5e9e000-7f79f609d000 ---p 00007000 08:06 26345833                   /lib/x86_64-linux-gnu/librt-2.17.so
7f79f609d000-7f79f609e000 r--p 00006000 08:06 26345833                   /lib/x86_64-linux-gnu/librt-2.17.so
7f79f609e000-7f79f609f000 rw-p 00007000 08:06 26345833                   /lib/x86_64-linux-gnu/librt-2.17.so
7f79f609f000-7f79f60b3000 r-xp 00000000 08:06 26345893                   /lib/x86_64-linux-gnu/libgcc_s.so.1
7f79f60b3000-7f79f62b3000 ---p 00014000 08:06 26345893                   /lib/x86_64-linux-gnu/libgcc_s.so.1
7f79f62b3000-7f79f62b4000 r--p 00014000 08:06 26345893                   /lib/x86_64-linux-gnu/libgcc_s.so.1
7f79f62b4000-7f79f62b5000 rw-p 00015000 08:06 26345893                   /lib/x86_64-linux-gnu/libgcc_s.so.1
7f79f62b5000-7f79f63b8000 r-xp 00000000 08:06 26345838                   /lib/x86_64-linux-gnu/libm-2.17.so
7f79f63b8000-7f79f65b8000 ---p 00103000 08:06 26345838                   /lib/x86_64-linux-gnu/libm-2.17.so
7f79f65b8000-7f79f65b9000 r--p 00103000 08:06 26345838                   /lib/x86_64-linux-gnu/libm-2.17.so
7f79f65b9000-7f79f65ba000 rw-p 00104000 08:06 26345838                   /lib/x86_64-linux-gnu/libm-2.17.so
7f79f65ba000-7f79f669f000 r-xp 00000000 08:06 13763333                   /usr/lib/x86_64-linux-gnu/libstdc++.so.6.0.17
7f79f669f000-7f79f689e000 ---p 000e5000 08:06 13763333                   /usr/lib/x86_64-linux-gnu/libstdc++.so.6.0.17
7f79f689e000-7f79f68a6000 r--p 000e4000 08:06 13763333                   /usr/lib/x86_64-linux-gnu/libstdc++.so.6.0.17
7f79f68a6000-7f79f68a8000 rw-p 000ec000 08:06 13763333                   /usr/lib/x86_64-linux-gnu/libstdc++.so.6.0.17
7f79f68a8000-7f79f68bd000 rw-p 00000000 00:00 0 
7f79f68bd000-7f79f7383000 r-xp 00000000 08:06 14556304                   /usr/lib/jvm/java-7-openjdk-amd64/jre/lib/amd64/server/libjvm.so
7f79f7383000-7f79f7583000 ---p 00ac6000 08:06 14556304                   /usr/lib/jvm/java-7-openjdk-amd64/jre/lib/amd64/server/libjvm.so
7f79f7583000-7f79f761b000 r--p 00ac6000 08:06 14556304                   /usr/lib/jvm/java-7-openjdk-amd64/jre/lib/amd64/server/libjvm.so
7f79f761b000-7f79f763e000 rw-p 00b5e000 08:06 14556304                   /usr/lib/jvm/java-7-openjdk-amd64/jre/lib/amd64/server/libjvm.so
7f79f763e000-7f79f766b000 rw-p 00000000 00:00 0 
7f79f766b000-7f79f7681000 r-xp 00000000 08:06 26345847                   /lib/x86_64-linux-gnu/libz.so.1.2.7
7f79f7681000-7f79f7880000 ---p 00016000 08:06 26345847                   /lib/x86_64-linux-gnu/libz.so.1.2.7
7f79f7880000-7f79f7881000 r--p 00015000 08:06 26345847                   /lib/x86_64-linux-gnu/libz.so.1.2.7
7f79f7881000-7f79f7882000 rw-p 00016000 08:06 26345847                   /lib/x86_64-linux-gnu/libz.so.1.2.7
7f79f7882000-7f79f789a000 r-xp 00000000 08:06 26345826                   /lib/x86_64-linux-gnu/libpthread-2.17.so
7f79f789a000-7f79f7a99000 ---p 00018000 08:06 26345826                   /lib/x86_64-linux-gnu/libpthread-2.17.so
7f79f7a99000-7f79f7a9a000 r--p 00017000 08:06 26345826                   /lib/x86_64-linux-gnu/libpthread-2.17.so
7f79f7a9a000-7f79f7a9b000 rw-p 00018000 08:06 26345826                   /lib/x86_64-linux-gnu/libpthread-2.17.so
7f79f7a9b000-7f79f7a9f000 rw-p 00000000 00:00 0 
7f79f7a9f000-7f79f7aa2000 r-xp 00000000 08:06 26345829                   /lib/x86_64-linux-gnu/libdl-2.17.so
7f79f7aa2000-7f79f7ca1000 ---p 00003000 08:06 26345829                   /lib/x86_64-linux-gnu/libdl-2.17.so
7f79f7ca1000-7f79f7ca2000 r--p 00002000 08:06 26345829                   /lib/x86_64-linux-gnu/libdl-2.17.so
7f79f7ca2000-7f79f7ca3000 rw-p 00003000 08:06 26345829                   /lib/x86_64-linux-gnu/libdl-2.17.so
7f79f7ca3000-7f79f7e62000 r-xp 00000000 08:06 26345841                   /lib/x86_64-linux-gnu/libc-2.17.so
7f79f7e62000-7f79f8061000 ---p 001bf000 08:06 26345841                   /lib/x86_64-linux-gnu/libc-2.17.so
7f79f8061000-7f79f8065000 r--p 001be000 08:06 26345841                   /lib/x86_64-linux-gnu/libc-2.17.so
7f79f8065000-7f79f8067000 rw-p 001c2000 08:06 26345841                   /lib/x86_64-linux-gnu/libc-2.17.so
7f79f8067000-7f79f806c000 rw-p 00000000 00:00 0 
7f79f806c000-7f79f8079000 r-xp 00000000 08:06 14556284                   /usr/lib/jvm/java-7-openjdk-amd64/jre/lib/amd64/jli/libjli.so
7f79f8079000-7f79f8278000 ---p 0000d000 08:06 14556284                   /usr/lib/jvm/java-7-openjdk-amd64/jre/lib/amd64/jli/libjli.so
7f79f8278000-7f79f8279000 r--p 0000c000 08:06 14556284                   /usr/lib/jvm/java-7-openjdk-amd64/jre/lib/amd64/jli/libjli.so
7f79f8279000-7f79f827a000 rw-p 0000d000 08:06 14556284                   /usr/lib/jvm/java-7-openjdk-amd64/jre/lib/amd64/jli/libjli.so
7f79f827a000-7f79f829d000 r-xp 00000000 08:06 26345819                   /lib/x86_64-linux-gnu/ld-2.17.so
7f79f829d000-7f79f82a3000 r--s 00036000 08:06 21364738                   /home/hessahalkaoud/.m2/repository/junit/junit/4.11/junit-4.11.jar
7f79f82a3000-7f79f82ab000 r--s 00028000 08:06 19276072                   /home/hessahalkaoud/.m2/repository/xml-apis/xml-apis/1.3.04/xml-apis-1.3.04.jar
7f79f82ab000-7f79f82b4000 r--s 00073000 08:06 18616499                   /home/hessahalkaoud/.m2/repository/org/jfree/jcommon/1.0.17/jcommon-1.0.17.jar
7f79f82b4000-7f79f82be000 rw-p 00000000 00:00 0 
7f79f82be000-7f79f8374000 rw-p 00000000 00:00 0 
7f79f8374000-7f79f8377000 ---p 00000000 00:00 0 
7f79f8377000-7f79f847a000 rw-p 00000000 00:00 0                          [stack:14725]
7f79f847a000-7f79f847c000 r--s 00009000 08:06 21364742                   /home/hessahalkaoud/.m2/repository/org/hamcrest/hamcrest-core/1.3/hamcrest-core-1.3.jar
7f79f847c000-7f79f847e000 r--s 00018000 08:06 22158312                   /home/hessahalkaoud/.m2/repository/javax/servlet/servlet-api/2.5/servlet-api-2.5.jar
7f79f847e000-7f79f8480000 r--s 00006000 08:06 14297499                   /usr/share/java/java-atk-wrapper.jar
7f79f8480000-7f79f8484000 r--s 00085000 08:06 14164722                   /usr/lib/jvm/java-7-openjdk-amd64/jre/lib/ext/localedata.jar
7f79f8484000-7f79f8488000 r--s 0003b000 08:06 14158419                   /usr/lib/jvm/java-7-openjdk-amd64/jre/lib/ext/sunpkcs11.jar
7f79f8488000-7f79f848b000 r--s 00032000 08:06 14159129                   /usr/lib/jvm/java-7-openjdk-amd64/jre/lib/ext/sunjce_provider.jar
7f79f848b000-7f79f848d000 r--s 00012000 08:06 14164716                   /usr/lib/jvm/java-7-openjdk-amd64/jre/lib/ext/zipfs.jar
7f79f848d000-7f79f848e000 r--s 00002000 08:06 14164718                   /usr/lib/jvm/java-7-openjdk-amd64/jre/lib/ext/dnsns.jar
7f79f848e000-7f79f8490000 r--s 0000f000 08:06 14164720                   /usr/lib/jvm/java-7-openjdk-amd64/jre/lib/ext/pulse-java.jar
7f79f8490000-7f79f8498000 rw-s 00000000 08:06 3277177                    /tmp/hsperfdata_hessahalkaoud/14722
7f79f8498000-7f79f8499000 rw-p 00000000 00:00 0 
7f79f8499000-7f79f849a000 r--p 00000000 00:00 0 
7f79f849a000-7f79f849c000 rw-p 00000000 00:00 0 
7f79f849c000-7f79f849d000 r--p 00022000 08:06 26345819                   /lib/x86_64-linux-gnu/ld-2.17.so
7f79f849d000-7f79f849f000 rw-p 00023000 08:06 26345819                   /lib/x86_64-linux-gnu/ld-2.17.so
7fff4fae4000-7fff4fb06000 rw-p 00000000 00:00 0                          [stack]
7fff4fbfe000-7fff4fc00000 r-xp 00000000 00:00 0                          [vdso]
ffffffffff600000-ffffffffff601000 r-xp 00000000 00:00 0                  [vsyscall]

VM Arguments:
jvm_args: -javaagent:/tmp/jacocoagent8407032596912343103.jar=destfile=/home/hessahalkaoud/github/Quality-of-Test-suites-for-TDD-applications/source_code/jfreechart-1.0.17/jacocoReport/jacoco.exec -Dbasedir=. 
java_command: org.apache.tools.ant.taskdefs.optional.junit.JUnitTestRunner org.jfree.chart.axis.DateTickUnitTest filtertrace=true haltOnError=false haltOnFailure=false formatter=org.apache.tools.ant.taskdefs.optional.junit.SummaryJUnitResultFormatter showoutput=false outputtoformatters=true logfailedtests=true logtestlistenerevents=false formatter=org.apache.tools.ant.taskdefs.optional.junit.PlainJUnitResultFormatter crashfile=/home/hessahalkaoud/github/Quality-of-Test-suites-for-TDD-applications/source_code/jfreechart-1.0.17/junitvmwatcher8680933051822642419.properties propsfile=/home/hessahalkaoud/github/Quality-of-Test-suites-for-TDD-applications/source_code/jfreechart-1.0.17/junit3848774092691617514.properties
Launcher Type: SUN_STANDARD

Environment Variables:
CLASSPATH=:/home/hessahalkaoud/tools/major/config/config.jar:/home/hessahalkaoud/tools/javancss-32.53/lib/ccl.jar:/home/hessahalkaoud/tools/javancss-32.53/lib/jhbasic.jar:/home/hessahalkaoud/tools/javancss-32.53/lib/javancss.jar:/home/hessahalkaoud/tools/javancss-32.53/lib/swingall.jar:/home/hessahalkaoud/tools/yfiles-2.10.1.1-complete-eval/lib/y.jar:/home/hessahalkaoud/tools/yfiles-2.10.1.1-complete-eval/tutorial/lib/csvjdbc.jar
PATH=/home/hessahalkaoud/tools/javancss-32.53/bin:/home/hessahalkaoud/tools/major/bin:/usr/lib/lightdm/lightdm:/usr/local/sbin:/usr/local/bin:/usr/sbin:/usr/bin:/sbin:/bin:/usr/games:/usr/local/games
SHELL=/bin/bash
DISPLAY=:0

Signal Handlers:
SIGSEGV: [libjvm.so+0x8f8310], sa_mask[0]=0x7ffbfeff, sa_flags=0x10000004
SIGBUS: [libjvm.so+0x8f8310], sa_mask[0]=0x7ffbfeff, sa_flags=0x10000004
SIGFPE: [libjvm.so+0x781ce0], sa_mask[0]=0x7ffbfeff, sa_flags=0x10000004
SIGPIPE: [libjvm.so+0x781ce0], sa_mask[0]=0x7ffbfeff, sa_flags=0x10000004
SIGXFSZ: [libjvm.so+0x781ce0], sa_mask[0]=0x7ffbfeff, sa_flags=0x10000004
SIGILL: [libjvm.so+0x781ce0], sa_mask[0]=0x7ffbfeff, sa_flags=0x10000004
SIGUSR1: SIG_DFL, sa_mask[0]=0x00000000, sa_flags=0x00000000
SIGUSR2: [libjvm.so+0x781fd0], sa_mask[0]=0x00000004, sa_flags=0x10000004
SIGHUP: [libjvm.so+0x782140], sa_mask[0]=0x7ffbfeff, sa_flags=0x10000004
SIGINT: [libjvm.so+0x782140], sa_mask[0]=0x7ffbfeff, sa_flags=0x10000004
SIGTERM: [libjvm.so+0x782140], sa_mask[0]=0x7ffbfeff, sa_flags=0x10000004
SIGQUIT: [libjvm.so+0x782140], sa_mask[0]=0x7ffbfeff, sa_flags=0x10000004


---------------  S Y S T E M  ---------------

OS:Ubuntu 13.04 (raring)
uname:Linux 3.8.0-35-generic #50-Ubuntu SMP Tue Dec 3 01:24:59 UTC 2013 x86_64
libc:glibc 2.17 NPTL 2.17 
rlimit: STACK 8192k, CORE 0k, NPROC 63427, NOFILE 4096, AS infinity
load average:6.66 5.23 4.98

/proc/meminfo:
MemTotal:        8137900 kB
MemFree:         1825632 kB
Buffers:          842524 kB
Cached:          1740868 kB
SwapCached:        38640 kB
Active:          4250176 kB
Inactive:        1469884 kB
Active(anon):    3075580 kB
Inactive(anon):    79152 kB
Active(file):    1174596 kB
Inactive(file):  1390732 kB
Unevictable:          32 kB
Mlocked:              32 kB
SwapTotal:       8345596 kB
SwapFree:        6106756 kB
Dirty:               336 kB
Writeback:             0 kB
AnonPages:       3099492 kB
Mapped:           264644 kB
Shmem:             18324 kB
Slab:             423932 kB
SReclaimable:     372848 kB
SUnreclaim:        51084 kB
KernelStack:        5352 kB
PageTables:        44476 kB
NFS_Unstable:          0 kB
Bounce:                0 kB
WritebackTmp:          0 kB
CommitLimit:    12414544 kB
Committed_AS:    9488836 kB
VmallocTotal:   34359738367 kB
VmallocUsed:       97316 kB
VmallocChunk:   34359573520 kB
HardwareCorrupted:     0 kB
AnonHugePages:         0 kB
HugePages_Total:       0
HugePages_Free:        0
HugePages_Rsvd:        0
HugePages_Surp:        0
Hugepagesize:       2048 kB
DirectMap4k:       71680 kB
DirectMap2M:     8292352 kB


CPU:total 8 (4 cores per cpu, 2 threads per core) family 6 model 58 stepping 9, cmov, cx8, fxsr, mmx, sse, sse2, sse3, ssse3, sse4.1, sse4.2, popcnt, avx, aes, erms, ht, tsc, tscinvbit, tscinv

/proc/cpuinfo:
processor	: 0
vendor_id	: GenuineIntel
cpu family	: 6
model		: 58
model name	: Intel(R) Core(TM) i7-3770 CPU @ 3.40GHz
stepping	: 9
microcode	: 0x12
cpu MHz		: 3401.000
cache size	: 8192 KB
physical id	: 0
siblings	: 8
core id		: 0
cpu cores	: 4
apicid		: 0
initial apicid	: 0
fpu		: yes
fpu_exception	: yes
cpuid level	: 13
wp		: yes
flags		: fpu vme de pse tsc msr pae mce cx8 apic sep mtrr pge mca cmov pat pse36 clflush dts acpi mmx fxsr sse sse2 ss ht tm pbe syscall nx rdtscp lm constant_tsc arch_perfmon pebs bts rep_good nopl xtopology nonstop_tsc aperfmperf eagerfpu pni pclmulqdq dtes64 monitor ds_cpl vmx smx est tm2 ssse3 cx16 xtpr pdcm pcid sse4_1 sse4_2 x2apic popcnt tsc_deadline_timer aes xsave avx f16c rdrand lahf_lm ida arat epb xsaveopt pln pts dtherm tpr_shadow vnmi flexpriority ept vpid fsgsbase smep erms
bogomips	: 6791.37
clflush size	: 64
cache_alignment	: 64
address sizes	: 36 bits physical, 48 bits virtual
power management:

processor	: 1
vendor_id	: GenuineIntel
cpu family	: 6
model		: 58
model name	: Intel(R) Core(TM) i7-3770 CPU @ 3.40GHz
stepping	: 9
microcode	: 0x12
cpu MHz		: 2800.000
cache size	: 8192 KB
physical id	: 0
siblings	: 8
core id		: 1
cpu cores	: 4
apicid		: 2
initial apicid	: 2
fpu		: yes
fpu_exception	: yes
cpuid level	: 13
wp		: yes
flags		: fpu vme de pse tsc msr pae mce cx8 apic sep mtrr pge mca cmov pat pse36 clflush dts acpi mmx fxsr sse sse2 ss ht tm pbe syscall nx rdtscp lm constant_tsc arch_perfmon pebs bts rep_good nopl xtopology nonstop_tsc aperfmperf eagerfpu pni pclmulqdq dtes64 monitor ds_cpl vmx smx est tm2 ssse3 cx16 xtpr pdcm pcid sse4_1 sse4_2 x2apic popcnt tsc_deadline_timer aes xsave avx f16c rdrand lahf_lm ida arat epb xsaveopt pln pts dtherm tpr_shadow vnmi flexpriority ept vpid fsgsbase smep erms
bogomips	: 6791.37
clflush size	: 64
cache_alignment	: 64
address sizes	: 36 bits physical, 48 bits virtual
power management:

processor	: 2
vendor_id	: GenuineIntel
cpu family	: 6
model		: 58
model name	: Intel(R) Core(TM) i7-3770 CPU @ 3.40GHz
stepping	: 9
microcode	: 0x12
cpu MHz		: 3401.000
cache size	: 8192 KB
physical id	: 0
siblings	: 8
core id		: 2
cpu cores	: 4
apicid		: 4
initial apicid	: 4
fpu		: yes
fpu_exception	: yes
cpuid level	: 13
wp		: yes
flags		: fpu vme de pse tsc msr pae mce cx8 apic sep mtrr pge mca cmov pat pse36 clflush dts acpi mmx fxsr sse sse2 ss ht tm pbe syscall nx rdtscp lm constant_tsc arch_perfmon pebs bts rep_good nopl xtopology nonstop_tsc aperfmperf eagerfpu pni pclmulqdq dtes64 monitor ds_cpl vmx smx est tm2 ssse3 cx16 xtpr pdcm pcid sse4_1 sse4_2 x2apic popcnt tsc_deadline_timer aes xsave avx f16c rdrand lahf_lm ida arat epb xsaveopt pln pts dtherm tpr_shadow vnmi flexpriority ept vpid fsgsbase smep erms
bogomips	: 6791.37
clflush size	: 64
cache_alignment	: 64
address sizes	: 36 bits physical, 48 bits virtual
power management:

processor	: 3
vendor_id	: GenuineIntel
cpu family	: 6
model		: 58
model name	: Intel(R) Core(TM) i7-3770 CPU @ 3.40GHz
stepping	: 9
microcode	: 0x12
cpu MHz		: 1600.000
cache size	: 8192 KB
physical id	: 0
siblings	: 8
core id		: 3
cpu cores	: 4
apicid		: 6
initial apicid	: 6
fpu		: yes
fpu_exception	: yes
cpuid level	: 13
wp		: yes
flags		: fpu vme de pse tsc msr pae mce cx8 apic sep mtrr pge mca cmov pat pse36 clflush dts acpi mmx fxsr sse sse2 ss ht tm pbe syscall nx rdtscp lm constant_tsc arch_perfmon pebs bts rep_good nopl xtopology nonstop_tsc aperfmperf eagerfpu pni pclmulqdq dtes64 monitor ds_cpl vmx smx est tm2 ssse3 cx16 xtpr pdcm pcid sse4_1 sse4_2 x2apic popcnt tsc_deadline_timer aes xsave avx f16c rdrand lahf_lm ida arat epb xsaveopt pln pts dtherm tpr_shadow vnmi flexpriority ept vpid fsgsbase smep erms
bogomips	: 6791.37
clflush size	: 64
cache_alignment	: 64
address sizes	: 36 bits physical, 48 bits virtual
power management:

processor	: 4
vendor_id	: GenuineIntel
cpu family	: 6
model		: 58
model name	: Intel(R) Core(TM) i7-3770 CPU @ 3.40GHz
stepping	: 9
microcode	: 0x12
cpu MHz		: 3401.000
cache size	: 8192 KB
physical id	: 0
siblings	: 8
core id		: 0
cpu cores	: 4
apicid		: 1
initial apicid	: 1
fpu		: yes
fpu_exception	: yes
cpuid level	: 13
wp		: yes
flags		: fpu vme de pse tsc msr pae mce cx8 apic sep mtrr pge mca cmov pat pse36 clflush dts acpi mmx fxsr sse sse2 ss ht tm pbe syscall nx rdtscp lm constant_tsc arch_perfmon pebs bts rep_good nopl xtopology nonstop_tsc aperfmperf eagerfpu pni pclmulqdq dtes64 monitor ds_cpl vmx smx est tm2 ssse3 cx16 xtpr pdcm pcid sse4_1 sse4_2 x2apic popcnt tsc_deadline_timer aes xsave avx f16c rdrand lahf_lm ida arat epb xsaveopt pln pts dtherm tpr_shadow vnmi flexpriority ept vpid fsgsbase smep erms
bogomips	: 6791.37
clflush size	: 64
cache_alignment	: 64
address sizes	: 36 bits physical, 48 bits virtual
power management:

processor	: 5
vendor_id	: GenuineIntel
cpu family	: 6
model		: 58
model name	: Intel(R) Core(TM) i7-3770 CPU @ 3.40GHz
stepping	: 9
microcode	: 0x12
cpu MHz		: 3401.000
cache size	: 8192 KB
physical id	: 0
siblings	: 8
core id		: 1
cpu cores	: 4
apicid		: 3
initial apicid	: 3
fpu		: yes
fpu_exception	: yes
cpuid level	: 13
wp		: yes
flags		: fpu vme de pse tsc msr pae mce cx8 apic sep mtrr pge mca cmov pat pse36 clflush dts acpi mmx fxsr sse sse2 ss ht tm pbe syscall nx rdtscp lm constant_tsc arch_perfmon pebs bts rep_good nopl xtopology nonstop_tsc aperfmperf eagerfpu pni pclmulqdq dtes64 monitor ds_cpl vmx smx est tm2 ssse3 cx16 xtpr pdcm pcid sse4_1 sse4_2 x2apic popcnt tsc_deadline_timer aes xsave avx f16c rdrand lahf_lm ida arat epb xsaveopt pln pts dtherm tpr_shadow vnmi flexpriority ept vpid fsgsbase smep erms
bogomips	: 6791.37
clflush size	: 64
cache_alignment	: 64
address sizes	: 36 bits physical, 48 bits virtual
power management:

processor	: 6
vendor_id	: GenuineIntel
cpu family	: 6
model		: 58
model name	: Intel(R) Core(TM) i7-3770 CPU @ 3.40GHz
stepping	: 9
microcode	: 0x12
cpu MHz		: 1600.000
cache size	: 8192 KB
physical id	: 0
siblings	: 8
core id		: 2
cpu cores	: 4
apicid		: 5
initial apicid	: 5
fpu		: yes
fpu_exception	: yes
cpuid level	: 13
wp		: yes
flags		: fpu vme de pse tsc msr pae mce cx8 apic sep mtrr pge mca cmov pat pse36 clflush dts acpi mmx fxsr sse sse2 ss ht tm pbe syscall nx rdtscp lm constant_tsc arch_perfmon pebs bts rep_good nopl xtopology nonstop_tsc aperfmperf eagerfpu pni pclmulqdq dtes64 monitor ds_cpl vmx smx est tm2 ssse3 cx16 xtpr pdcm pcid sse4_1 sse4_2 x2apic popcnt tsc_deadline_timer aes xsave avx f16c rdrand lahf_lm ida arat epb xsaveopt pln pts dtherm tpr_shadow vnmi flexpriority ept vpid fsgsbase smep erms
bogomips	: 6791.37
clflush size	: 64
cache_alignment	: 64
address sizes	: 36 bits physical, 48 bits virtual
power management:

processor	: 7
vendor_id	: GenuineIntel
cpu family	: 6
model		: 58
model name	: Intel(R) Core(TM) i7-3770 CPU @ 3.40GHz
stepping	: 9
microcode	: 0x12
cpu MHz		: 3401.000
cache size	: 8192 KB
physical id	: 0
siblings	: 8
core id		: 3
cpu cores	: 4
apicid		: 7
initial apicid	: 7
fpu		: yes
fpu_exception	: yes
cpuid level	: 13
wp		: yes
flags		: fpu vme de pse tsc msr pae mce cx8 apic sep mtrr pge mca cmov pat pse36 clflush dts acpi mmx fxsr sse sse2 ss ht tm pbe syscall nx rdtscp lm constant_tsc arch_perfmon pebs bts rep_good nopl xtopology nonstop_tsc aperfmperf eagerfpu pni pclmulqdq dtes64 monitor ds_cpl vmx smx est tm2 ssse3 cx16 xtpr pdcm pcid sse4_1 sse4_2 x2apic popcnt tsc_deadline_timer aes xsave avx f16c rdrand lahf_lm ida arat epb xsaveopt pln pts dtherm tpr_shadow vnmi flexpriority ept vpid fsgsbase smep erms
bogomips	: 6791.37
clflush size	: 64
cache_alignment	: 64
address sizes	: 36 bits physical, 48 bits virtual
power management:



Memory: 4k page, physical 8137900k(1825632k free), swap 8345596k(6106756k free)

vm_info: OpenJDK 64-Bit Server VM (24.45-b08) for linux-amd64 JRE (1.7.0_51-b00), built on Jan 16 2014 18:17:06 by "buildd" with gcc 4.7.3

time: Tue Nov 25 16:31:51 2014
elapsed time: 0 seconds

