#
# A fatal error has been detected by the Java Runtime Environment:
#
#  SIGBUS (0x7) at pc=0x00007f7fbe8b802d, pid=15989, tid=140186691430144
#
# JRE version: OpenJDK Runtime Environment (7.0_51) (build 1.7.0_51-b00)
# Java VM: OpenJDK 64-Bit Server VM (24.45-b08 mixed mode linux-amd64 compressed oops)
# Problematic frame:
# C  [libzip.so+0x502d]  Java_java_util_zip_ZipFile_getZipMessage+0x114d
#
# Failed to write core dump. Core dumps have been disabled. To enable core dumping, try "ulimit -c unlimited" before starting Java again
#
# If you would like to submit a bug report, please include
# instructions on how to reproduce the bug and visit:
#   http://icedtea.classpath.org/bugzilla
# The crash happened outside the Java Virtual Machine in native code.
# See problematic frame for where to report the bug.
#

---------------  T H R E A D  ---------------

Current thread (0x00007f7fb800c000):  JavaThread "main" [_thread_in_native, id=15992, stack(0x00007f7fc1e1e000,0x00007f7fc1f1f000)]

siginfo:si_signo=SIGBUS: si_errno=0, si_code=2 (BUS_ADRERR), si_addr=0x00007f7fc1d4814e

Registers:
RAX=0x00007f7fb83a3960, RBX=0x00007f7fb8237b50, RCX=0x00007f7fc1d48131, RDX=0x00007f7fb83a3960
RSP=0x00007f7fc1f1a480, RBP=0x00007f7fc1f1a4e0, RSI=0x0000000000000960, RDI=0x0000000000000003
R8 =0x00007f7fc1f1a550, R9 =0x0000000000000048, R10=0x0000000000000005, R11=0x00007f7fb8000078
R12=0x00007f7fb8238038, R13=0x00007f7fc1f1a550, R14=0x00007f7fb83a3960, R15=0x00000000d297ea42
RIP=0x00007f7fbe8b802d, EFLAGS=0x0000000000010202, CSGSFS=0x0000000000000033, ERR=0x0000000000000004
  TRAPNO=0x000000000000000e

Top of Stack: (sp=0x00007f7fc1f1a480)
0x00007f7fc1f1a480:   00007f7fc1f1ab40 00007f7fc18cb0c0
0x00007f7fc1f1a490:   00000000c1f1acd8 00007f7fc0ab768c
0x00007f7fc1f1a4a0:   72662f74696e756a 00007f7fc1f1a550
0x00007f7fc1f1a4b0:   00007f7fb8237b50 00007f7fb8238030
0x00007f7fc1f1a4c0:   00007f7fb8237b50 00007f7fc1f1a550
0x00007f7fc1f1a4d0:   00007f7fb8237b00 00000000d297ea42
0x00007f7fc1f1a4e0:   00007f7fc1f1a530 00007f7fbe8b8e3d
0x00007f7fc1f1a4f0:   0000000100000000 00000022c179b1e4
0x00007f7fc1f1a500:   00007f7fb800c000 00007f7fc1f1a550
0x00007f7fc1f1a510:   00007f7fc1f1aa28 00007f7fc1f1a550
0x00007f7fc1f1a520:   0000000000000022 00007f7fb800c1d8
0x00007f7fc1f1a530:   00007f7fc1f1a990 00007f7fbe8b69b3
0x00007f7fc1f1a540:   00000001b800c000 00007f7fb8237b50
0x00007f7fc1f1a550:   72662f74696e756a 2f6b726f77656d61
0x00007f7fc1f1a560:   7473694c74736554 616c632e72656e65
0x00007f7fc1f1a570:   00007f7f00007373 00000000000004dc
0x00007f7fc1f1a580:   0000000a00000000 0000000000000000
0x00007f7fc1f1a590:   0000000000000000 00007f7fc1f1aaf4
0x00007f7fc1f1a5a0:   0000000000000000 0000000000000020
0x00007f7fc1f1a5b0:   ffffffffffffffff 00007f7fc1796942
0x00007f7fc1f1a5c0:   00007f7f00000000 00007f7fb800cd00
0x00007f7fc1f1a5d0:   00207f7f00000003 00007f7f00000000
0x00007f7fc1f1a5e0:   00007f7fc1f1aaf8 00000007799c2748
0x00007f7fc1f1a5f0:   00007f7fb80096f0 0000000000000000
0x00007f7fc1f1a600:   0000000000000002 00007f7fc0c9861e
0x00007f7fc1f1a610:   00007f7fc0c9862d 0000000000000658
0x00007f7fc1f1a620:   00007f7fc1f1a650 00007f7f00000000
0x00007f7fc1f1a630:   00007f7f00000000 0000000000000000
0x00007f7fc1f1a640:   00000000000000cb 00007f7fc1f1a680
0x00007f7fc1f1a650:   00007fff1bdfed01 0000000000000000
0x00007f7fc1f1a660:   0000000000000004 0000000000000000
0x00007f7fc1f1a670:   00007f7f00000000 00007f7fc17c9b0e 

Instructions: (pc=0x00007f7fbe8b802d)
0x00007f7fbe8b800d:   73 48 48 8b 7b 10 b9 a0 00 00 00 49 8b 14 24 e8
0x00007f7fbe8b801d:   7f fe ff ff 48 89 c1 48 85 c9 0f 84 7b 02 00 00
0x00007f7fbe8b802d:   0f b6 51 1d 0f b6 41 1c 45 31 e4 0f b6 71 0c 0f
0x00007f7fbe8b803d:   b6 79 0e 44 0f b6 79 1f c1 e2 08 09 c2 0f b6 41 

Register to memory mapping:

RAX=0x00007f7fb83a3960 is an unknown value
RBX=0x00007f7fb8237b50 is an unknown value
RCX=0x00007f7fc1d48131 is an unknown value
RDX=0x00007f7fb83a3960 is an unknown value
RSP=0x00007f7fc1f1a480 is pointing into the stack for thread: 0x00007f7fb800c000
RBP=0x00007f7fc1f1a4e0 is pointing into the stack for thread: 0x00007f7fb800c000
RSI=0x0000000000000960 is an unknown value
RDI=0x0000000000000003 is an unknown value
R8 =0x00007f7fc1f1a550 is pointing into the stack for thread: 0x00007f7fb800c000
R9 =0x0000000000000048 is an unknown value
R10=0x0000000000000005 is an unknown value
R11=0x00007f7fb8000078 is an unknown value
R12=0x00007f7fb8238038 is an unknown value
R13=0x00007f7fc1f1a550 is pointing into the stack for thread: 0x00007f7fb800c000
R14=0x00007f7fb83a3960 is an unknown value
R15=0x00000000d297ea42 is an unknown value


Stack: [0x00007f7fc1e1e000,0x00007f7fc1f1f000],  sp=0x00007f7fc1f1a480,  free space=1009k
Native frames: (J=compiled Java code, j=interpreted, Vv=VM code, C=native code)
C  [libzip.so+0x502d]  Java_java_util_zip_ZipFile_getZipMessage+0x114d
C  [libzip.so+0x5e3d]  ZIP_GetEntry+0xcd
C  [libzip.so+0x39b3]  Java_java_util_zip_ZipFile_getEntry+0xb3
j  java.util.zip.ZipFile.getEntry(J[BZ)J+0
j  java.util.zip.ZipFile.getEntry(Ljava/lang/String;)Ljava/util/zip/ZipEntry;+38
j  java.util.jar.JarFile.getEntry(Ljava/lang/String;)Ljava/util/zip/ZipEntry;+2
j  java.util.jar.JarFile.getJarEntry(Ljava/lang/String;)Ljava/util/jar/JarEntry;+2
j  sun.misc.URLClassPath$JarLoader.getResource(Ljava/lang/String;Z)Lsun/misc/Resource;+48
j  sun.misc.URLClassPath.getResource(Ljava/lang/String;Z)Lsun/misc/Resource;+53
j  java.net.URLClassLoader$1.run()Ljava/lang/Class;+26
j  java.net.URLClassLoader$1.run()Ljava/lang/Object;+1
v  ~StubRoutines::call_stub
V  [libjvm.so+0x5ba11c]  JavaCalls::call_helper(JavaValue*, methodHandle*, JavaCallArguments*, Thread*)+0x31c
V  [libjvm.so+0x5b9bd5]  JavaCalls::call(JavaValue*, methodHandle, JavaCallArguments*, Thread*)+0x25
V  [libjvm.so+0x600b90]  JVM_DoPrivileged+0x470
j  java.security.AccessController.doPrivileged(Ljava/security/PrivilegedExceptionAction;Ljava/security/AccessControlContext;)Ljava/lang/Object;+0
j  java.net.URLClassLoader.findClass(Ljava/lang/String;)Ljava/lang/Class;+13
j  java.lang.ClassLoader.loadClass(Ljava/lang/String;Z)Ljava/lang/Class;+70
j  sun.misc.Launcher$AppClassLoader.loadClass(Ljava/lang/String;Z)Ljava/lang/Class;+36
j  java.lang.ClassLoader.loadClass(Ljava/lang/String;)Ljava/lang/Class;+3
v  ~StubRoutines::call_stub
V  [libjvm.so+0x5ba11c]  JavaCalls::call_helper(JavaValue*, methodHandle*, JavaCallArguments*, Thread*)+0x31c
V  [libjvm.so+0x5b92f5]  JavaCalls::call_virtual(JavaValue*, KlassHandle, Symbol*, Symbol*, JavaCallArguments*, Thread*)+0x1d5
V  [libjvm.so+0x5b93bb]  JavaCalls::call_virtual(JavaValue*, Handle, KlassHandle, Symbol*, Symbol*, Handle, Thread*)+0x5b
V  [libjvm.so+0x87f0d4]  SystemDictionary::load_instance_class(Symbol*, Handle, Thread*)+0x414
V  [libjvm.so+0x87d87c]  SystemDictionary::resolve_instance_class_or_null(Symbol*, Handle, Handle, Thread*)+0x87c
V  [libjvm.so+0x87e28a]  SystemDictionary::resolve_super_or_fail(Symbol*, Symbol*, Handle, Handle, bool, Thread*)+0x18a
V  [libjvm.so+0x3da970]  ClassFileParser::parse_interfaces(constantPoolHandle, int, Handle, Handle, Symbol*, Thread*)+0x1c0
V  [libjvm.so+0x3e8621]  ClassFileParser::parseClassFile(Symbol*, Handle, Handle, KlassHandle, GrowableArray<Handle>*, TempNewSymbol&, bool, Thread*)+0xd11
V  [libjvm.so+0x87bcb1]  SystemDictionary::resolve_from_stream(Symbol*, Handle, Handle, ClassFileStream*, bool, Thread*)+0xe1
V  [libjvm.so+0x5f17ba]  jvm_define_class_common(JNIEnv_*, char const*, _jobject*, signed char const*, int, _jobject*, char const*, unsigned char, Thread*)+0x23a
V  [libjvm.so+0x5f2f43]  JVM_DefineClassWithSource+0xa3
C  [libjava.so+0xdb26]  Java_java_lang_ClassLoader_defineClass1+0x2d6
j  java.lang.ClassLoader.defineClass1(Ljava/lang/String;[BIILjava/security/ProtectionDomain;Ljava/lang/String;)Ljava/lang/Class;+0
j  java.lang.ClassLoader.defineClass(Ljava/lang/String;[BIILjava/security/ProtectionDomain;)Ljava/lang/Class;+30
j  java.security.SecureClassLoader.defineClass(Ljava/lang/String;[BIILjava/security/CodeSource;)Ljava/lang/Class;+12
j  java.net.URLClassLoader.defineClass(Ljava/lang/String;Lsun/misc/Resource;)Ljava/lang/Class;+220
j  java.net.URLClassLoader.access$100(Ljava/net/URLClassLoader;Ljava/lang/String;Lsun/misc/Resource;)Ljava/lang/Class;+3
j  java.net.URLClassLoader$1.run()Ljava/lang/Class;+43
j  java.net.URLClassLoader$1.run()Ljava/lang/Object;+1
v  ~StubRoutines::call_stub
V  [libjvm.so+0x5ba11c]  JavaCalls::call_helper(JavaValue*, methodHandle*, JavaCallArguments*, Thread*)+0x31c
V  [libjvm.so+0x5b9bd5]  JavaCalls::call(JavaValue*, methodHandle, JavaCallArguments*, Thread*)+0x25
V  [libjvm.so+0x600b90]  JVM_DoPrivileged+0x470
j  java.security.AccessController.doPrivileged(Ljava/security/PrivilegedExceptionAction;Ljava/security/AccessControlContext;)Ljava/lang/Object;+0
j  java.net.URLClassLoader.findClass(Ljava/lang/String;)Ljava/lang/Class;+13
j  java.lang.ClassLoader.loadClass(Ljava/lang/String;Z)Ljava/lang/Class;+70
j  sun.misc.Launcher$AppClassLoader.loadClass(Ljava/lang/String;Z)Ljava/lang/Class;+36
j  java.lang.ClassLoader.loadClass(Ljava/lang/String;)Ljava/lang/Class;+3
j  sun.launcher.LauncherHelper.checkAndLoadMain(ZILjava/lang/String;)Ljava/lang/Class;+114
v  ~StubRoutines::call_stub
V  [libjvm.so+0x5ba11c]  JavaCalls::call_helper(JavaValue*, methodHandle*, JavaCallArguments*, Thread*)+0x31c
V  [libjvm.so+0x5b9bd5]  JavaCalls::call(JavaValue*, methodHandle, JavaCallArguments*, Thread*)+0x25
V  [libjvm.so+0x5c521f]  jni_invoke_static(JNIEnv_*, JavaValue*, _jobject*, JNICallType, _jmethodID*, JNI_ArgumentPusher*, Thread*) [clone .isra.124] [clone .constprop.154]+0x13f
V  [libjvm.so+0x5cfecf]  jni_CallStaticObjectMethod+0x11f
C  [libjli.so+0x312d]  __strcat_chk+0x312d

Java frames: (J=compiled Java code, j=interpreted, Vv=VM code)
j  java.util.zip.ZipFile.getEntry(J[BZ)J+0
j  java.util.zip.ZipFile.getEntry(Ljava/lang/String;)Ljava/util/zip/ZipEntry;+38
j  java.util.jar.JarFile.getEntry(Ljava/lang/String;)Ljava/util/zip/ZipEntry;+2
j  java.util.jar.JarFile.getJarEntry(Ljava/lang/String;)Ljava/util/jar/JarEntry;+2
j  sun.misc.URLClassPath$JarLoader.getResource(Ljava/lang/String;Z)Lsun/misc/Resource;+48
j  sun.misc.URLClassPath.getResource(Ljava/lang/String;Z)Lsun/misc/Resource;+53
j  java.net.URLClassLoader$1.run()Ljava/lang/Class;+26
j  java.net.URLClassLoader$1.run()Ljava/lang/Object;+1
v  ~StubRoutines::call_stub
j  java.security.AccessController.doPrivileged(Ljava/security/PrivilegedExceptionAction;Ljava/security/AccessControlContext;)Ljava/lang/Object;+0
j  java.net.URLClassLoader.findClass(Ljava/lang/String;)Ljava/lang/Class;+13
j  java.lang.ClassLoader.loadClass(Ljava/lang/String;Z)Ljava/lang/Class;+70
j  sun.misc.Launcher$AppClassLoader.loadClass(Ljava/lang/String;Z)Ljava/lang/Class;+36
j  java.lang.ClassLoader.loadClass(Ljava/lang/String;)Ljava/lang/Class;+3
v  ~StubRoutines::call_stub
j  java.lang.ClassLoader.defineClass1(Ljava/lang/String;[BIILjava/security/ProtectionDomain;Ljava/lang/String;)Ljava/lang/Class;+0
j  java.lang.ClassLoader.defineClass(Ljava/lang/String;[BIILjava/security/ProtectionDomain;)Ljava/lang/Class;+30
j  java.security.SecureClassLoader.defineClass(Ljava/lang/String;[BIILjava/security/CodeSource;)Ljava/lang/Class;+12
j  java.net.URLClassLoader.defineClass(Ljava/lang/String;Lsun/misc/Resource;)Ljava/lang/Class;+220
j  java.net.URLClassLoader.access$100(Ljava/net/URLClassLoader;Ljava/lang/String;Lsun/misc/Resource;)Ljava/lang/Class;+3
j  java.net.URLClassLoader$1.run()Ljava/lang/Class;+43
j  java.net.URLClassLoader$1.run()Ljava/lang/Object;+1
v  ~StubRoutines::call_stub
j  java.security.AccessController.doPrivileged(Ljava/security/PrivilegedExceptionAction;Ljava/security/AccessControlContext;)Ljava/lang/Object;+0
j  java.net.URLClassLoader.findClass(Ljava/lang/String;)Ljava/lang/Class;+13
j  java.lang.ClassLoader.loadClass(Ljava/lang/String;Z)Ljava/lang/Class;+70
j  sun.misc.Launcher$AppClassLoader.loadClass(Ljava/lang/String;Z)Ljava/lang/Class;+36
j  java.lang.ClassLoader.loadClass(Ljava/lang/String;)Ljava/lang/Class;+3
j  sun.launcher.LauncherHelper.checkAndLoadMain(ZILjava/lang/String;)Ljava/lang/Class;+114
v  ~StubRoutines::call_stub

---------------  P R O C E S S  ---------------

Java Threads: ( => current thread )
  0x00007f7fb8369000 JavaThread "Service Thread" daemon [_thread_blocked, id=16008, stack(0x00007f7fa6541000,0x00007f7fa6642000)]
  0x00007f7fb843f000 JavaThread "C2 CompilerThread1" daemon [_thread_blocked, id=16007, stack(0x00007f7fa6642000,0x00007f7fa6743000)]
  0x00007f7fb843a800 JavaThread "C2 CompilerThread0" daemon [_thread_blocked, id=16006, stack(0x00007f7fa6743000,0x00007f7fa6844000)]
  0x00007f7fb81f0800 JavaThread "Signal Dispatcher" daemon [_thread_blocked, id=16004, stack(0x00007f7fb402a000,0x00007f7fb412b000)]
  0x00007f7fb81cd800 JavaThread "Finalizer" daemon [_thread_blocked, id=16003, stack(0x00007f7fb43f4000,0x00007f7fb44f5000)]
  0x00007f7fb81cb800 JavaThread "Reference Handler" daemon [_thread_blocked, id=16002, stack(0x00007f7fb44f5000,0x00007f7fb45f6000)]
=>0x00007f7fb800c000 JavaThread "main" [_thread_in_native, id=15992, stack(0x00007f7fc1e1e000,0x00007f7fc1f1f000)]

Other Threads:
  0x00007f7fb81c7000 VMThread [stack: 0x00007f7fb45f6000,0x00007f7fb46f7000] [id=16001]
  0x00007f7fb842a800 WatcherThread [stack: 0x00007f7fa6440000,0x00007f7fa6541000] [id=16009]

VM state:not at safepoint (normal execution)

VM Mutex/Monitor currently owned by a thread: None

Heap
 PSYoungGen      total 37376K, used 8588K [0x00000007d6900000, 0x00000007d9280000, 0x0000000800000000)
  eden space 32256K, 26% used [0x00000007d6900000,0x00000007d71630a8,0x00000007d8880000)
  from space 5120K, 0% used [0x00000007d8d80000,0x00000007d8d80000,0x00000007d9280000)
  to   space 5120K, 0% used [0x00000007d8880000,0x00000007d8880000,0x00000007d8d80000)
 ParOldGen       total 84480K, used 0K [0x0000000783c00000, 0x0000000788e80000, 0x00000007d6900000)
  object space 84480K, 0% used [0x0000000783c00000,0x0000000783c00000,0x0000000788e80000)
 PSPermGen       total 21504K, used 4077K [0x0000000779600000, 0x000000077ab00000, 0x0000000783c00000)
  object space 21504K, 18% used [0x0000000779600000,0x00000007799fb650,0x000000077ab00000)

Card table byte_map: [0x00007f7fbe47d000,0x00007f7fbe8b3000] byte_map_base: 0x00007f7fba8b2000

Polling page: 0x00007f7fc1f43000

Code Cache  [0x00007f7fb5000000, 0x00007f7fb5270000, 0x00007f7fb8000000)
 total_blobs=234 nmethods=18 adapters=170 free_code_cache=48724Kb largest_free_block=49865280

Compilation events (10 events):
Event: 0.186 Thread 0x00007f7fb843f000 nmethod 14 0x00007f7fb5068850 code [0x00007f7fb50689a0, 0x00007f7fb5068c38]
Event: 0.190 Thread 0x00007f7fb843a800 nmethod 11 0x00007f7fb506ea10 code [0x00007f7fb506ec60, 0x00007f7fb506fcd8]
Event: 0.193 Thread 0x00007f7fb843f000   15             java.lang.Object::<init> (1 bytes)
Event: 0.193 Thread 0x00007f7fb843f000 nmethod 15 0x00007f7fb5068010 code [0x00007f7fb5068140, 0x00007f7fb50681d8]
Event: 0.207 Thread 0x00007f7fb843a800   16             java.util.BitSet::wordIndex (5 bytes)
Event: 0.207 Thread 0x00007f7fb843f000   17             java.util.BitSet::checkInvariants (111 bytes)
Event: 0.207 Thread 0x00007f7fb843a800 nmethod 16 0x00007f7fb5067c50 code [0x00007f7fb5067d80, 0x00007f7fb5067db8]
Event: 0.207 Thread 0x00007f7fb843f000 nmethod 17 0x00007f7fb5067a50 code [0x00007f7fb5067b80, 0x00007f7fb5067bd8]
Event: 0.220 Thread 0x00007f7fb843a800   18             java.util.BitSet::get (69 bytes)
Event: 0.221 Thread 0x00007f7fb843a800 nmethod 18 0x00007f7fb5071ad0 code [0x00007f7fb5071c20, 0x00007f7fb5071cf8]

GC Heap History (0 events):
No events

Deoptimization events (0 events):
No events

Internal exceptions (10 events):
Event: 0.188 Thread 0x00007f7fb800c000 Threw 0x00000007d6ff3cc0 at /build/buildd/openjdk-7-7u51-2.4.4/build/openjdk/hotspot/src/share/vm/prims/jvm.cpp:1244
Event: 0.189 Thread 0x00007f7fb800c000 Threw 0x00000007d6ffd118 at /build/buildd/openjdk-7-7u51-2.4.4/build/openjdk/hotspot/src/share/vm/prims/jvm.cpp:1244
Event: 0.189 Thread 0x00007f7fb800c000 Threw 0x00000007d70048c0 at /build/buildd/openjdk-7-7u51-2.4.4/build/openjdk/hotspot/src/share/vm/prims/jvm.cpp:1244
Event: 0.190 Thread 0x00007f7fb800c000 Threw 0x00000007d700f578 at /build/buildd/openjdk-7-7u51-2.4.4/build/openjdk/hotspot/src/share/vm/prims/jvm.cpp:1244
Event: 0.194 Thread 0x00007f7fb800c000 Threw 0x00000007d702b3a8 at /build/buildd/openjdk-7-7u51-2.4.4/build/openjdk/hotspot/src/share/vm/prims/jvm.cpp:1244
Event: 0.195 Thread 0x00007f7fb800c000 Threw 0x00000007d7033460 at /build/buildd/openjdk-7-7u51-2.4.4/build/openjdk/hotspot/src/share/vm/prims/jvm.cpp:1244
Event: 0.198 Thread 0x00007f7fb800c000 Threw 0x00000007d7041598 at /build/buildd/openjdk-7-7u51-2.4.4/build/openjdk/hotspot/src/share/vm/prims/jvm.cpp:1244
Event: 0.201 Thread 0x00007f7fb800c000 Threw 0x00000007d7054948 at /build/buildd/openjdk-7-7u51-2.4.4/build/openjdk/hotspot/src/share/vm/prims/jvm.cpp:1244
Event: 0.208 Thread 0x00007f7fb800c000 Threw 0x00000007d7073150 at /build/buildd/openjdk-7-7u51-2.4.4/build/openjdk/hotspot/src/share/vm/prims/jvm.cpp:1244
Event: 0.225 Thread 0x00007f7fb800c000 Threw 0x00000007d70ceec8 at /build/buildd/openjdk-7-7u51-2.4.4/build/openjdk/hotspot/src/share/vm/prims/jvm.cpp:1244

Events (10 events):
Event: 0.196 loading class 0x00007f7fbd504120
Event: 0.196 loading class 0x00007f7fbd504120 done
Event: 0.198 loading class 0x00007f7fb845b790
Event: 0.198 loading class 0x00007f7fb845b790 done
Event: 0.201 loading class 0x00007f7fb845b390
Event: 0.201 loading class 0x00007f7fb845b390 done
Event: 0.208 loading class 0x00007f7fb843d6b0
Event: 0.208 loading class 0x00007f7fb843d6b0 done
Event: 0.225 loading class 0x00007f7fb83a2710
Event: 0.225 loading class 0x00007f7fb83a2710 done


Dynamic libraries:
00400000-00401000 r-xp 00000000 08:06 14680799                           /usr/lib/jvm/java-7-openjdk-amd64/jre/bin/java
00600000-00601000 r--p 00000000 08:06 14680799                           /usr/lib/jvm/java-7-openjdk-amd64/jre/bin/java
00601000-00602000 rw-p 00001000 08:06 14680799                           /usr/lib/jvm/java-7-openjdk-amd64/jre/bin/java
01dd2000-01df3000 rw-p 00000000 00:00 0                                  [heap]
779600000-77ab00000 rw-p 00000000 00:00 0 
77ab00000-783c00000 rw-p 00000000 00:00 0 
783c00000-788e80000 rw-p 00000000 00:00 0 
788e80000-7d6900000 rw-p 00000000 00:00 0 
7d6900000-7d9280000 rw-p 00000000 00:00 0 
7d9280000-800000000 rw-p 00000000 00:00 0 
7f7f58000000-7f7f58021000 rw-p 00000000 00:00 0 
7f7f58021000-7f7f5c000000 ---p 00000000 00:00 0 
7f7f60000000-7f7f600e5000 rw-p 00000000 00:00 0 
7f7f600e5000-7f7f64000000 ---p 00000000 00:00 0 
7f7f64000000-7f7f64021000 rw-p 00000000 00:00 0 
7f7f64021000-7f7f68000000 ---p 00000000 00:00 0 
7f7f68000000-7f7f68021000 rw-p 00000000 00:00 0 
7f7f68021000-7f7f6c000000 ---p 00000000 00:00 0 
7f7f6c000000-7f7f6c16f000 rw-p 00000000 00:00 0 
7f7f6c16f000-7f7f70000000 ---p 00000000 00:00 0 
7f7f70000000-7f7f70021000 rw-p 00000000 00:00 0 
7f7f70021000-7f7f74000000 ---p 00000000 00:00 0 
7f7f74000000-7f7f74021000 rw-p 00000000 00:00 0 
7f7f74021000-7f7f78000000 ---p 00000000 00:00 0 
7f7f78000000-7f7f78021000 rw-p 00000000 00:00 0 
7f7f78021000-7f7f7c000000 ---p 00000000 00:00 0 
7f7f7fcb0000-7f7f84000000 rw-p 00000000 00:00 0 
7f7f84000000-7f7f84021000 rw-p 00000000 00:00 0 
7f7f84021000-7f7f88000000 ---p 00000000 00:00 0 
7f7f88000000-7f7f88021000 rw-p 00000000 00:00 0 
7f7f88021000-7f7f8c000000 ---p 00000000 00:00 0 
7f7f90000000-7f7f90021000 rw-p 00000000 00:00 0 
7f7f90021000-7f7f94000000 ---p 00000000 00:00 0 
7f7f98000000-7f7f98021000 rw-p 00000000 00:00 0 
7f7f98021000-7f7f9c000000 ---p 00000000 00:00 0 
7f7fa0000000-7f7fa0021000 rw-p 00000000 00:00 0 
7f7fa0021000-7f7fa4000000 ---p 00000000 00:00 0 
7f7fa61f2000-7f7fa6440000 rw-p 00000000 00:00 0 
7f7fa6440000-7f7fa6441000 ---p 00000000 00:00 0 
7f7fa6441000-7f7fa6541000 rw-p 00000000 00:00 0                          [stack:16009]
7f7fa6541000-7f7fa6544000 ---p 00000000 00:00 0 
7f7fa6544000-7f7fa6642000 rw-p 00000000 00:00 0                          [stack:16008]
7f7fa6642000-7f7fa6645000 ---p 00000000 00:00 0 
7f7fa6645000-7f7fa6743000 rw-p 00000000 00:00 0                          [stack:16007]
7f7fa6743000-7f7fa6746000 ---p 00000000 00:00 0 
7f7fa6746000-7f7fa6844000 rw-p 00000000 00:00 0                          [stack:16006]
7f7fa6844000-7f7fa6854000 r-xp 00000000 08:06 14556287                   /usr/lib/jvm/java-7-openjdk-amd64/jre/lib/amd64/libnio.so
7f7fa6854000-7f7fa6a54000 ---p 00010000 08:06 14556287                   /usr/lib/jvm/java-7-openjdk-amd64/jre/lib/amd64/libnio.so
7f7fa6a54000-7f7fa6a55000 r--p 00010000 08:06 14556287                   /usr/lib/jvm/java-7-openjdk-amd64/jre/lib/amd64/libnio.so
7f7fa6a55000-7f7fa6a56000 rw-p 00011000 08:06 14556287                   /usr/lib/jvm/java-7-openjdk-amd64/jre/lib/amd64/libnio.so
7f7fa6a56000-7f7fa6a93000 r-xp 00000000 08:06 26345535                   /lib/x86_64-linux-gnu/libpcre.so.3.13.1
7f7fa6a93000-7f7fa6c93000 ---p 0003d000 08:06 26345535                   /lib/x86_64-linux-gnu/libpcre.so.3.13.1
7f7fa6c93000-7f7fa6c94000 r--p 0003d000 08:06 26345535                   /lib/x86_64-linux-gnu/libpcre.so.3.13.1
7f7fa6c94000-7f7fa6c95000 rw-p 0003e000 08:06 26345535                   /lib/x86_64-linux-gnu/libpcre.so.3.13.1
7f7fa6c95000-7f7fa6c9c000 r-xp 00000000 08:06 13762792                   /usr/lib/x86_64-linux-gnu/libffi.so.6.0.1
7f7fa6c9c000-7f7fa6e9b000 ---p 00007000 08:06 13762792                   /usr/lib/x86_64-linux-gnu/libffi.so.6.0.1
7f7fa6e9b000-7f7fa6e9c000 r--p 00006000 08:06 13762792                   /usr/lib/x86_64-linux-gnu/libffi.so.6.0.1
7f7fa6e9c000-7f7fa6e9d000 rw-p 00007000 08:06 13762792                   /usr/lib/x86_64-linux-gnu/libffi.so.6.0.1
7f7fa6e9d000-7f7fa6eb3000 r-xp 00000000 08:06 26345821                   /lib/x86_64-linux-gnu/libresolv-2.17.so
7f7fa6eb3000-7f7fa70b3000 ---p 00016000 08:06 26345821                   /lib/x86_64-linux-gnu/libresolv-2.17.so
7f7fa70b3000-7f7fa70b4000 r--p 00016000 08:06 26345821                   /lib/x86_64-linux-gnu/libresolv-2.17.so
7f7fa70b4000-7f7fa70b5000 rw-p 00017000 08:06 26345821                   /lib/x86_64-linux-gnu/libresolv-2.17.so
7f7fa70b5000-7f7fa70b7000 rw-p 00000000 00:00 0 
7f7fa70b7000-7f7fa70d4000 r-xp 00000000 08:06 26349089                   /lib/x86_64-linux-gnu/libselinux.so.1
7f7fa70d4000-7f7fa72d3000 ---p 0001d000 08:06 26349089                   /lib/x86_64-linux-gnu/libselinux.so.1
7f7fa72d3000-7f7fa72d4000 r--p 0001c000 08:06 26349089                   /lib/x86_64-linux-gnu/libselinux.so.1
7f7fa72d4000-7f7fa72d5000 rw-p 0001d000 08:06 26349089                   /lib/x86_64-linux-gnu/libselinux.so.1
7f7fa72d5000-7f7fa72d6000 rw-p 00000000 00:00 0 
7f7fa72d6000-7f7fa72d9000 r-xp 00000000 08:06 13762607                   /usr/lib/x86_64-linux-gnu/libgmodule-2.0.so.0.3600.0
7f7fa72d9000-7f7fa74d8000 ---p 00003000 08:06 13762607                   /usr/lib/x86_64-linux-gnu/libgmodule-2.0.so.0.3600.0
7f7fa74d8000-7f7fa74d9000 r--p 00002000 08:06 13762607                   /usr/lib/x86_64-linux-gnu/libgmodule-2.0.so.0.3600.0
7f7fa74d9000-7f7fa74da000 rw-p 00003000 08:06 13762607                   /usr/lib/x86_64-linux-gnu/libgmodule-2.0.so.0.3600.0
7f7fa74da000-7f7fa75d3000 r-xp 00000000 08:06 26345537                   /lib/x86_64-linux-gnu/libglib-2.0.so.0.3600.0
7f7fa75d3000-7f7fa77d3000 ---p 000f9000 08:06 26345537                   /lib/x86_64-linux-gnu/libglib-2.0.so.0.3600.0
7f7fa77d3000-7f7fa77d4000 r--p 000f9000 08:06 26345537                   /lib/x86_64-linux-gnu/libglib-2.0.so.0.3600.0
7f7fa77d4000-7f7fa77d5000 rw-p 000fa000 08:06 26345537                   /lib/x86_64-linux-gnu/libglib-2.0.so.0.3600.0
7f7fa77d5000-7f7fa77d6000 rw-p 00000000 00:00 0 
7f7fa77d6000-7f7fa7823000 r-xp 00000000 08:06 13762608                   /usr/lib/x86_64-linux-gnu/libgobject-2.0.so.0.3600.0
7f7fa7823000-7f7fa7a23000 ---p 0004d000 08:06 13762608                   /usr/lib/x86_64-linux-gnu/libgobject-2.0.so.0.3600.0
7f7fa7a23000-7f7fa7a24000 r--p 0004d000 08:06 13762608                   /usr/lib/x86_64-linux-gnu/libgobject-2.0.so.0.3600.0
7f7fa7a24000-7f7fa7a25000 rw-p 0004e000 08:06 13762608                   /usr/lib/x86_64-linux-gnu/libgobject-2.0.so.0.3600.0
7f7fa7a25000-7f7fa7b78000 r-xp 00000000 08:06 13763481                   /usr/lib/x86_64-linux-gnu/libgio-2.0.so.0.3600.0
7f7fa7b78000-7f7fa7d77000 ---p 00153000 08:06 13763481                   /usr/lib/x86_64-linux-gnu/libgio-2.0.so.0.3600.0
7f7fa7d77000-7f7fa7d7b000 r--p 00152000 08:06 13763481                   /usr/lib/x86_64-linux-gnu/libgio-2.0.so.0.3600.0
7f7fa7d7b000-7f7fa7d7d000 rw-p 00156000 08:06 13763481                   /usr/lib/x86_64-linux-gnu/libgio-2.0.so.0.3600.0
7f7fa7d7d000-7f7fa7d7f000 rw-p 00000000 00:00 0 
7f7fa7d9f000-7f7fa7db5000 r-xp 00000000 08:06 14556291                   /usr/lib/jvm/java-7-openjdk-amd64/jre/lib/amd64/libnet.so
7f7fa7db5000-7f7fa7fb5000 ---p 00016000 08:06 14556291                   /usr/lib/jvm/java-7-openjdk-amd64/jre/lib/amd64/libnet.so
7f7fa7fb5000-7f7fa7fb6000 r--p 00016000 08:06 14556291                   /usr/lib/jvm/java-7-openjdk-amd64/jre/lib/amd64/libnet.so
7f7fa7fb6000-7f7fa7fb7000 rw-p 00017000 08:06 14556291                   /usr/lib/jvm/java-7-openjdk-amd64/jre/lib/amd64/libnet.so
7f7fa7fb7000-7f7fa8000000 r--s 0042c000 08:06 19536646                   /home/hessahalkaoud/tools/yfiles-2.10.1.1-complete-eval/lib/y.jar
7f7fa8000000-7f7fa8021000 rw-p 00000000 00:00 0 
7f7fa8021000-7f7fac000000 ---p 00000000 00:00 0 
7f7fac000000-7f7fac021000 rw-p 00000000 00:00 0 
7f7fac021000-7f7fb0000000 ---p 00000000 00:00 0 
7f7fb0000000-7f7fb0021000 rw-p 00000000 00:00 0 
7f7fb0021000-7f7fb4000000 ---p 00000000 00:00 0 
7f7fb400d000-7f7fb402a000 r--s 001b9000 08:06 20322169                   /home/hessahalkaoud/tools/major/lib/ant.jar
7f7fb402a000-7f7fb402d000 ---p 00000000 00:00 0 
7f7fb402d000-7f7fb412b000 rw-p 00000000 00:00 0                          [stack:16004]
7f7fb412b000-7f7fb43f4000 r--p 00000000 08:06 13762778                   /usr/lib/locale/locale-archive
7f7fb43f4000-7f7fb43f7000 ---p 00000000 00:00 0 
7f7fb43f7000-7f7fb44f5000 rw-p 00000000 00:00 0                          [stack:16003]
7f7fb44f5000-7f7fb44f8000 ---p 00000000 00:00 0 
7f7fb44f8000-7f7fb45f6000 rw-p 00000000 00:00 0                          [stack:16002]
7f7fb45f6000-7f7fb45f7000 ---p 00000000 00:00 0 
7f7fb45f7000-7f7fb5000000 rw-p 00000000 00:00 0                          [stack:16001]
7f7fb5000000-7f7fb5270000 rwxp 00000000 00:00 0 
7f7fb5270000-7f7fb846d000 rw-p 00000000 00:00 0 
7f7fb846d000-7f7fbc000000 ---p 00000000 00:00 0 
7f7fbc00c000-7f7fbc00f000 rw-p 00000000 00:00 0 
7f7fbc00f000-7f7fbc015000 r--s 0003d000 08:06 3277685                    /tmp/jacocoagent8407032596912343103.jar
7f7fbc015000-7f7fbc017000 r--s 00002000 08:06 20322164                   /home/hessahalkaoud/tools/major/lib/ant-junit4.jar
7f7fbc017000-7f7fbc01a000 r--s 0001f000 08:06 20322157                   /home/hessahalkaoud/tools/major/lib/ant-junit.jar
7f7fbc01a000-7f7fbc01b000 r--s 00004000 08:06 20322147                   /home/hessahalkaoud/tools/major/lib/ant-launcher.jar
7f7fbc01b000-7f7fbc01e000 r--s 0001b000 08:06 20322171                   /home/hessahalkaoud/tools/major/lib/junit-3.8.2.jar
7f7fbc01e000-7f7fbc01f000 r--s 00005000 08:06 19536622                   /home/hessahalkaoud/tools/yfiles-2.10.1.1-complete-eval/tutorial/lib/csvjdbc.jar
7f7fbc01f000-7f7fbc044000 r--s 001c4000 08:06 3276986                    /home/hessahalkaoud/tools/javancss-32.53/lib/swingall.jar
7f7fbc044000-7f7fbc047000 r--s 0004f000 08:06 19275036                   /home/hessahalkaoud/tools/javancss-32.53/lib/javancss.jar
7f7fbc047000-7f7fbc04b000 r--s 00030000 08:06 19275042                   /home/hessahalkaoud/tools/javancss-32.53/lib/jhbasic.jar
7f7fbc04b000-7f7fbc051000 r--s 00055000 08:06 19275040                   /home/hessahalkaoud/tools/javancss-32.53/lib/ccl.jar
7f7fbc051000-7f7fbc052000 r--s 00000000 08:06 19800833                   /home/hessahalkaoud/tools/major/config/config.jar
7f7fbc052000-7f7fbd2ac000 rw-p 00000000 00:00 0 
7f7fbd2ac000-7f7fbd45a000 r--s 01cf4000 08:06 14035151                   /usr/lib/jvm/java-7-openjdk-amd64/jre/lib/rt.jar
7f7fbd45a000-7f7fbd98b000 rw-p 00000000 00:00 0 
7f7fbd98b000-7f7fbd98c000 ---p 00000000 00:00 0 
7f7fbd98c000-7f7fbda8c000 rw-p 00000000 00:00 0                          [stack:16000]
7f7fbda8c000-7f7fbda8d000 ---p 00000000 00:00 0 
7f7fbda8d000-7f7fbdb8d000 rw-p 00000000 00:00 0                          [stack:15999]
7f7fbdb8d000-7f7fbdb8e000 ---p 00000000 00:00 0 
7f7fbdb8e000-7f7fbdc8e000 rw-p 00000000 00:00 0                          [stack:15998]
7f7fbdc8e000-7f7fbdc8f000 ---p 00000000 00:00 0 
7f7fbdc8f000-7f7fbdd8f000 rw-p 00000000 00:00 0                          [stack:15997]
7f7fbdd8f000-7f7fbdd90000 ---p 00000000 00:00 0 
7f7fbdd90000-7f7fbde90000 rw-p 00000000 00:00 0                          [stack:15996]
7f7fbde90000-7f7fbde91000 ---p 00000000 00:00 0 
7f7fbde91000-7f7fbdf91000 rw-p 00000000 00:00 0                          [stack:15995]
7f7fbdf91000-7f7fbdf92000 ---p 00000000 00:00 0 
7f7fbdf92000-7f7fbe092000 rw-p 00000000 00:00 0                          [stack:15994]
7f7fbe092000-7f7fbe093000 ---p 00000000 00:00 0 
7f7fbe093000-7f7fbe19e000 rw-p 00000000 00:00 0                          [stack:15993]
7f7fbe19e000-7f7fbe1e6000 rw-p 00000000 00:00 0 
7f7fbe1e6000-7f7fbe210000 rw-p 00000000 00:00 0 
7f7fbe210000-7f7fbe47d000 rw-p 00000000 00:00 0 
7f7fbe47d000-7f7fbe488000 rw-p 00000000 00:00 0 
7f7fbe488000-7f7fbe4d0000 rw-p 00000000 00:00 0 
7f7fbe4d0000-7f7fbe4fa000 rw-p 00000000 00:00 0 
7f7fbe4fa000-7f7fbe766000 rw-p 00000000 00:00 0 
7f7fbe766000-7f7fbe77c000 rw-p 00000000 00:00 0 
7f7fbe77c000-7f7fbe8b2000 rw-p 00000000 00:00 0 
7f7fbe8b2000-7f7fbe8b3000 rw-p 00000000 00:00 0 
7f7fbe8b3000-7f7fbe8bb000 r-xp 00000000 08:06 14556315                   /usr/lib/jvm/java-7-openjdk-amd64/jre/lib/amd64/libzip.so
7f7fbe8bb000-7f7fbeaba000 ---p 00008000 08:06 14556315                   /usr/lib/jvm/java-7-openjdk-amd64/jre/lib/amd64/libzip.so
7f7fbeaba000-7f7fbeabb000 r--p 00007000 08:06 14556315                   /usr/lib/jvm/java-7-openjdk-amd64/jre/lib/amd64/libzip.so
7f7fbeabb000-7f7fbeabc000 rw-p 00008000 08:06 14556315                   /usr/lib/jvm/java-7-openjdk-amd64/jre/lib/amd64/libzip.so
7f7fbeabc000-7f7fbeac8000 r-xp 00000000 08:06 26345830                   /lib/x86_64-linux-gnu/libnss_files-2.17.so
7f7fbeac8000-7f7fbecc7000 ---p 0000c000 08:06 26345830                   /lib/x86_64-linux-gnu/libnss_files-2.17.so
7f7fbecc7000-7f7fbecc8000 r--p 0000b000 08:06 26345830                   /lib/x86_64-linux-gnu/libnss_files-2.17.so
7f7fbecc8000-7f7fbecc9000 rw-p 0000c000 08:06 26345830                   /lib/x86_64-linux-gnu/libnss_files-2.17.so
7f7fbecc9000-7f7fbecd4000 r-xp 00000000 08:06 26345837                   /lib/x86_64-linux-gnu/libnss_nis-2.17.so
7f7fbecd4000-7f7fbeed3000 ---p 0000b000 08:06 26345837                   /lib/x86_64-linux-gnu/libnss_nis-2.17.so
7f7fbeed3000-7f7fbeed4000 r--p 0000a000 08:06 26345837                   /lib/x86_64-linux-gnu/libnss_nis-2.17.so
7f7fbeed4000-7f7fbeed5000 rw-p 0000b000 08:06 26345837                   /lib/x86_64-linux-gnu/libnss_nis-2.17.so
7f7fbeed5000-7f7fbeeec000 r-xp 00000000 08:06 26345825                   /lib/x86_64-linux-gnu/libnsl-2.17.so
7f7fbeeec000-7f7fbf0eb000 ---p 00017000 08:06 26345825                   /lib/x86_64-linux-gnu/libnsl-2.17.so
7f7fbf0eb000-7f7fbf0ec000 r--p 00016000 08:06 26345825                   /lib/x86_64-linux-gnu/libnsl-2.17.so
7f7fbf0ec000-7f7fbf0ed000 rw-p 00017000 08:06 26345825                   /lib/x86_64-linux-gnu/libnsl-2.17.so
7f7fbf0ed000-7f7fbf0ef000 rw-p 00000000 00:00 0 
7f7fbf0ef000-7f7fbf0f7000 r-xp 00000000 08:06 26345839                   /lib/x86_64-linux-gnu/libnss_compat-2.17.so
7f7fbf0f7000-7f7fbf2f6000 ---p 00008000 08:06 26345839                   /lib/x86_64-linux-gnu/libnss_compat-2.17.so
7f7fbf2f6000-7f7fbf2f7000 r--p 00007000 08:06 26345839                   /lib/x86_64-linux-gnu/libnss_compat-2.17.so
7f7fbf2f7000-7f7fbf2f8000 rw-p 00008000 08:06 26345839                   /lib/x86_64-linux-gnu/libnss_compat-2.17.so
7f7fbf2f8000-7f7fbf302000 r-xp 00000000 08:06 14556281                   /usr/lib/jvm/java-7-openjdk-amd64/jre/lib/amd64/libinstrument.so
7f7fbf302000-7f7fbf501000 ---p 0000a000 08:06 14556281                   /usr/lib/jvm/java-7-openjdk-amd64/jre/lib/amd64/libinstrument.so
7f7fbf501000-7f7fbf502000 r--p 00009000 08:06 14556281                   /usr/lib/jvm/java-7-openjdk-amd64/jre/lib/amd64/libinstrument.so
7f7fbf502000-7f7fbf503000 rw-p 0000a000 08:06 14556281                   /usr/lib/jvm/java-7-openjdk-amd64/jre/lib/amd64/libinstrument.so
7f7fbf503000-7f7fbf52e000 r-xp 00000000 08:06 14556300                   /usr/lib/jvm/java-7-openjdk-amd64/jre/lib/amd64/libjava.so
7f7fbf52e000-7f7fbf72d000 ---p 0002b000 08:06 14556300                   /usr/lib/jvm/java-7-openjdk-amd64/jre/lib/amd64/libjava.so
7f7fbf72d000-7f7fbf72e000 r--p 0002a000 08:06 14556300                   /usr/lib/jvm/java-7-openjdk-amd64/jre/lib/amd64/libjava.so
7f7fbf72e000-7f7fbf730000 rw-p 0002b000 08:06 14556300                   /usr/lib/jvm/java-7-openjdk-amd64/jre/lib/amd64/libjava.so
7f7fbf730000-7f7fbf73f000 r-xp 00000000 08:06 14556299                   /usr/lib/jvm/java-7-openjdk-amd64/jre/lib/amd64/libverify.so
7f7fbf73f000-7f7fbf93e000 ---p 0000f000 08:06 14556299                   /usr/lib/jvm/java-7-openjdk-amd64/jre/lib/amd64/libverify.so
7f7fbf93e000-7f7fbf940000 r--p 0000e000 08:06 14556299                   /usr/lib/jvm/java-7-openjdk-amd64/jre/lib/amd64/libverify.so
7f7fbf940000-7f7fbf941000 rw-p 00010000 08:06 14556299                   /usr/lib/jvm/java-7-openjdk-amd64/jre/lib/amd64/libverify.so
7f7fbf941000-7f7fbf948000 r-xp 00000000 08:06 26345833                   /lib/x86_64-linux-gnu/librt-2.17.so
7f7fbf948000-7f7fbfb47000 ---p 00007000 08:06 26345833                   /lib/x86_64-linux-gnu/librt-2.17.so
7f7fbfb47000-7f7fbfb48000 r--p 00006000 08:06 26345833                   /lib/x86_64-linux-gnu/librt-2.17.so
7f7fbfb48000-7f7fbfb49000 rw-p 00007000 08:06 26345833                   /lib/x86_64-linux-gnu/librt-2.17.so
7f7fbfb49000-7f7fbfb5d000 r-xp 00000000 08:06 26345893                   /lib/x86_64-linux-gnu/libgcc_s.so.1
7f7fbfb5d000-7f7fbfd5d000 ---p 00014000 08:06 26345893                   /lib/x86_64-linux-gnu/libgcc_s.so.1
7f7fbfd5d000-7f7fbfd5e000 r--p 00014000 08:06 26345893                   /lib/x86_64-linux-gnu/libgcc_s.so.1
7f7fbfd5e000-7f7fbfd5f000 rw-p 00015000 08:06 26345893                   /lib/x86_64-linux-gnu/libgcc_s.so.1
7f7fbfd5f000-7f7fbfe62000 r-xp 00000000 08:06 26345838                   /lib/x86_64-linux-gnu/libm-2.17.so
7f7fbfe62000-7f7fc0062000 ---p 00103000 08:06 26345838                   /lib/x86_64-linux-gnu/libm-2.17.so
7f7fc0062000-7f7fc0063000 r--p 00103000 08:06 26345838                   /lib/x86_64-linux-gnu/libm-2.17.so
7f7fc0063000-7f7fc0064000 rw-p 00104000 08:06 26345838                   /lib/x86_64-linux-gnu/libm-2.17.so
7f7fc0064000-7f7fc0149000 r-xp 00000000 08:06 13763333                   /usr/lib/x86_64-linux-gnu/libstdc++.so.6.0.17
7f7fc0149000-7f7fc0348000 ---p 000e5000 08:06 13763333                   /usr/lib/x86_64-linux-gnu/libstdc++.so.6.0.17
7f7fc0348000-7f7fc0350000 r--p 000e4000 08:06 13763333                   /usr/lib/x86_64-linux-gnu/libstdc++.so.6.0.17
7f7fc0350000-7f7fc0352000 rw-p 000ec000 08:06 13763333                   /usr/lib/x86_64-linux-gnu/libstdc++.so.6.0.17
7f7fc0352000-7f7fc0367000 rw-p 00000000 00:00 0 
7f7fc0367000-7f7fc0e2d000 r-xp 00000000 08:06 14556304                   /usr/lib/jvm/java-7-openjdk-amd64/jre/lib/amd64/server/libjvm.so
7f7fc0e2d000-7f7fc102d000 ---p 00ac6000 08:06 14556304                   /usr/lib/jvm/java-7-openjdk-amd64/jre/lib/amd64/server/libjvm.so
7f7fc102d000-7f7fc10c5000 r--p 00ac6000 08:06 14556304                   /usr/lib/jvm/java-7-openjdk-amd64/jre/lib/amd64/server/libjvm.so
7f7fc10c5000-7f7fc10e8000 rw-p 00b5e000 08:06 14556304                   /usr/lib/jvm/java-7-openjdk-amd64/jre/lib/amd64/server/libjvm.so
7f7fc10e8000-7f7fc1115000 rw-p 00000000 00:00 0 
7f7fc1115000-7f7fc112b000 r-xp 00000000 08:06 26345847                   /lib/x86_64-linux-gnu/libz.so.1.2.7
7f7fc112b000-7f7fc132a000 ---p 00016000 08:06 26345847                   /lib/x86_64-linux-gnu/libz.so.1.2.7
7f7fc132a000-7f7fc132b000 r--p 00015000 08:06 26345847                   /lib/x86_64-linux-gnu/libz.so.1.2.7
7f7fc132b000-7f7fc132c000 rw-p 00016000 08:06 26345847                   /lib/x86_64-linux-gnu/libz.so.1.2.7
7f7fc132c000-7f7fc1344000 r-xp 00000000 08:06 26345826                   /lib/x86_64-linux-gnu/libpthread-2.17.so
7f7fc1344000-7f7fc1543000 ---p 00018000 08:06 26345826                   /lib/x86_64-linux-gnu/libpthread-2.17.so
7f7fc1543000-7f7fc1544000 r--p 00017000 08:06 26345826                   /lib/x86_64-linux-gnu/libpthread-2.17.so
7f7fc1544000-7f7fc1545000 rw-p 00018000 08:06 26345826                   /lib/x86_64-linux-gnu/libpthread-2.17.so
7f7fc1545000-7f7fc1549000 rw-p 00000000 00:00 0 
7f7fc1549000-7f7fc154c000 r-xp 00000000 08:06 26345829                   /lib/x86_64-linux-gnu/libdl-2.17.so
7f7fc154c000-7f7fc174b000 ---p 00003000 08:06 26345829                   /lib/x86_64-linux-gnu/libdl-2.17.so
7f7fc174b000-7f7fc174c000 r--p 00002000 08:06 26345829                   /lib/x86_64-linux-gnu/libdl-2.17.so
7f7fc174c000-7f7fc174d000 rw-p 00003000 08:06 26345829                   /lib/x86_64-linux-gnu/libdl-2.17.so
7f7fc174d000-7f7fc190c000 r-xp 00000000 08:06 26345841                   /lib/x86_64-linux-gnu/libc-2.17.so
7f7fc190c000-7f7fc1b0b000 ---p 001bf000 08:06 26345841                   /lib/x86_64-linux-gnu/libc-2.17.so
7f7fc1b0b000-7f7fc1b0f000 r--p 001be000 08:06 26345841                   /lib/x86_64-linux-gnu/libc-2.17.so
7f7fc1b0f000-7f7fc1b11000 rw-p 001c2000 08:06 26345841                   /lib/x86_64-linux-gnu/libc-2.17.so
7f7fc1b11000-7f7fc1b16000 rw-p 00000000 00:00 0 
7f7fc1b16000-7f7fc1b23000 r-xp 00000000 08:06 14556284                   /usr/lib/jvm/java-7-openjdk-amd64/jre/lib/amd64/jli/libjli.so
7f7fc1b23000-7f7fc1d22000 ---p 0000d000 08:06 14556284                   /usr/lib/jvm/java-7-openjdk-amd64/jre/lib/amd64/jli/libjli.so
7f7fc1d22000-7f7fc1d23000 r--p 0000c000 08:06 14556284                   /usr/lib/jvm/java-7-openjdk-amd64/jre/lib/amd64/jli/libjli.so
7f7fc1d23000-7f7fc1d24000 rw-p 0000d000 08:06 14556284                   /usr/lib/jvm/java-7-openjdk-amd64/jre/lib/amd64/jli/libjli.so
7f7fc1d24000-7f7fc1d47000 r-xp 00000000 08:06 26345819                   /lib/x86_64-linux-gnu/ld-2.17.so
7f7fc1d47000-7f7fc1d4d000 r--s 00036000 08:06 21364738                   /home/hessahalkaoud/.m2/repository/junit/junit/4.11/junit-4.11.jar
7f7fc1d4d000-7f7fc1d55000 r--s 00028000 08:06 19276072                   /home/hessahalkaoud/.m2/repository/xml-apis/xml-apis/1.3.04/xml-apis-1.3.04.jar
7f7fc1d55000-7f7fc1d5e000 r--s 00073000 08:06 18616499                   /home/hessahalkaoud/.m2/repository/org/jfree/jcommon/1.0.17/jcommon-1.0.17.jar
7f7fc1d5e000-7f7fc1d68000 rw-p 00000000 00:00 0 
7f7fc1d68000-7f7fc1e1e000 rw-p 00000000 00:00 0 
7f7fc1e1e000-7f7fc1e21000 ---p 00000000 00:00 0 
7f7fc1e21000-7f7fc1f24000 rw-p 00000000 00:00 0                          [stack:15992]
7f7fc1f24000-7f7fc1f26000 r--s 00009000 08:06 21364742                   /home/hessahalkaoud/.m2/repository/org/hamcrest/hamcrest-core/1.3/hamcrest-core-1.3.jar
7f7fc1f26000-7f7fc1f28000 r--s 00018000 08:06 22158312                   /home/hessahalkaoud/.m2/repository/javax/servlet/servlet-api/2.5/servlet-api-2.5.jar
7f7fc1f28000-7f7fc1f2a000 r--s 00006000 08:06 14297499                   /usr/share/java/java-atk-wrapper.jar
7f7fc1f2a000-7f7fc1f2e000 r--s 00085000 08:06 14164722                   /usr/lib/jvm/java-7-openjdk-amd64/jre/lib/ext/localedata.jar
7f7fc1f2e000-7f7fc1f32000 r--s 0003b000 08:06 14158419                   /usr/lib/jvm/java-7-openjdk-amd64/jre/lib/ext/sunpkcs11.jar
7f7fc1f32000-7f7fc1f35000 r--s 00032000 08:06 14159129                   /usr/lib/jvm/java-7-openjdk-amd64/jre/lib/ext/sunjce_provider.jar
7f7fc1f35000-7f7fc1f37000 r--s 00012000 08:06 14164716                   /usr/lib/jvm/java-7-openjdk-amd64/jre/lib/ext/zipfs.jar
7f7fc1f37000-7f7fc1f38000 r--s 00002000 08:06 14164718                   /usr/lib/jvm/java-7-openjdk-amd64/jre/lib/ext/dnsns.jar
7f7fc1f38000-7f7fc1f3a000 r--s 0000f000 08:06 14164720                   /usr/lib/jvm/java-7-openjdk-amd64/jre/lib/ext/pulse-java.jar
7f7fc1f3a000-7f7fc1f42000 rw-s 00000000 08:06 3277177                    /tmp/hsperfdata_hessahalkaoud/15989
7f7fc1f42000-7f7fc1f43000 rw-p 00000000 00:00 0 
7f7fc1f43000-7f7fc1f44000 r--p 00000000 00:00 0 
7f7fc1f44000-7f7fc1f46000 rw-p 00000000 00:00 0 
7f7fc1f46000-7f7fc1f47000 r--p 00022000 08:06 26345819                   /lib/x86_64-linux-gnu/ld-2.17.so
7f7fc1f47000-7f7fc1f49000 rw-p 00023000 08:06 26345819                   /lib/x86_64-linux-gnu/ld-2.17.so
7fff1bc6d000-7fff1bc8f000 rw-p 00000000 00:00 0                          [stack]
7fff1bdfe000-7fff1be00000 r-xp 00000000 00:00 0                          [vdso]
ffffffffff600000-ffffffffff601000 r-xp 00000000 00:00 0                  [vsyscall]

VM Arguments:
jvm_args: -javaagent:/tmp/jacocoagent8407032596912343103.jar=destfile=/home/hessahalkaoud/github/Quality-of-Test-suites-for-TDD-applications/source_code/jfreechart-1.0.17/jacocoReport/jacoco.exec -Dbasedir=. 
java_command: org.apache.tools.ant.taskdefs.optional.junit.JUnitTestRunner org.jfree.chart.labels.MultipleXYSeriesLabelGeneratorTest filtertrace=true haltOnError=false haltOnFailure=false formatter=org.apache.tools.ant.taskdefs.optional.junit.SummaryJUnitResultFormatter showoutput=false outputtoformatters=true logfailedtests=true logtestlistenerevents=false formatter=org.apache.tools.ant.taskdefs.optional.junit.PlainJUnitResultFormatter crashfile=/home/hessahalkaoud/github/Quality-of-Test-suites-for-TDD-applications/source_code/jfreechart-1.0.17/junitvmwatcher6619971372475930130.properties propsfile=/home/hessahalkaoud/github/Quality-of-Test-suites-for-TDD-applications/source_code/jfreechart-1.0.17/junit2911663418774175364.properties
Launcher Type: SUN_STANDARD

Environment Variables:
CLASSPATH=:/home/hessahalkaoud/tools/major/config/config.jar:/home/hessahalkaoud/tools/javancss-32.53/lib/ccl.jar:/home/hessahalkaoud/tools/javancss-32.53/lib/jhbasic.jar:/home/hessahalkaoud/tools/javancss-32.53/lib/javancss.jar:/home/hessahalkaoud/tools/javancss-32.53/lib/swingall.jar:/home/hessahalkaoud/tools/yfiles-2.10.1.1-complete-eval/lib/y.jar:/home/hessahalkaoud/tools/yfiles-2.10.1.1-complete-eval/tutorial/lib/csvjdbc.jar
PATH=/home/hessahalkaoud/tools/javancss-32.53/bin:/home/hessahalkaoud/tools/major/bin:/usr/lib/lightdm/lightdm:/usr/local/sbin:/usr/local/bin:/usr/sbin:/usr/bin:/sbin:/bin:/usr/games:/usr/local/games
SHELL=/bin/bash
DISPLAY=:0

Signal Handlers:
SIGSEGV: [libjvm.so+0x8f8310], sa_mask[0]=0x7ffbfeff, sa_flags=0x10000004
SIGBUS: [libjvm.so+0x8f8310], sa_mask[0]=0x7ffbfeff, sa_flags=0x10000004
SIGFPE: [libjvm.so+0x781ce0], sa_mask[0]=0x7ffbfeff, sa_flags=0x10000004
SIGPIPE: [libjvm.so+0x781ce0], sa_mask[0]=0x7ffbfeff, sa_flags=0x10000004
SIGXFSZ: [libjvm.so+0x781ce0], sa_mask[0]=0x7ffbfeff, sa_flags=0x10000004
SIGILL: [libjvm.so+0x781ce0], sa_mask[0]=0x7ffbfeff, sa_flags=0x10000004
SIGUSR1: SIG_DFL, sa_mask[0]=0x00000000, sa_flags=0x00000000
SIGUSR2: [libjvm.so+0x781fd0], sa_mask[0]=0x00000004, sa_flags=0x10000004
SIGHUP: [libjvm.so+0x782140], sa_mask[0]=0x7ffbfeff, sa_flags=0x10000004
SIGINT: [libjvm.so+0x782140], sa_mask[0]=0x7ffbfeff, sa_flags=0x10000004
SIGTERM: [libjvm.so+0x782140], sa_mask[0]=0x7ffbfeff, sa_flags=0x10000004
SIGQUIT: [libjvm.so+0x782140], sa_mask[0]=0x7ffbfeff, sa_flags=0x10000004


---------------  S Y S T E M  ---------------

OS:Ubuntu 13.04 (raring)
uname:Linux 3.8.0-35-generic #50-Ubuntu SMP Tue Dec 3 01:24:59 UTC 2013 x86_64
libc:glibc 2.17 NPTL 2.17 
rlimit: STACK 8192k, CORE 0k, NPROC 63427, NOFILE 4096, AS infinity
load average:6.56 5.43 5.06

/proc/meminfo:
MemTotal:        8137900 kB
MemFree:         1776208 kB
Buffers:          842524 kB
Cached:          1745360 kB
SwapCached:        38640 kB
Active:          4295732 kB
Inactive:        1474248 kB
Active(anon):    3120964 kB
Inactive(anon):    78776 kB
Active(file):    1174768 kB
Inactive(file):  1395472 kB
Unevictable:          32 kB
Mlocked:              32 kB
SwapTotal:       8345596 kB
SwapFree:        6106756 kB
Dirty:              4092 kB
Writeback:             0 kB
AnonPages:       3144592 kB
Mapped:           264324 kB
Shmem:             17936 kB
Slab:             423932 kB
SReclaimable:     372760 kB
SUnreclaim:        51172 kB
KernelStack:        5504 kB
PageTables:        44616 kB
NFS_Unstable:          0 kB
Bounce:                0 kB
WritebackTmp:          0 kB
CommitLimit:    12414544 kB
Committed_AS:    9609900 kB
VmallocTotal:   34359738367 kB
VmallocUsed:       97316 kB
VmallocChunk:   34359573520 kB
HardwareCorrupted:     0 kB
AnonHugePages:         0 kB
HugePages_Total:       0
HugePages_Free:        0
HugePages_Rsvd:        0
HugePages_Surp:        0
Hugepagesize:       2048 kB
DirectMap4k:       71680 kB
DirectMap2M:     8292352 kB


CPU:total 8 (4 cores per cpu, 2 threads per core) family 6 model 58 stepping 9, cmov, cx8, fxsr, mmx, sse, sse2, sse3, ssse3, sse4.1, sse4.2, popcnt, avx, aes, erms, ht, tsc, tscinvbit, tscinv

/proc/cpuinfo:
processor	: 0
vendor_id	: GenuineIntel
cpu family	: 6
model		: 58
model name	: Intel(R) Core(TM) i7-3770 CPU @ 3.40GHz
stepping	: 9
microcode	: 0x12
cpu MHz		: 3401.000
cache size	: 8192 KB
physical id	: 0
siblings	: 8
core id		: 0
cpu cores	: 4
apicid		: 0
initial apicid	: 0
fpu		: yes
fpu_exception	: yes
cpuid level	: 13
wp		: yes
flags		: fpu vme de pse tsc msr pae mce cx8 apic sep mtrr pge mca cmov pat pse36 clflush dts acpi mmx fxsr sse sse2 ss ht tm pbe syscall nx rdtscp lm constant_tsc arch_perfmon pebs bts rep_good nopl xtopology nonstop_tsc aperfmperf eagerfpu pni pclmulqdq dtes64 monitor ds_cpl vmx smx est tm2 ssse3 cx16 xtpr pdcm pcid sse4_1 sse4_2 x2apic popcnt tsc_deadline_timer aes xsave avx f16c rdrand lahf_lm ida arat epb xsaveopt pln pts dtherm tpr_shadow vnmi flexpriority ept vpid fsgsbase smep erms
bogomips	: 6791.37
clflush size	: 64
cache_alignment	: 64
address sizes	: 36 bits physical, 48 bits virtual
power management:

processor	: 1
vendor_id	: GenuineIntel
cpu family	: 6
model		: 58
model name	: Intel(R) Core(TM) i7-3770 CPU @ 3.40GHz
stepping	: 9
microcode	: 0x12
cpu MHz		: 3401.000
cache size	: 8192 KB
physical id	: 0
siblings	: 8
core id		: 1
cpu cores	: 4
apicid		: 2
initial apicid	: 2
fpu		: yes
fpu_exception	: yes
cpuid level	: 13
wp		: yes
flags		: fpu vme de pse tsc msr pae mce cx8 apic sep mtrr pge mca cmov pat pse36 clflush dts acpi mmx fxsr sse sse2 ss ht tm pbe syscall nx rdtscp lm constant_tsc arch_perfmon pebs bts rep_good nopl xtopology nonstop_tsc aperfmperf eagerfpu pni pclmulqdq dtes64 monitor ds_cpl vmx smx est tm2 ssse3 cx16 xtpr pdcm pcid sse4_1 sse4_2 x2apic popcnt tsc_deadline_timer aes xsave avx f16c rdrand lahf_lm ida arat epb xsaveopt pln pts dtherm tpr_shadow vnmi flexpriority ept vpid fsgsbase smep erms
bogomips	: 6791.37
clflush size	: 64
cache_alignment	: 64
address sizes	: 36 bits physical, 48 bits virtual
power management:

processor	: 2
vendor_id	: GenuineIntel
cpu family	: 6
model		: 58
model name	: Intel(R) Core(TM) i7-3770 CPU @ 3.40GHz
stepping	: 9
microcode	: 0x12
cpu MHz		: 1600.000
cache size	: 8192 KB
physical id	: 0
siblings	: 8
core id		: 2
cpu cores	: 4
apicid		: 4
initial apicid	: 4
fpu		: yes
fpu_exception	: yes
cpuid level	: 13
wp		: yes
flags		: fpu vme de pse tsc msr pae mce cx8 apic sep mtrr pge mca cmov pat pse36 clflush dts acpi mmx fxsr sse sse2 ss ht tm pbe syscall nx rdtscp lm constant_tsc arch_perfmon pebs bts rep_good nopl xtopology nonstop_tsc aperfmperf eagerfpu pni pclmulqdq dtes64 monitor ds_cpl vmx smx est tm2 ssse3 cx16 xtpr pdcm pcid sse4_1 sse4_2 x2apic popcnt tsc_deadline_timer aes xsave avx f16c rdrand lahf_lm ida arat epb xsaveopt pln pts dtherm tpr_shadow vnmi flexpriority ept vpid fsgsbase smep erms
bogomips	: 6791.37
clflush size	: 64
cache_alignment	: 64
address sizes	: 36 bits physical, 48 bits virtual
power management:

processor	: 3
vendor_id	: GenuineIntel
cpu family	: 6
model		: 58
model name	: Intel(R) Core(TM) i7-3770 CPU @ 3.40GHz
stepping	: 9
microcode	: 0x12
cpu MHz		: 1600.000
cache size	: 8192 KB
physical id	: 0
siblings	: 8
core id		: 3
cpu cores	: 4
apicid		: 6
initial apicid	: 6
fpu		: yes
fpu_exception	: yes
cpuid level	: 13
wp		: yes
flags		: fpu vme de pse tsc msr pae mce cx8 apic sep mtrr pge mca cmov pat pse36 clflush dts acpi mmx fxsr sse sse2 ss ht tm pbe syscall nx rdtscp lm constant_tsc arch_perfmon pebs bts rep_good nopl xtopology nonstop_tsc aperfmperf eagerfpu pni pclmulqdq dtes64 monitor ds_cpl vmx smx est tm2 ssse3 cx16 xtpr pdcm pcid sse4_1 sse4_2 x2apic popcnt tsc_deadline_timer aes xsave avx f16c rdrand lahf_lm ida arat epb xsaveopt pln pts dtherm tpr_shadow vnmi flexpriority ept vpid fsgsbase smep erms
bogomips	: 6791.37
clflush size	: 64
cache_alignment	: 64
address sizes	: 36 bits physical, 48 bits virtual
power management:

processor	: 4
vendor_id	: GenuineIntel
cpu family	: 6
model		: 58
model name	: Intel(R) Core(TM) i7-3770 CPU @ 3.40GHz
stepping	: 9
microcode	: 0x12
cpu MHz		: 3401.000
cache size	: 8192 KB
physical id	: 0
siblings	: 8
core id		: 0
cpu cores	: 4
apicid		: 1
initial apicid	: 1
fpu		: yes
fpu_exception	: yes
cpuid level	: 13
wp		: yes
flags		: fpu vme de pse tsc msr pae mce cx8 apic sep mtrr pge mca cmov pat pse36 clflush dts acpi mmx fxsr sse sse2 ss ht tm pbe syscall nx rdtscp lm constant_tsc arch_perfmon pebs bts rep_good nopl xtopology nonstop_tsc aperfmperf eagerfpu pni pclmulqdq dtes64 monitor ds_cpl vmx smx est tm2 ssse3 cx16 xtpr pdcm pcid sse4_1 sse4_2 x2apic popcnt tsc_deadline_timer aes xsave avx f16c rdrand lahf_lm ida arat epb xsaveopt pln pts dtherm tpr_shadow vnmi flexpriority ept vpid fsgsbase smep erms
bogomips	: 6791.37
clflush size	: 64
cache_alignment	: 64
address sizes	: 36 bits physical, 48 bits virtual
power management:

processor	: 5
vendor_id	: GenuineIntel
cpu family	: 6
model		: 58
model name	: Intel(R) Core(TM) i7-3770 CPU @ 3.40GHz
stepping	: 9
microcode	: 0x12
cpu MHz		: 3401.000
cache size	: 8192 KB
physical id	: 0
siblings	: 8
core id		: 1
cpu cores	: 4
apicid		: 3
initial apicid	: 3
fpu		: yes
fpu_exception	: yes
cpuid level	: 13
wp		: yes
flags		: fpu vme de pse tsc msr pae mce cx8 apic sep mtrr pge mca cmov pat pse36 clflush dts acpi mmx fxsr sse sse2 ss ht tm pbe syscall nx rdtscp lm constant_tsc arch_perfmon pebs bts rep_good nopl xtopology nonstop_tsc aperfmperf eagerfpu pni pclmulqdq dtes64 monitor ds_cpl vmx smx est tm2 ssse3 cx16 xtpr pdcm pcid sse4_1 sse4_2 x2apic popcnt tsc_deadline_timer aes xsave avx f16c rdrand lahf_lm ida arat epb xsaveopt pln pts dtherm tpr_shadow vnmi flexpriority ept vpid fsgsbase smep erms
bogomips	: 6791.37
clflush size	: 64
cache_alignment	: 64
address sizes	: 36 bits physical, 48 bits virtual
power management:

processor	: 6
vendor_id	: GenuineIntel
cpu family	: 6
model		: 58
model name	: Intel(R) Core(TM) i7-3770 CPU @ 3.40GHz
stepping	: 9
microcode	: 0x12
cpu MHz		: 3401.000
cache size	: 8192 KB
physical id	: 0
siblings	: 8
core id		: 2
cpu cores	: 4
apicid		: 5
initial apicid	: 5
fpu		: yes
fpu_exception	: yes
cpuid level	: 13
wp		: yes
flags		: fpu vme de pse tsc msr pae mce cx8 apic sep mtrr pge mca cmov pat pse36 clflush dts acpi mmx fxsr sse sse2 ss ht tm pbe syscall nx rdtscp lm constant_tsc arch_perfmon pebs bts rep_good nopl xtopology nonstop_tsc aperfmperf eagerfpu pni pclmulqdq dtes64 monitor ds_cpl vmx smx est tm2 ssse3 cx16 xtpr pdcm pcid sse4_1 sse4_2 x2apic popcnt tsc_deadline_timer aes xsave avx f16c rdrand lahf_lm ida arat epb xsaveopt pln pts dtherm tpr_shadow vnmi flexpriority ept vpid fsgsbase smep erms
bogomips	: 6791.37
clflush size	: 64
cache_alignment	: 64
address sizes	: 36 bits physical, 48 bits virtual
power management:

processor	: 7
vendor_id	: GenuineIntel
cpu family	: 6
model		: 58
model name	: Intel(R) Core(TM) i7-3770 CPU @ 3.40GHz
stepping	: 9
microcode	: 0x12
cpu MHz		: 3401.000
cache size	: 8192 KB
physical id	: 0
siblings	: 8
core id		: 3
cpu cores	: 4
apicid		: 7
initial apicid	: 7
fpu		: yes
fpu_exception	: yes
cpuid level	: 13
wp		: yes
flags		: fpu vme de pse tsc msr pae mce cx8 apic sep mtrr pge mca cmov pat pse36 clflush dts acpi mmx fxsr sse sse2 ss ht tm pbe syscall nx rdtscp lm constant_tsc arch_perfmon pebs bts rep_good nopl xtopology nonstop_tsc aperfmperf eagerfpu pni pclmulqdq dtes64 monitor ds_cpl vmx smx est tm2 ssse3 cx16 xtpr pdcm pcid sse4_1 sse4_2 x2apic popcnt tsc_deadline_timer aes xsave avx f16c rdrand lahf_lm ida arat epb xsaveopt pln pts dtherm tpr_shadow vnmi flexpriority ept vpid fsgsbase smep erms
bogomips	: 6791.37
clflush size	: 64
cache_alignment	: 64
address sizes	: 36 bits physical, 48 bits virtual
power management:



Memory: 4k page, physical 8137900k(1776208k free), swap 8345596k(6106756k free)

vm_info: OpenJDK 64-Bit Server VM (24.45-b08) for linux-amd64 JRE (1.7.0_51-b00), built on Jan 16 2014 18:17:06 by "buildd" with gcc 4.7.3

time: Tue Nov 25 16:32:42 2014
elapsed time: 0 seconds

