#
# A fatal error has been detected by the Java Runtime Environment:
#
#  SIGBUS (0x7) at pc=0x00007f25798ca02d, pid=20028, tid=139798986819328
#
# JRE version: OpenJDK Runtime Environment (7.0_51) (build 1.7.0_51-b00)
# Java VM: OpenJDK 64-Bit Server VM (24.45-b08 mixed mode linux-amd64 compressed oops)
# Problematic frame:
# C  [libzip.so+0x502d]  Java_java_util_zip_ZipFile_getZipMessage+0x114d
#
# Failed to write core dump. Core dumps have been disabled. To enable core dumping, try "ulimit -c unlimited" before starting Java again
#
# If you would like to submit a bug report, please include
# instructions on how to reproduce the bug and visit:
#   http://icedtea.classpath.org/bugzilla
# The crash happened outside the Java Virtual Machine in native code.
# See problematic frame for where to report the bug.
#

---------------  T H R E A D  ---------------

Current thread (0x00007f257400c000):  JavaThread "main" [_thread_in_native, id=20031, stack(0x00007f257ce30000,0x00007f257cf31000)]

siginfo:si_signo=SIGBUS: si_errno=0, si_code=2 (BUS_ADRERR), si_addr=0x00007f257cd5a0b3

Registers:
RAX=0x00007f2574458a60, RBX=0x00007f2574237b60, RCX=0x00007f257cd5a096, RDX=0x00007f2574458a60
RSP=0x00007f257cf2d6d0, RBP=0x00007f257cf2d730, RSI=0x00007f2574458a50, RDI=0x0000000000000003
R8 =0x0000000000000000, R9 =0x0000000000000008, R10=0x00007f2571012cac, R11=0x00007f257c8ec920
R12=0x00007f2574238028, R13=0x00007f257cf2d7a0, R14=0x00007f2574458a60, R15=0x00000000114db5be
RIP=0x00007f25798ca02d, EFLAGS=0x0000000000010206, CSGSFS=0x0000000000000033, ERR=0x0000000000000004
  TRAPNO=0x000000000000000e

Top of Stack: (sp=0x00007f257cf2d6d0)
0x00007f257cf2d6d0:   00007f257cf2dd90 00007f257c8dd0c0
0x00007f257cf2d6e0:   000000007cf2df28 00007f257bac968c
0x00007f257cf2d6f0:   72662f74696e756a 00007f257cf2d7a0
0x00007f257cf2d700:   00007f2574237b60 00007f2574238020
0x00007f257cf2d710:   00007f2574237b60 00007f257cf2d7a0
0x00007f257cf2d720:   00007f25744515d0 00000000114db5be
0x00007f257cf2d730:   00007f257cf2d780 00007f25798cae3d
0x00007f257cf2d740:   ffa1794100000000 0000001e7c7ad1e4
0x00007f257cf2d750:   00007f257400c000 00007f257cf2d7a0
0x00007f257cf2d760:   00007f257cf2dc78 00007f257cf2d7a0
0x00007f257cf2d770:   000000000000001e 00007f257400c1d8
0x00007f257cf2d780:   00007f257cf2dbe0 00007f25798c89b3
0x00007f257cf2d790:   000000010000003b 00007f2574237b60
0x00007f257cf2d7a0:   72662f74696e756a 2f6b726f77656d61
0x00007f257cf2d7b0:   6573614374736554 00007373616c632e
0x00007f257cf2d7c0:   00007f257cf2d7e0 00000000000004dc
0x00007f257cf2d7d0:   0000000a00000000 0000000000000000
0x00007f257cf2d7e0:   0000000000000000 00007f257cf2dd44
0x00007f257cf2d7f0:   0000000000000000 0000000000000020
0x00007f257cf2d800:   ffffffffffffffff 00007f257c7a8942
0x00007f257cf2d810:   00007f2500000000 00007f257400c1d8
0x00007f257cf2d820:   00207f2500000003 00002b8300000000
0x00007f257cf2d830:   00007f257cf2dd48 00007f257400c8c0
0x00007f257cf2d840:   00007f257400c940 0000000000000000
0x00007f257cf2d850:   0000000000000002 00007f257bcaa61e
0x00007f257cf2d860:   00007f257bcaa62d 00007f25743f2eb3
0x00007f257cf2d870:   00007f25743f0330 00007f2579abaa50
0x00007f257cf2d880:   00007f2500000000 00007f2500000000
0x00007f257cf2d890:   00007f257cf2d8d0 00007f257b60c809
0x00007f257cf2d8a0:   00007f25743f0330 0000000000002b83
0x00007f257cf2d8b0:   0000000000000004 0000000000000000
0x00007f257cf2d8c0:   00007f2500000000 00007f257c7dbb0e 

Instructions: (pc=0x00007f25798ca02d)
0x00007f25798ca00d:   73 48 48 8b 7b 10 b9 a0 00 00 00 49 8b 14 24 e8
0x00007f25798ca01d:   7f fe ff ff 48 89 c1 48 85 c9 0f 84 7b 02 00 00
0x00007f25798ca02d:   0f b6 51 1d 0f b6 41 1c 45 31 e4 0f b6 71 0c 0f
0x00007f25798ca03d:   b6 79 0e 44 0f b6 79 1f c1 e2 08 09 c2 0f b6 41 

Register to memory mapping:

RAX=0x00007f2574458a60 is an unknown value
RBX=0x00007f2574237b60 is an unknown value
RCX=0x00007f257cd5a096 is an unknown value
RDX=0x00007f2574458a60 is an unknown value
RSP=0x00007f257cf2d6d0 is pointing into the stack for thread: 0x00007f257400c000
RBP=0x00007f257cf2d730 is pointing into the stack for thread: 0x00007f257400c000
RSI=0x00007f2574458a50 is an unknown value
RDI=0x0000000000000003 is an unknown value
R8 =0x0000000000000000 is an unknown value
R9 =0x0000000000000008 is an unknown value
R10=0x00007f2571012cac is at code_begin+620 in an Interpreter codelet
method entry point (kind = native)  [0x00007f2571012a40, 0x00007f25710132a0]  2144 bytes
R11=0x00007f257c8ec920: <offset 0x18d920> in /lib/x86_64-linux-gnu/libc.so.6 at 0x00007f257c75f000
R12=0x00007f2574238028 is an unknown value
R13=0x00007f257cf2d7a0 is pointing into the stack for thread: 0x00007f257400c000
R14=0x00007f2574458a60 is an unknown value
R15=0x00000000114db5be is an unknown value


Stack: [0x00007f257ce30000,0x00007f257cf31000],  sp=0x00007f257cf2d6d0,  free space=1013k
Native frames: (J=compiled Java code, j=interpreted, Vv=VM code, C=native code)
C  [libzip.so+0x502d]  Java_java_util_zip_ZipFile_getZipMessage+0x114d
C  [libzip.so+0x5e3d]  ZIP_GetEntry+0xcd
C  [libzip.so+0x39b3]  Java_java_util_zip_ZipFile_getEntry+0xb3
j  java.util.zip.ZipFile.getEntry(J[BZ)J+0
j  java.util.zip.ZipFile.getEntry(Ljava/lang/String;)Ljava/util/zip/ZipEntry;+38
j  java.util.jar.JarFile.getEntry(Ljava/lang/String;)Ljava/util/zip/ZipEntry;+2
j  java.util.jar.JarFile.getJarEntry(Ljava/lang/String;)Ljava/util/jar/JarEntry;+2
j  sun.misc.URLClassPath$JarLoader.getResource(Ljava/lang/String;Z)Lsun/misc/Resource;+48
j  sun.misc.URLClassPath.getResource(Ljava/lang/String;Z)Lsun/misc/Resource;+53
j  java.net.URLClassLoader$1.run()Ljava/lang/Class;+26
j  java.net.URLClassLoader$1.run()Ljava/lang/Object;+1
v  ~StubRoutines::call_stub
V  [libjvm.so+0x5ba11c]  JavaCalls::call_helper(JavaValue*, methodHandle*, JavaCallArguments*, Thread*)+0x31c
V  [libjvm.so+0x5b9bd5]  JavaCalls::call(JavaValue*, methodHandle, JavaCallArguments*, Thread*)+0x25
V  [libjvm.so+0x600b90]  JVM_DoPrivileged+0x470
j  java.security.AccessController.doPrivileged(Ljava/security/PrivilegedExceptionAction;Ljava/security/AccessControlContext;)Ljava/lang/Object;+0
j  java.net.URLClassLoader.findClass(Ljava/lang/String;)Ljava/lang/Class;+13
j  java.lang.ClassLoader.loadClass(Ljava/lang/String;Z)Ljava/lang/Class;+70
j  sun.misc.Launcher$AppClassLoader.loadClass(Ljava/lang/String;Z)Ljava/lang/Class;+36
j  java.lang.ClassLoader.loadClass(Ljava/lang/String;)Ljava/lang/Class;+3
v  ~StubRoutines::call_stub
V  [libjvm.so+0x5ba11c]  JavaCalls::call_helper(JavaValue*, methodHandle*, JavaCallArguments*, Thread*)+0x31c
V  [libjvm.so+0x5b92f5]  JavaCalls::call_virtual(JavaValue*, KlassHandle, Symbol*, Symbol*, JavaCallArguments*, Thread*)+0x1d5
V  [libjvm.so+0x5b93bb]  JavaCalls::call_virtual(JavaValue*, Handle, KlassHandle, Symbol*, Symbol*, Handle, Thread*)+0x5b
V  [libjvm.so+0x87f0d4]  SystemDictionary::load_instance_class(Symbol*, Handle, Thread*)+0x414
V  [libjvm.so+0x87d87c]  SystemDictionary::resolve_instance_class_or_null(Symbol*, Handle, Handle, Thread*)+0x87c
V  [libjvm.so+0x87f623]  SystemDictionary::resolve_or_fail(Symbol*, Handle, Handle, bool, Thread*)+0x33
V  [libjvm.so+0x460d31]  constantPoolOopDesc::klass_at_impl(constantPoolHandle, int, Thread*)+0x291
V  [libjvm.so+0x5ad129]  InterpreterRuntime::ldc(JavaThread*, bool)+0x129
j  org.apache.tools.ant.taskdefs.optional.junit.JUnitTestRunner.run()V+277
j  org.apache.tools.ant.taskdefs.optional.junit.JUnitTestRunner.launch(Lorg/apache/tools/ant/taskdefs/optional/junit/JUnitTest;[Ljava/lang/String;ZZZZZZ)I+46
j  org.apache.tools.ant.taskdefs.optional.junit.JUnitTestRunner.main([Ljava/lang/String;)V+1254
v  ~StubRoutines::call_stub
V  [libjvm.so+0x5ba11c]  JavaCalls::call_helper(JavaValue*, methodHandle*, JavaCallArguments*, Thread*)+0x31c
V  [libjvm.so+0x5b9bd5]  JavaCalls::call(JavaValue*, methodHandle, JavaCallArguments*, Thread*)+0x25
V  [libjvm.so+0x5c521f]  jni_invoke_static(JNIEnv_*, JavaValue*, _jobject*, JNICallType, _jmethodID*, JNI_ArgumentPusher*, Thread*) [clone .isra.124] [clone .constprop.154]+0x13f
V  [libjvm.so+0x5cf1b3]  jni_CallStaticVoidMethod+0x123
C  [libjli.so+0x31f1]  __strcat_chk+0x31f1

Java frames: (J=compiled Java code, j=interpreted, Vv=VM code)
j  java.util.zip.ZipFile.getEntry(J[BZ)J+0
j  java.util.zip.ZipFile.getEntry(Ljava/lang/String;)Ljava/util/zip/ZipEntry;+38
j  java.util.jar.JarFile.getEntry(Ljava/lang/String;)Ljava/util/zip/ZipEntry;+2
j  java.util.jar.JarFile.getJarEntry(Ljava/lang/String;)Ljava/util/jar/JarEntry;+2
j  sun.misc.URLClassPath$JarLoader.getResource(Ljava/lang/String;Z)Lsun/misc/Resource;+48
j  sun.misc.URLClassPath.getResource(Ljava/lang/String;Z)Lsun/misc/Resource;+53
j  java.net.URLClassLoader$1.run()Ljava/lang/Class;+26
j  java.net.URLClassLoader$1.run()Ljava/lang/Object;+1
v  ~StubRoutines::call_stub
j  java.security.AccessController.doPrivileged(Ljava/security/PrivilegedExceptionAction;Ljava/security/AccessControlContext;)Ljava/lang/Object;+0
j  java.net.URLClassLoader.findClass(Ljava/lang/String;)Ljava/lang/Class;+13
j  java.lang.ClassLoader.loadClass(Ljava/lang/String;Z)Ljava/lang/Class;+70
j  sun.misc.Launcher$AppClassLoader.loadClass(Ljava/lang/String;Z)Ljava/lang/Class;+36
j  java.lang.ClassLoader.loadClass(Ljava/lang/String;)Ljava/lang/Class;+3
v  ~StubRoutines::call_stub
j  org.apache.tools.ant.taskdefs.optional.junit.JUnitTestRunner.run()V+277
j  org.apache.tools.ant.taskdefs.optional.junit.JUnitTestRunner.launch(Lorg/apache/tools/ant/taskdefs/optional/junit/JUnitTest;[Ljava/lang/String;ZZZZZZ)I+46
j  org.apache.tools.ant.taskdefs.optional.junit.JUnitTestRunner.main([Ljava/lang/String;)V+1254
v  ~StubRoutines::call_stub

---------------  P R O C E S S  ---------------

Java Threads: ( => current thread )
  0x00007f2574369000 JavaThread "Service Thread" daemon [_thread_blocked, id=20049, stack(0x00007f25614d3000,0x00007f25615d4000)]
  0x00007f257443f000 JavaThread "C2 CompilerThread1" daemon [_thread_in_native, id=20048, stack(0x00007f25615d4000,0x00007f25616d5000)]
  0x00007f257443a800 JavaThread "C2 CompilerThread0" daemon [_thread_in_native, id=20047, stack(0x00007f25616d5000,0x00007f25617d6000)]
  0x00007f25741f0800 JavaThread "Signal Dispatcher" daemon [_thread_blocked, id=20044, stack(0x00007f2562f29000,0x00007f256302a000)]
  0x00007f25741cd800 JavaThread "Finalizer" daemon [_thread_blocked, id=20043, stack(0x00007f25632f3000,0x00007f25633f4000)]
  0x00007f25741cb800 JavaThread "Reference Handler" daemon [_thread_blocked, id=20042, stack(0x00007f25633f4000,0x00007f25634f5000)]
=>0x00007f257400c000 JavaThread "main" [_thread_in_native, id=20031, stack(0x00007f257ce30000,0x00007f257cf31000)]

Other Threads:
  0x00007f25741c7000 VMThread [stack: 0x00007f25634f5000,0x00007f25635f6000] [id=20040]
  0x00007f257442a800 WatcherThread [stack: 0x00007f25613d2000,0x00007f25614d3000] [id=20050]

VM state:not at safepoint (normal execution)

VM Mutex/Monitor currently owned by a thread: None

Heap
 PSYoungGen      total 37376K, used 16106K [0x00000007d6900000, 0x00000007d9280000, 0x0000000800000000)
  eden space 32256K, 49% used [0x00000007d6900000,0x00000007d78ba970,0x00000007d8880000)
  from space 5120K, 0% used [0x00000007d8d80000,0x00000007d8d80000,0x00000007d9280000)
  to   space 5120K, 0% used [0x00000007d8880000,0x00000007d8880000,0x00000007d8d80000)
 ParOldGen       total 84480K, used 0K [0x0000000783c00000, 0x0000000788e80000, 0x00000007d6900000)
  object space 84480K, 0% used [0x0000000783c00000,0x0000000783c00000,0x0000000788e80000)
 PSPermGen       total 21504K, used 4906K [0x0000000779600000, 0x000000077ab00000, 0x0000000783c00000)
  object space 21504K, 22% used [0x0000000779600000,0x0000000779aca858,0x000000077ab00000)

Card table byte_map: [0x00007f257948f000,0x00007f25798c5000] byte_map_base: 0x00007f25758c4000

Polling page: 0x00007f257cf55000

Code Cache  [0x00007f2571000000, 0x00007f2571270000, 0x00007f2574000000)
 total_blobs=293 nmethods=55 adapters=191 free_code_cache=48647Kb largest_free_block=49800320

Compilation events (10 events):
Event: 0.447 Thread 0x00007f257443a800 nmethod 52 0x00007f257107f4d0 code [0x00007f257107f620, 0x00007f257107f6d8]
Event: 0.459 Thread 0x00007f257443a800   53             java.util.AbstractCollection::<init> (5 bytes)
Event: 0.460 Thread 0x00007f257443a800 nmethod 53 0x00007f257107aa50 code [0x00007f257107ab80, 0x00007f257107abd8]
Event: 0.461 Thread 0x00007f257443a800   54             java.util.AbstractList::<init> (10 bytes)
Event: 0.461 Thread 0x00007f257443a800 nmethod 54 0x00007f257107f2d0 code [0x00007f257107f400, 0x00007f257107f458]
Event: 0.466 Thread 0x00007f257443a800   55             org.jacoco.agent.rt.internal_38bf6f6.core.internal.flow.LabelInfo::get (21 bytes)
Event: 0.467 Thread 0x00007f257443a800 nmethod 55 0x00007f257107f050 code [0x00007f257107f1a0, 0x00007f257107f218]
Event: 0.480 Thread 0x00007f257443a800   56             org.jacoco.agent.rt.internal_38bf6f6.asm.ClassWriter::newUTF8 (70 bytes)
Event: 0.496 Thread 0x00007f257443a800 nmethod 56 0x00007f257107c190 code [0x00007f257107c3a0, 0x00007f257107cfc0]
Event: 0.496 Thread 0x00007f257443a800   57             org.jacoco.agent.rt.internal_38bf6f6.asm.commons.AnalyzerAdapter::execute (1933 bytes)

GC Heap History (0 events):
No events

Deoptimization events (0 events):
No events

Internal exceptions (10 events):
Event: 0.472 Thread 0x00007f257400c000 Threw 0x00000007d7807f28 at /build/buildd/openjdk-7-7u51-2.4.4/build/openjdk/hotspot/src/share/vm/prims/jvm.cpp:1244
Event: 0.472 Thread 0x00007f257400c000 Threw 0x00000007d780e6e8 at /build/buildd/openjdk-7-7u51-2.4.4/build/openjdk/hotspot/src/share/vm/prims/jvm.cpp:1244
Event: 0.472 Thread 0x00007f257400c000 Threw 0x00000007d78140f0 at /build/buildd/openjdk-7-7u51-2.4.4/build/openjdk/hotspot/src/share/vm/prims/jvm.cpp:1244
Event: 0.473 Thread 0x00007f257400c000 Threw 0x00000007d781a260 at /build/buildd/openjdk-7-7u51-2.4.4/build/openjdk/hotspot/src/share/vm/prims/jvm.cpp:1244
Event: 0.474 Thread 0x00007f257400c000 Threw 0x00000007d7827820 at /build/buildd/openjdk-7-7u51-2.4.4/build/openjdk/hotspot/src/share/vm/prims/jvm.cpp:1244
Event: 0.475 Thread 0x00007f257400c000 Threw 0x00000007d78320f0 at /build/buildd/openjdk-7-7u51-2.4.4/build/openjdk/hotspot/src/share/vm/prims/jvm.cpp:1244
Event: 0.477 Thread 0x00007f257400c000 Threw 0x00000007d7841288 at /build/buildd/openjdk-7-7u51-2.4.4/build/openjdk/hotspot/src/share/vm/prims/jvm.cpp:1244
Event: 0.479 Thread 0x00007f257400c000 Threw 0x00000007d78564c0 at /build/buildd/openjdk-7-7u51-2.4.4/build/openjdk/hotspot/src/share/vm/prims/jvm.cpp:1244
Event: 0.486 Thread 0x00007f257400c000 Threw 0x00000007d785ba20 at /build/buildd/openjdk-7-7u51-2.4.4/build/openjdk/hotspot/src/share/vm/prims/jvm.cpp:1244
Event: 0.494 Thread 0x00007f257400c000 Threw 0x00000007d78982c8 at /build/buildd/openjdk-7-7u51-2.4.4/build/openjdk/hotspot/src/share/vm/prims/jvm.cpp:1244

Events (10 events):
Event: 0.479 loading class 0x00007f2574456970
Event: 0.479 loading class 0x00007f2574456970 done
Event: 0.486 loading class 0x00007f25744589f0
Event: 0.486 loading class 0x00007f25744589f0 done
Event: 0.486 loading class 0x00007f2574456930
Event: 0.486 loading class 0x00007f2574456930 done
Event: 0.493 loading class 0x00007f2574458d80
Event: 0.493 loading class 0x00007f2574458d80 done
Event: 0.494 loading class 0x00007f257442e8e0
Event: 0.494 loading class 0x00007f257442e8e0 done


Dynamic libraries:
00400000-00401000 r-xp 00000000 08:06 14680799                           /usr/lib/jvm/java-7-openjdk-amd64/jre/bin/java
00600000-00601000 r--p 00000000 08:06 14680799                           /usr/lib/jvm/java-7-openjdk-amd64/jre/bin/java
00601000-00602000 rw-p 00001000 08:06 14680799                           /usr/lib/jvm/java-7-openjdk-amd64/jre/bin/java
009a0000-009c1000 rw-p 00000000 00:00 0                                  [heap]
779600000-77ab00000 rw-p 00000000 00:00 0 
77ab00000-783c00000 rw-p 00000000 00:00 0 
783c00000-788e80000 rw-p 00000000 00:00 0 
788e80000-7d6900000 rw-p 00000000 00:00 0 
7d6900000-7d9280000 rw-p 00000000 00:00 0 
7d9280000-800000000 rw-p 00000000 00:00 0 
7f2514000000-7f2514021000 rw-p 00000000 00:00 0 
7f2514021000-7f2518000000 ---p 00000000 00:00 0 
7f251c000000-7f251ce7b000 rw-p 00000000 00:00 0 
7f251ce7b000-7f2520000000 ---p 00000000 00:00 0 
7f2520000000-7f2520021000 rw-p 00000000 00:00 0 
7f2520021000-7f2524000000 ---p 00000000 00:00 0 
7f2524000000-7f2524021000 rw-p 00000000 00:00 0 
7f2524021000-7f2528000000 ---p 00000000 00:00 0 
7f2528000000-7f2528c2d000 rw-p 00000000 00:00 0 
7f2528c2d000-7f252c000000 ---p 00000000 00:00 0 
7f252c000000-7f252c021000 rw-p 00000000 00:00 0 
7f252c021000-7f2530000000 ---p 00000000 00:00 0 
7f2530000000-7f2530021000 rw-p 00000000 00:00 0 
7f2530021000-7f2534000000 ---p 00000000 00:00 0 
7f2534000000-7f2534021000 rw-p 00000000 00:00 0 
7f2534021000-7f2538000000 ---p 00000000 00:00 0 
7f253bcb0000-7f2540000000 rw-p 00000000 00:00 0 
7f2540000000-7f2540021000 rw-p 00000000 00:00 0 
7f2540021000-7f2544000000 ---p 00000000 00:00 0 
7f2544000000-7f2544021000 rw-p 00000000 00:00 0 
7f2544021000-7f2548000000 ---p 00000000 00:00 0 
7f254c000000-7f254c021000 rw-p 00000000 00:00 0 
7f254c021000-7f2550000000 ---p 00000000 00:00 0 
7f2554000000-7f2554021000 rw-p 00000000 00:00 0 
7f2554021000-7f2558000000 ---p 00000000 00:00 0 
7f255c000000-7f255c021000 rw-p 00000000 00:00 0 
7f255c021000-7f2560000000 ---p 00000000 00:00 0 
7f25613d2000-7f25613d3000 ---p 00000000 00:00 0 
7f25613d3000-7f25614d3000 rw-p 00000000 00:00 0                          [stack:20050]
7f25614d3000-7f25614d6000 ---p 00000000 00:00 0 
7f25614d6000-7f25615d4000 rw-p 00000000 00:00 0                          [stack:20049]
7f25615d4000-7f25615d7000 ---p 00000000 00:00 0 
7f25615d7000-7f25616d5000 rw-p 00000000 00:00 0                          [stack:20048]
7f25616d5000-7f25616d8000 ---p 00000000 00:00 0 
7f25616d8000-7f25617d6000 rw-p 00000000 00:00 0                          [stack:20047]
7f25617d6000-7f25617e6000 r-xp 00000000 08:06 14556287                   /usr/lib/jvm/java-7-openjdk-amd64/jre/lib/amd64/libnio.so
7f25617e6000-7f25619e6000 ---p 00010000 08:06 14556287                   /usr/lib/jvm/java-7-openjdk-amd64/jre/lib/amd64/libnio.so
7f25619e6000-7f25619e7000 r--p 00010000 08:06 14556287                   /usr/lib/jvm/java-7-openjdk-amd64/jre/lib/amd64/libnio.so
7f25619e7000-7f25619e8000 rw-p 00011000 08:06 14556287                   /usr/lib/jvm/java-7-openjdk-amd64/jre/lib/amd64/libnio.so
7f25619e8000-7f2561a25000 r-xp 00000000 08:06 26345535                   /lib/x86_64-linux-gnu/libpcre.so.3.13.1
7f2561a25000-7f2561c25000 ---p 0003d000 08:06 26345535                   /lib/x86_64-linux-gnu/libpcre.so.3.13.1
7f2561c25000-7f2561c26000 r--p 0003d000 08:06 26345535                   /lib/x86_64-linux-gnu/libpcre.so.3.13.1
7f2561c26000-7f2561c27000 rw-p 0003e000 08:06 26345535                   /lib/x86_64-linux-gnu/libpcre.so.3.13.1
7f2561c27000-7f2561c2e000 r-xp 00000000 08:06 13762792                   /usr/lib/x86_64-linux-gnu/libffi.so.6.0.1
7f2561c2e000-7f2561e2d000 ---p 00007000 08:06 13762792                   /usr/lib/x86_64-linux-gnu/libffi.so.6.0.1
7f2561e2d000-7f2561e2e000 r--p 00006000 08:06 13762792                   /usr/lib/x86_64-linux-gnu/libffi.so.6.0.1
7f2561e2e000-7f2561e2f000 rw-p 00007000 08:06 13762792                   /usr/lib/x86_64-linux-gnu/libffi.so.6.0.1
7f2561e2f000-7f2561e45000 r-xp 00000000 08:06 26345821                   /lib/x86_64-linux-gnu/libresolv-2.17.so
7f2561e45000-7f2562045000 ---p 00016000 08:06 26345821                   /lib/x86_64-linux-gnu/libresolv-2.17.so
7f2562045000-7f2562046000 r--p 00016000 08:06 26345821                   /lib/x86_64-linux-gnu/libresolv-2.17.so
7f2562046000-7f2562047000 rw-p 00017000 08:06 26345821                   /lib/x86_64-linux-gnu/libresolv-2.17.so
7f2562047000-7f2562049000 rw-p 00000000 00:00 0 
7f2562049000-7f2562066000 r-xp 00000000 08:06 26349089                   /lib/x86_64-linux-gnu/libselinux.so.1
7f2562066000-7f2562265000 ---p 0001d000 08:06 26349089                   /lib/x86_64-linux-gnu/libselinux.so.1
7f2562265000-7f2562266000 r--p 0001c000 08:06 26349089                   /lib/x86_64-linux-gnu/libselinux.so.1
7f2562266000-7f2562267000 rw-p 0001d000 08:06 26349089                   /lib/x86_64-linux-gnu/libselinux.so.1
7f2562267000-7f2562268000 rw-p 00000000 00:00 0 
7f2562268000-7f256226b000 r-xp 00000000 08:06 13762607                   /usr/lib/x86_64-linux-gnu/libgmodule-2.0.so.0.3600.0
7f256226b000-7f256246a000 ---p 00003000 08:06 13762607                   /usr/lib/x86_64-linux-gnu/libgmodule-2.0.so.0.3600.0
7f256246a000-7f256246b000 r--p 00002000 08:06 13762607                   /usr/lib/x86_64-linux-gnu/libgmodule-2.0.so.0.3600.0
7f256246b000-7f256246c000 rw-p 00003000 08:06 13762607                   /usr/lib/x86_64-linux-gnu/libgmodule-2.0.so.0.3600.0
7f256246c000-7f2562565000 r-xp 00000000 08:06 26345537                   /lib/x86_64-linux-gnu/libglib-2.0.so.0.3600.0
7f2562565000-7f2562765000 ---p 000f9000 08:06 26345537                   /lib/x86_64-linux-gnu/libglib-2.0.so.0.3600.0
7f2562765000-7f2562766000 r--p 000f9000 08:06 26345537                   /lib/x86_64-linux-gnu/libglib-2.0.so.0.3600.0
7f2562766000-7f2562767000 rw-p 000fa000 08:06 26345537                   /lib/x86_64-linux-gnu/libglib-2.0.so.0.3600.0
7f2562767000-7f2562768000 rw-p 00000000 00:00 0 
7f2562768000-7f25627b5000 r-xp 00000000 08:06 13762608                   /usr/lib/x86_64-linux-gnu/libgobject-2.0.so.0.3600.0
7f25627b5000-7f25629b5000 ---p 0004d000 08:06 13762608                   /usr/lib/x86_64-linux-gnu/libgobject-2.0.so.0.3600.0
7f25629b5000-7f25629b6000 r--p 0004d000 08:06 13762608                   /usr/lib/x86_64-linux-gnu/libgobject-2.0.so.0.3600.0
7f25629b6000-7f25629b7000 rw-p 0004e000 08:06 13762608                   /usr/lib/x86_64-linux-gnu/libgobject-2.0.so.0.3600.0
7f25629b7000-7f2562b0a000 r-xp 00000000 08:06 13763481                   /usr/lib/x86_64-linux-gnu/libgio-2.0.so.0.3600.0
7f2562b0a000-7f2562d09000 ---p 00153000 08:06 13763481                   /usr/lib/x86_64-linux-gnu/libgio-2.0.so.0.3600.0
7f2562d09000-7f2562d0d000 r--p 00152000 08:06 13763481                   /usr/lib/x86_64-linux-gnu/libgio-2.0.so.0.3600.0
7f2562d0d000-7f2562d0f000 rw-p 00156000 08:06 13763481                   /usr/lib/x86_64-linux-gnu/libgio-2.0.so.0.3600.0
7f2562d0f000-7f2562d11000 rw-p 00000000 00:00 0 
7f2562d11000-7f2562d27000 r-xp 00000000 08:06 14556291                   /usr/lib/jvm/java-7-openjdk-amd64/jre/lib/amd64/libnet.so
7f2562d27000-7f2562f27000 ---p 00016000 08:06 14556291                   /usr/lib/jvm/java-7-openjdk-amd64/jre/lib/amd64/libnet.so
7f2562f27000-7f2562f28000 r--p 00016000 08:06 14556291                   /usr/lib/jvm/java-7-openjdk-amd64/jre/lib/amd64/libnet.so
7f2562f28000-7f2562f29000 rw-p 00017000 08:06 14556291                   /usr/lib/jvm/java-7-openjdk-amd64/jre/lib/amd64/libnet.so
7f2562f29000-7f2562f2c000 ---p 00000000 00:00 0 
7f2562f2c000-7f256302a000 rw-p 00000000 00:00 0                          [stack:20044]
7f256302a000-7f25632f3000 r--p 00000000 08:06 13762778                   /usr/lib/locale/locale-archive
7f25632f3000-7f25632f6000 ---p 00000000 00:00 0 
7f25632f6000-7f25633f4000 rw-p 00000000 00:00 0                          [stack:20043]
7f25633f4000-7f25633f7000 ---p 00000000 00:00 0 
7f25633f7000-7f25634f5000 rw-p 00000000 00:00 0                          [stack:20042]
7f25634f5000-7f25634f6000 ---p 00000000 00:00 0 
7f25634f6000-7f2564000000 rw-p 00000000 00:00 0                          [stack:20040]
7f2564000000-7f2564021000 rw-p 00000000 00:00 0 
7f2564021000-7f2568000000 ---p 00000000 00:00 0 
7f2568000000-7f2568021000 rw-p 00000000 00:00 0 
7f2568021000-7f256c000000 ---p 00000000 00:00 0 
7f256c000000-7f256c021000 rw-p 00000000 00:00 0 
7f256c021000-7f2570000000 ---p 00000000 00:00 0 
7f25700a8000-7f25700f1000 r--s 0042c000 08:06 19536646                   /home/hessahalkaoud/tools/yfiles-2.10.1.1-complete-eval/lib/y.jar
7f25700f1000-7f2571000000 rw-p 00000000 00:00 0 
7f2571000000-7f2571270000 rwxp 00000000 00:00 0 
7f2571270000-7f25746b8000 rw-p 00000000 00:00 0 
7f25746b8000-7f2578000000 ---p 00000000 00:00 0 
7f2578011000-7f2578014000 rw-p 00000000 00:00 0 
7f2578014000-7f257801a000 r--s 0003d000 08:06 3277685                    /tmp/jacocoagent330298704441678250.jar
7f257801a000-7f257801c000 r--s 00002000 08:06 20322164                   /home/hessahalkaoud/tools/major/lib/ant-junit4.jar
7f257801c000-7f257801f000 r--s 0001f000 08:06 20322157                   /home/hessahalkaoud/tools/major/lib/ant-junit.jar
7f257801f000-7f257803c000 r--s 001b9000 08:06 20322169                   /home/hessahalkaoud/tools/major/lib/ant.jar
7f257803c000-7f257803d000 r--s 00004000 08:06 20322147                   /home/hessahalkaoud/tools/major/lib/ant-launcher.jar
7f257803d000-7f2578040000 r--s 0001b000 08:06 20322171                   /home/hessahalkaoud/tools/major/lib/junit-3.8.2.jar
7f2578040000-7f2578041000 r--s 00005000 08:06 19536622                   /home/hessahalkaoud/tools/yfiles-2.10.1.1-complete-eval/tutorial/lib/csvjdbc.jar
7f2578041000-7f2578066000 r--s 001c4000 08:06 3276986                    /home/hessahalkaoud/tools/javancss-32.53/lib/swingall.jar
7f2578066000-7f2578069000 r--s 0004f000 08:06 19275036                   /home/hessahalkaoud/tools/javancss-32.53/lib/javancss.jar
7f2578069000-7f257806d000 r--s 00030000 08:06 19275042                   /home/hessahalkaoud/tools/javancss-32.53/lib/jhbasic.jar
7f257806d000-7f2578073000 r--s 00055000 08:06 19275040                   /home/hessahalkaoud/tools/javancss-32.53/lib/ccl.jar
7f2578073000-7f2578074000 r--s 00000000 08:06 19800833                   /home/hessahalkaoud/tools/major/config/config.jar
7f2578074000-7f25782be000 rw-p 00000000 00:00 0 
7f25782be000-7f257846c000 r--s 01cf4000 08:06 14035151                   /usr/lib/jvm/java-7-openjdk-amd64/jre/lib/rt.jar
7f257846c000-7f257899d000 rw-p 00000000 00:00 0 
7f257899d000-7f257899e000 ---p 00000000 00:00 0 
7f257899e000-7f2578a9e000 rw-p 00000000 00:00 0                          [stack:20039]
7f2578a9e000-7f2578a9f000 ---p 00000000 00:00 0 
7f2578a9f000-7f2578b9f000 rw-p 00000000 00:00 0                          [stack:20038]
7f2578b9f000-7f2578ba0000 ---p 00000000 00:00 0 
7f2578ba0000-7f2578ca0000 rw-p 00000000 00:00 0                          [stack:20037]
7f2578ca0000-7f2578ca1000 ---p 00000000 00:00 0 
7f2578ca1000-7f2578da1000 rw-p 00000000 00:00 0                          [stack:20036]
7f2578da1000-7f2578da2000 ---p 00000000 00:00 0 
7f2578da2000-7f2578ea2000 rw-p 00000000 00:00 0                          [stack:20035]
7f2578ea2000-7f2578ea3000 ---p 00000000 00:00 0 
7f2578ea3000-7f2578fa3000 rw-p 00000000 00:00 0                          [stack:20034]
7f2578fa3000-7f2578fa4000 ---p 00000000 00:00 0 
7f2578fa4000-7f25790a4000 rw-p 00000000 00:00 0                          [stack:20033]
7f25790a4000-7f25790a5000 ---p 00000000 00:00 0 
7f25790a5000-7f25791b0000 rw-p 00000000 00:00 0                          [stack:20032]
7f25791b0000-7f25791f8000 rw-p 00000000 00:00 0 
7f25791f8000-7f2579222000 rw-p 00000000 00:00 0 
7f2579222000-7f257948f000 rw-p 00000000 00:00 0 
7f257948f000-7f257949a000 rw-p 00000000 00:00 0 
7f257949a000-7f25794e2000 rw-p 00000000 00:00 0 
7f25794e2000-7f257950c000 rw-p 00000000 00:00 0 
7f257950c000-7f2579778000 rw-p 00000000 00:00 0 
7f2579778000-7f257978e000 rw-p 00000000 00:00 0 
7f257978e000-7f25798c4000 rw-p 00000000 00:00 0 
7f25798c4000-7f25798c5000 rw-p 00000000 00:00 0 
7f25798c5000-7f25798cd000 r-xp 00000000 08:06 14556315                   /usr/lib/jvm/java-7-openjdk-amd64/jre/lib/amd64/libzip.so
7f25798cd000-7f2579acc000 ---p 00008000 08:06 14556315                   /usr/lib/jvm/java-7-openjdk-amd64/jre/lib/amd64/libzip.so
7f2579acc000-7f2579acd000 r--p 00007000 08:06 14556315                   /usr/lib/jvm/java-7-openjdk-amd64/jre/lib/amd64/libzip.so
7f2579acd000-7f2579ace000 rw-p 00008000 08:06 14556315                   /usr/lib/jvm/java-7-openjdk-amd64/jre/lib/amd64/libzip.so
7f2579ace000-7f2579ada000 r-xp 00000000 08:06 26345830                   /lib/x86_64-linux-gnu/libnss_files-2.17.so
7f2579ada000-7f2579cd9000 ---p 0000c000 08:06 26345830                   /lib/x86_64-linux-gnu/libnss_files-2.17.so
7f2579cd9000-7f2579cda000 r--p 0000b000 08:06 26345830                   /lib/x86_64-linux-gnu/libnss_files-2.17.so
7f2579cda000-7f2579cdb000 rw-p 0000c000 08:06 26345830                   /lib/x86_64-linux-gnu/libnss_files-2.17.so
7f2579cdb000-7f2579ce6000 r-xp 00000000 08:06 26345837                   /lib/x86_64-linux-gnu/libnss_nis-2.17.so
7f2579ce6000-7f2579ee5000 ---p 0000b000 08:06 26345837                   /lib/x86_64-linux-gnu/libnss_nis-2.17.so
7f2579ee5000-7f2579ee6000 r--p 0000a000 08:06 26345837                   /lib/x86_64-linux-gnu/libnss_nis-2.17.so
7f2579ee6000-7f2579ee7000 rw-p 0000b000 08:06 26345837                   /lib/x86_64-linux-gnu/libnss_nis-2.17.so
7f2579ee7000-7f2579efe000 r-xp 00000000 08:06 26345825                   /lib/x86_64-linux-gnu/libnsl-2.17.so
7f2579efe000-7f257a0fd000 ---p 00017000 08:06 26345825                   /lib/x86_64-linux-gnu/libnsl-2.17.so
7f257a0fd000-7f257a0fe000 r--p 00016000 08:06 26345825                   /lib/x86_64-linux-gnu/libnsl-2.17.so
7f257a0fe000-7f257a0ff000 rw-p 00017000 08:06 26345825                   /lib/x86_64-linux-gnu/libnsl-2.17.so
7f257a0ff000-7f257a101000 rw-p 00000000 00:00 0 
7f257a101000-7f257a109000 r-xp 00000000 08:06 26345839                   /lib/x86_64-linux-gnu/libnss_compat-2.17.so
7f257a109000-7f257a308000 ---p 00008000 08:06 26345839                   /lib/x86_64-linux-gnu/libnss_compat-2.17.so
7f257a308000-7f257a309000 r--p 00007000 08:06 26345839                   /lib/x86_64-linux-gnu/libnss_compat-2.17.so
7f257a309000-7f257a30a000 rw-p 00008000 08:06 26345839                   /lib/x86_64-linux-gnu/libnss_compat-2.17.so
7f257a30a000-7f257a314000 r-xp 00000000 08:06 14556281                   /usr/lib/jvm/java-7-openjdk-amd64/jre/lib/amd64/libinstrument.so
7f257a314000-7f257a513000 ---p 0000a000 08:06 14556281                   /usr/lib/jvm/java-7-openjdk-amd64/jre/lib/amd64/libinstrument.so
7f257a513000-7f257a514000 r--p 00009000 08:06 14556281                   /usr/lib/jvm/java-7-openjdk-amd64/jre/lib/amd64/libinstrument.so
7f257a514000-7f257a515000 rw-p 0000a000 08:06 14556281                   /usr/lib/jvm/java-7-openjdk-amd64/jre/lib/amd64/libinstrument.so
7f257a515000-7f257a540000 r-xp 00000000 08:06 14556300                   /usr/lib/jvm/java-7-openjdk-amd64/jre/lib/amd64/libjava.so
7f257a540000-7f257a73f000 ---p 0002b000 08:06 14556300                   /usr/lib/jvm/java-7-openjdk-amd64/jre/lib/amd64/libjava.so
7f257a73f000-7f257a740000 r--p 0002a000 08:06 14556300                   /usr/lib/jvm/java-7-openjdk-amd64/jre/lib/amd64/libjava.so
7f257a740000-7f257a742000 rw-p 0002b000 08:06 14556300                   /usr/lib/jvm/java-7-openjdk-amd64/jre/lib/amd64/libjava.so
7f257a742000-7f257a751000 r-xp 00000000 08:06 14556299                   /usr/lib/jvm/java-7-openjdk-amd64/jre/lib/amd64/libverify.so
7f257a751000-7f257a950000 ---p 0000f000 08:06 14556299                   /usr/lib/jvm/java-7-openjdk-amd64/jre/lib/amd64/libverify.so
7f257a950000-7f257a952000 r--p 0000e000 08:06 14556299                   /usr/lib/jvm/java-7-openjdk-amd64/jre/lib/amd64/libverify.so
7f257a952000-7f257a953000 rw-p 00010000 08:06 14556299                   /usr/lib/jvm/java-7-openjdk-amd64/jre/lib/amd64/libverify.so
7f257a953000-7f257a95a000 r-xp 00000000 08:06 26345833                   /lib/x86_64-linux-gnu/librt-2.17.so
7f257a95a000-7f257ab59000 ---p 00007000 08:06 26345833                   /lib/x86_64-linux-gnu/librt-2.17.so
7f257ab59000-7f257ab5a000 r--p 00006000 08:06 26345833                   /lib/x86_64-linux-gnu/librt-2.17.so
7f257ab5a000-7f257ab5b000 rw-p 00007000 08:06 26345833                   /lib/x86_64-linux-gnu/librt-2.17.so
7f257ab5b000-7f257ab6f000 r-xp 00000000 08:06 26345893                   /lib/x86_64-linux-gnu/libgcc_s.so.1
7f257ab6f000-7f257ad6f000 ---p 00014000 08:06 26345893                   /lib/x86_64-linux-gnu/libgcc_s.so.1
7f257ad6f000-7f257ad70000 r--p 00014000 08:06 26345893                   /lib/x86_64-linux-gnu/libgcc_s.so.1
7f257ad70000-7f257ad71000 rw-p 00015000 08:06 26345893                   /lib/x86_64-linux-gnu/libgcc_s.so.1
7f257ad71000-7f257ae74000 r-xp 00000000 08:06 26345838                   /lib/x86_64-linux-gnu/libm-2.17.so
7f257ae74000-7f257b074000 ---p 00103000 08:06 26345838                   /lib/x86_64-linux-gnu/libm-2.17.so
7f257b074000-7f257b075000 r--p 00103000 08:06 26345838                   /lib/x86_64-linux-gnu/libm-2.17.so
7f257b075000-7f257b076000 rw-p 00104000 08:06 26345838                   /lib/x86_64-linux-gnu/libm-2.17.so
7f257b076000-7f257b15b000 r-xp 00000000 08:06 13763333                   /usr/lib/x86_64-linux-gnu/libstdc++.so.6.0.17
7f257b15b000-7f257b35a000 ---p 000e5000 08:06 13763333                   /usr/lib/x86_64-linux-gnu/libstdc++.so.6.0.17
7f257b35a000-7f257b362000 r--p 000e4000 08:06 13763333                   /usr/lib/x86_64-linux-gnu/libstdc++.so.6.0.17
7f257b362000-7f257b364000 rw-p 000ec000 08:06 13763333                   /usr/lib/x86_64-linux-gnu/libstdc++.so.6.0.17
7f257b364000-7f257b379000 rw-p 00000000 00:00 0 
7f257b379000-7f257be3f000 r-xp 00000000 08:06 14556304                   /usr/lib/jvm/java-7-openjdk-amd64/jre/lib/amd64/server/libjvm.so
7f257be3f000-7f257c03f000 ---p 00ac6000 08:06 14556304                   /usr/lib/jvm/java-7-openjdk-amd64/jre/lib/amd64/server/libjvm.so
7f257c03f000-7f257c0d7000 r--p 00ac6000 08:06 14556304                   /usr/lib/jvm/java-7-openjdk-amd64/jre/lib/amd64/server/libjvm.so
7f257c0d7000-7f257c0fa000 rw-p 00b5e000 08:06 14556304                   /usr/lib/jvm/java-7-openjdk-amd64/jre/lib/amd64/server/libjvm.so
7f257c0fa000-7f257c127000 rw-p 00000000 00:00 0 
7f257c127000-7f257c13d000 r-xp 00000000 08:06 26345847                   /lib/x86_64-linux-gnu/libz.so.1.2.7
7f257c13d000-7f257c33c000 ---p 00016000 08:06 26345847                   /lib/x86_64-linux-gnu/libz.so.1.2.7
7f257c33c000-7f257c33d000 r--p 00015000 08:06 26345847                   /lib/x86_64-linux-gnu/libz.so.1.2.7
7f257c33d000-7f257c33e000 rw-p 00016000 08:06 26345847                   /lib/x86_64-linux-gnu/libz.so.1.2.7
7f257c33e000-7f257c356000 r-xp 00000000 08:06 26345826                   /lib/x86_64-linux-gnu/libpthread-2.17.so
7f257c356000-7f257c555000 ---p 00018000 08:06 26345826                   /lib/x86_64-linux-gnu/libpthread-2.17.so
7f257c555000-7f257c556000 r--p 00017000 08:06 26345826                   /lib/x86_64-linux-gnu/libpthread-2.17.so
7f257c556000-7f257c557000 rw-p 00018000 08:06 26345826                   /lib/x86_64-linux-gnu/libpthread-2.17.so
7f257c557000-7f257c55b000 rw-p 00000000 00:00 0 
7f257c55b000-7f257c55e000 r-xp 00000000 08:06 26345829                   /lib/x86_64-linux-gnu/libdl-2.17.so
7f257c55e000-7f257c75d000 ---p 00003000 08:06 26345829                   /lib/x86_64-linux-gnu/libdl-2.17.so
7f257c75d000-7f257c75e000 r--p 00002000 08:06 26345829                   /lib/x86_64-linux-gnu/libdl-2.17.so
7f257c75e000-7f257c75f000 rw-p 00003000 08:06 26345829                   /lib/x86_64-linux-gnu/libdl-2.17.so
7f257c75f000-7f257c91e000 r-xp 00000000 08:06 26345841                   /lib/x86_64-linux-gnu/libc-2.17.so
7f257c91e000-7f257cb1d000 ---p 001bf000 08:06 26345841                   /lib/x86_64-linux-gnu/libc-2.17.so
7f257cb1d000-7f257cb21000 r--p 001be000 08:06 26345841                   /lib/x86_64-linux-gnu/libc-2.17.so
7f257cb21000-7f257cb23000 rw-p 001c2000 08:06 26345841                   /lib/x86_64-linux-gnu/libc-2.17.so
7f257cb23000-7f257cb28000 rw-p 00000000 00:00 0 
7f257cb28000-7f257cb35000 r-xp 00000000 08:06 14556284                   /usr/lib/jvm/java-7-openjdk-amd64/jre/lib/amd64/jli/libjli.so
7f257cb35000-7f257cd34000 ---p 0000d000 08:06 14556284                   /usr/lib/jvm/java-7-openjdk-amd64/jre/lib/amd64/jli/libjli.so
7f257cd34000-7f257cd35000 r--p 0000c000 08:06 14556284                   /usr/lib/jvm/java-7-openjdk-amd64/jre/lib/amd64/jli/libjli.so
7f257cd35000-7f257cd36000 rw-p 0000d000 08:06 14556284                   /usr/lib/jvm/java-7-openjdk-amd64/jre/lib/amd64/jli/libjli.so
7f257cd36000-7f257cd59000 r-xp 00000000 08:06 26345819                   /lib/x86_64-linux-gnu/ld-2.17.so
7f257cd59000-7f257cd5f000 r--s 00036000 08:06 21364738                   /home/hessahalkaoud/.m2/repository/junit/junit/4.11/junit-4.11.jar
7f257cd5f000-7f257cd67000 r--s 00028000 08:06 19276072                   /home/hessahalkaoud/.m2/repository/xml-apis/xml-apis/1.3.04/xml-apis-1.3.04.jar
7f257cd67000-7f257cd70000 r--s 00073000 08:06 18616499                   /home/hessahalkaoud/.m2/repository/org/jfree/jcommon/1.0.17/jcommon-1.0.17.jar
7f257cd70000-7f257cd7a000 rw-p 00000000 00:00 0 
7f257cd7a000-7f257ce30000 rw-p 00000000 00:00 0 
7f257ce30000-7f257ce33000 ---p 00000000 00:00 0 
7f257ce33000-7f257cf36000 rw-p 00000000 00:00 0                          [stack:20031]
7f257cf36000-7f257cf38000 r--s 00009000 08:06 21364742                   /home/hessahalkaoud/.m2/repository/org/hamcrest/hamcrest-core/1.3/hamcrest-core-1.3.jar
7f257cf38000-7f257cf3a000 r--s 00018000 08:06 22158312                   /home/hessahalkaoud/.m2/repository/javax/servlet/servlet-api/2.5/servlet-api-2.5.jar
7f257cf3a000-7f257cf3c000 r--s 00006000 08:06 14297499                   /usr/share/java/java-atk-wrapper.jar
7f257cf3c000-7f257cf40000 r--s 00085000 08:06 14164722                   /usr/lib/jvm/java-7-openjdk-amd64/jre/lib/ext/localedata.jar
7f257cf40000-7f257cf44000 r--s 0003b000 08:06 14158419                   /usr/lib/jvm/java-7-openjdk-amd64/jre/lib/ext/sunpkcs11.jar
7f257cf44000-7f257cf47000 r--s 00032000 08:06 14159129                   /usr/lib/jvm/java-7-openjdk-amd64/jre/lib/ext/sunjce_provider.jar
7f257cf47000-7f257cf49000 r--s 00012000 08:06 14164716                   /usr/lib/jvm/java-7-openjdk-amd64/jre/lib/ext/zipfs.jar
7f257cf49000-7f257cf4a000 r--s 00002000 08:06 14164718                   /usr/lib/jvm/java-7-openjdk-amd64/jre/lib/ext/dnsns.jar
7f257cf4a000-7f257cf4c000 r--s 0000f000 08:06 14164720                   /usr/lib/jvm/java-7-openjdk-amd64/jre/lib/ext/pulse-java.jar
7f257cf4c000-7f257cf54000 rw-s 00000000 08:06 3288613                    /tmp/hsperfdata_hessahalkaoud/20028
7f257cf54000-7f257cf55000 rw-p 00000000 00:00 0 
7f257cf55000-7f257cf56000 r--p 00000000 00:00 0 
7f257cf56000-7f257cf58000 rw-p 00000000 00:00 0 
7f257cf58000-7f257cf59000 r--p 00022000 08:06 26345819                   /lib/x86_64-linux-gnu/ld-2.17.so
7f257cf59000-7f257cf5b000 rw-p 00023000 08:06 26345819                   /lib/x86_64-linux-gnu/ld-2.17.so
7fffe2b74000-7fffe2b96000 rw-p 00000000 00:00 0                          [stack]
7fffe2bfe000-7fffe2c00000 r-xp 00000000 00:00 0                          [vdso]
ffffffffff600000-ffffffffff601000 r-xp 00000000 00:00 0                  [vsyscall]

VM Arguments:
jvm_args: -javaagent:/tmp/jacocoagent330298704441678250.jar=destfile=/home/hessahalkaoud/github/Quality-of-Test-suites-for-TDD-applications/source_code/jfreechart-1.0.17/jacocoReport/jacoco.exec -Dbasedir=. 
java_command: org.apache.tools.ant.taskdefs.optional.junit.JUnitTestRunner org.jfree.data.xy.DefaultXYZDatasetTest filtertrace=true haltOnError=false haltOnFailure=false formatter=org.apache.tools.ant.taskdefs.optional.junit.SummaryJUnitResultFormatter showoutput=false outputtoformatters=true logfailedtests=true logtestlistenerevents=false crashfile=/home/hessahalkaoud/github/Quality-of-Test-suites-for-TDD-applications/source_code/jfreechart-1.0.17/junitvmwatcher7458010753333995002.properties propsfile=/home/hessahalkaoud/github/Quality-of-Test-suites-for-TDD-applications/source_code/jfreechart-1.0.17/junit4034403921329560075.properties
Launcher Type: SUN_STANDARD

Environment Variables:
CLASSPATH=:/home/hessahalkaoud/tools/major/config/config.jar:/home/hessahalkaoud/tools/javancss-32.53/lib/ccl.jar:/home/hessahalkaoud/tools/javancss-32.53/lib/jhbasic.jar:/home/hessahalkaoud/tools/javancss-32.53/lib/javancss.jar:/home/hessahalkaoud/tools/javancss-32.53/lib/swingall.jar:/home/hessahalkaoud/tools/yfiles-2.10.1.1-complete-eval/lib/y.jar:/home/hessahalkaoud/tools/yfiles-2.10.1.1-complete-eval/tutorial/lib/csvjdbc.jar
PATH=/home/hessahalkaoud/tools/javancss-32.53/bin:/home/hessahalkaoud/tools/major/bin:/usr/lib/lightdm/lightdm:/usr/local/sbin:/usr/local/bin:/usr/sbin:/usr/bin:/sbin:/bin:/usr/games:/usr/local/games
SHELL=/bin/bash
DISPLAY=:0

Signal Handlers:
SIGSEGV: [libjvm.so+0x8f8310], sa_mask[0]=0x7ffbfeff, sa_flags=0x10000004
SIGBUS: [libjvm.so+0x8f8310], sa_mask[0]=0x7ffbfeff, sa_flags=0x10000004
SIGFPE: [libjvm.so+0x781ce0], sa_mask[0]=0x7ffbfeff, sa_flags=0x10000004
SIGPIPE: [libjvm.so+0x781ce0], sa_mask[0]=0x7ffbfeff, sa_flags=0x10000004
SIGXFSZ: [libjvm.so+0x781ce0], sa_mask[0]=0x7ffbfeff, sa_flags=0x10000004
SIGILL: [libjvm.so+0x781ce0], sa_mask[0]=0x7ffbfeff, sa_flags=0x10000004
SIGUSR1: SIG_DFL, sa_mask[0]=0x00000000, sa_flags=0x00000000
SIGUSR2: [libjvm.so+0x781fd0], sa_mask[0]=0x00000004, sa_flags=0x10000004
SIGHUP: [libjvm.so+0x782140], sa_mask[0]=0x7ffbfeff, sa_flags=0x10000004
SIGINT: [libjvm.so+0x782140], sa_mask[0]=0x7ffbfeff, sa_flags=0x10000004
SIGTERM: [libjvm.so+0x782140], sa_mask[0]=0x7ffbfeff, sa_flags=0x10000004
SIGQUIT: [libjvm.so+0x782140], sa_mask[0]=0x7ffbfeff, sa_flags=0x10000004


---------------  S Y S T E M  ---------------

OS:Ubuntu 13.04 (raring)
uname:Linux 3.8.0-35-generic #50-Ubuntu SMP Tue Dec 3 01:24:59 UTC 2013 x86_64
libc:glibc 2.17 NPTL 2.17 
rlimit: STACK 8192k, CORE 0k, NPROC 63427, NOFILE 4096, AS infinity
load average:7.01 6.29 5.39

/proc/meminfo:
MemTotal:        8137900 kB
MemFree:         2310292 kB
Buffers:          841236 kB
Cached:          1581608 kB
SwapCached:        38636 kB
Active:          3909136 kB
Inactive:        1347320 kB
Active(anon):    2772516 kB
Inactive(anon):    74008 kB
Active(file):    1136620 kB
Inactive(file):  1273312 kB
Unevictable:          32 kB
Mlocked:              32 kB
SwapTotal:       8345596 kB
SwapFree:        6106744 kB
Dirty:              2004 kB
Writeback:             0 kB
AnonPages:       2796412 kB
Mapped:           221504 kB
Shmem:             13208 kB
Slab:             407012 kB
SReclaimable:     358660 kB
SUnreclaim:        48352 kB
KernelStack:        5208 kB
PageTables:        41844 kB
NFS_Unstable:          0 kB
Bounce:                0 kB
WritebackTmp:          0 kB
CommitLimit:    12414544 kB
Committed_AS:    8760420 kB
VmallocTotal:   34359738367 kB
VmallocUsed:       97316 kB
VmallocChunk:   34359573520 kB
HardwareCorrupted:     0 kB
AnonHugePages:         0 kB
HugePages_Total:       0
HugePages_Free:        0
HugePages_Rsvd:        0
HugePages_Surp:        0
Hugepagesize:       2048 kB
DirectMap4k:       71680 kB
DirectMap2M:     8292352 kB


CPU:total 8 (4 cores per cpu, 2 threads per core) family 6 model 58 stepping 9, cmov, cx8, fxsr, mmx, sse, sse2, sse3, ssse3, sse4.1, sse4.2, popcnt, avx, aes, erms, ht, tsc, tscinvbit, tscinv

/proc/cpuinfo:
processor	: 0
vendor_id	: GenuineIntel
cpu family	: 6
model		: 58
model name	: Intel(R) Core(TM) i7-3770 CPU @ 3.40GHz
stepping	: 9
microcode	: 0x12
cpu MHz		: 3401.000
cache size	: 8192 KB
physical id	: 0
siblings	: 8
core id		: 0
cpu cores	: 4
apicid		: 0
initial apicid	: 0
fpu		: yes
fpu_exception	: yes
cpuid level	: 13
wp		: yes
flags		: fpu vme de pse tsc msr pae mce cx8 apic sep mtrr pge mca cmov pat pse36 clflush dts acpi mmx fxsr sse sse2 ss ht tm pbe syscall nx rdtscp lm constant_tsc arch_perfmon pebs bts rep_good nopl xtopology nonstop_tsc aperfmperf eagerfpu pni pclmulqdq dtes64 monitor ds_cpl vmx smx est tm2 ssse3 cx16 xtpr pdcm pcid sse4_1 sse4_2 x2apic popcnt tsc_deadline_timer aes xsave avx f16c rdrand lahf_lm ida arat epb xsaveopt pln pts dtherm tpr_shadow vnmi flexpriority ept vpid fsgsbase smep erms
bogomips	: 6791.37
clflush size	: 64
cache_alignment	: 64
address sizes	: 36 bits physical, 48 bits virtual
power management:

processor	: 1
vendor_id	: GenuineIntel
cpu family	: 6
model		: 58
model name	: Intel(R) Core(TM) i7-3770 CPU @ 3.40GHz
stepping	: 9
microcode	: 0x12
cpu MHz		: 3401.000
cache size	: 8192 KB
physical id	: 0
siblings	: 8
core id		: 1
cpu cores	: 4
apicid		: 2
initial apicid	: 2
fpu		: yes
fpu_exception	: yes
cpuid level	: 13
wp		: yes
flags		: fpu vme de pse tsc msr pae mce cx8 apic sep mtrr pge mca cmov pat pse36 clflush dts acpi mmx fxsr sse sse2 ss ht tm pbe syscall nx rdtscp lm constant_tsc arch_perfmon pebs bts rep_good nopl xtopology nonstop_tsc aperfmperf eagerfpu pni pclmulqdq dtes64 monitor ds_cpl vmx smx est tm2 ssse3 cx16 xtpr pdcm pcid sse4_1 sse4_2 x2apic popcnt tsc_deadline_timer aes xsave avx f16c rdrand lahf_lm ida arat epb xsaveopt pln pts dtherm tpr_shadow vnmi flexpriority ept vpid fsgsbase smep erms
bogomips	: 6791.37
clflush size	: 64
cache_alignment	: 64
address sizes	: 36 bits physical, 48 bits virtual
power management:

processor	: 2
vendor_id	: GenuineIntel
cpu family	: 6
model		: 58
model name	: Intel(R) Core(TM) i7-3770 CPU @ 3.40GHz
stepping	: 9
microcode	: 0x12
cpu MHz		: 3401.000
cache size	: 8192 KB
physical id	: 0
siblings	: 8
core id		: 2
cpu cores	: 4
apicid		: 4
initial apicid	: 4
fpu		: yes
fpu_exception	: yes
cpuid level	: 13
wp		: yes
flags		: fpu vme de pse tsc msr pae mce cx8 apic sep mtrr pge mca cmov pat pse36 clflush dts acpi mmx fxsr sse sse2 ss ht tm pbe syscall nx rdtscp lm constant_tsc arch_perfmon pebs bts rep_good nopl xtopology nonstop_tsc aperfmperf eagerfpu pni pclmulqdq dtes64 monitor ds_cpl vmx smx est tm2 ssse3 cx16 xtpr pdcm pcid sse4_1 sse4_2 x2apic popcnt tsc_deadline_timer aes xsave avx f16c rdrand lahf_lm ida arat epb xsaveopt pln pts dtherm tpr_shadow vnmi flexpriority ept vpid fsgsbase smep erms
bogomips	: 6791.37
clflush size	: 64
cache_alignment	: 64
address sizes	: 36 bits physical, 48 bits virtual
power management:

processor	: 3
vendor_id	: GenuineIntel
cpu family	: 6
model		: 58
model name	: Intel(R) Core(TM) i7-3770 CPU @ 3.40GHz
stepping	: 9
microcode	: 0x12
cpu MHz		: 3401.000
cache size	: 8192 KB
physical id	: 0
siblings	: 8
core id		: 3
cpu cores	: 4
apicid		: 6
initial apicid	: 6
fpu		: yes
fpu_exception	: yes
cpuid level	: 13
wp		: yes
flags		: fpu vme de pse tsc msr pae mce cx8 apic sep mtrr pge mca cmov pat pse36 clflush dts acpi mmx fxsr sse sse2 ss ht tm pbe syscall nx rdtscp lm constant_tsc arch_perfmon pebs bts rep_good nopl xtopology nonstop_tsc aperfmperf eagerfpu pni pclmulqdq dtes64 monitor ds_cpl vmx smx est tm2 ssse3 cx16 xtpr pdcm pcid sse4_1 sse4_2 x2apic popcnt tsc_deadline_timer aes xsave avx f16c rdrand lahf_lm ida arat epb xsaveopt pln pts dtherm tpr_shadow vnmi flexpriority ept vpid fsgsbase smep erms
bogomips	: 6791.37
clflush size	: 64
cache_alignment	: 64
address sizes	: 36 bits physical, 48 bits virtual
power management:

processor	: 4
vendor_id	: GenuineIntel
cpu family	: 6
model		: 58
model name	: Intel(R) Core(TM) i7-3770 CPU @ 3.40GHz
stepping	: 9
microcode	: 0x12
cpu MHz		: 3401.000
cache size	: 8192 KB
physical id	: 0
siblings	: 8
core id		: 0
cpu cores	: 4
apicid		: 1
initial apicid	: 1
fpu		: yes
fpu_exception	: yes
cpuid level	: 13
wp		: yes
flags		: fpu vme de pse tsc msr pae mce cx8 apic sep mtrr pge mca cmov pat pse36 clflush dts acpi mmx fxsr sse sse2 ss ht tm pbe syscall nx rdtscp lm constant_tsc arch_perfmon pebs bts rep_good nopl xtopology nonstop_tsc aperfmperf eagerfpu pni pclmulqdq dtes64 monitor ds_cpl vmx smx est tm2 ssse3 cx16 xtpr pdcm pcid sse4_1 sse4_2 x2apic popcnt tsc_deadline_timer aes xsave avx f16c rdrand lahf_lm ida arat epb xsaveopt pln pts dtherm tpr_shadow vnmi flexpriority ept vpid fsgsbase smep erms
bogomips	: 6791.37
clflush size	: 64
cache_alignment	: 64
address sizes	: 36 bits physical, 48 bits virtual
power management:

processor	: 5
vendor_id	: GenuineIntel
cpu family	: 6
model		: 58
model name	: Intel(R) Core(TM) i7-3770 CPU @ 3.40GHz
stepping	: 9
microcode	: 0x12
cpu MHz		: 3401.000
cache size	: 8192 KB
physical id	: 0
siblings	: 8
core id		: 1
cpu cores	: 4
apicid		: 3
initial apicid	: 3
fpu		: yes
fpu_exception	: yes
cpuid level	: 13
wp		: yes
flags		: fpu vme de pse tsc msr pae mce cx8 apic sep mtrr pge mca cmov pat pse36 clflush dts acpi mmx fxsr sse sse2 ss ht tm pbe syscall nx rdtscp lm constant_tsc arch_perfmon pebs bts rep_good nopl xtopology nonstop_tsc aperfmperf eagerfpu pni pclmulqdq dtes64 monitor ds_cpl vmx smx est tm2 ssse3 cx16 xtpr pdcm pcid sse4_1 sse4_2 x2apic popcnt tsc_deadline_timer aes xsave avx f16c rdrand lahf_lm ida arat epb xsaveopt pln pts dtherm tpr_shadow vnmi flexpriority ept vpid fsgsbase smep erms
bogomips	: 6791.37
clflush size	: 64
cache_alignment	: 64
address sizes	: 36 bits physical, 48 bits virtual
power management:

processor	: 6
vendor_id	: GenuineIntel
cpu family	: 6
model		: 58
model name	: Intel(R) Core(TM) i7-3770 CPU @ 3.40GHz
stepping	: 9
microcode	: 0x12
cpu MHz		: 3401.000
cache size	: 8192 KB
physical id	: 0
siblings	: 8
core id		: 2
cpu cores	: 4
apicid		: 5
initial apicid	: 5
fpu		: yes
fpu_exception	: yes
cpuid level	: 13
wp		: yes
flags		: fpu vme de pse tsc msr pae mce cx8 apic sep mtrr pge mca cmov pat pse36 clflush dts acpi mmx fxsr sse sse2 ss ht tm pbe syscall nx rdtscp lm constant_tsc arch_perfmon pebs bts rep_good nopl xtopology nonstop_tsc aperfmperf eagerfpu pni pclmulqdq dtes64 monitor ds_cpl vmx smx est tm2 ssse3 cx16 xtpr pdcm pcid sse4_1 sse4_2 x2apic popcnt tsc_deadline_timer aes xsave avx f16c rdrand lahf_lm ida arat epb xsaveopt pln pts dtherm tpr_shadow vnmi flexpriority ept vpid fsgsbase smep erms
bogomips	: 6791.37
clflush size	: 64
cache_alignment	: 64
address sizes	: 36 bits physical, 48 bits virtual
power management:

processor	: 7
vendor_id	: GenuineIntel
cpu family	: 6
model		: 58
model name	: Intel(R) Core(TM) i7-3770 CPU @ 3.40GHz
stepping	: 9
microcode	: 0x12
cpu MHz		: 1600.000
cache size	: 8192 KB
physical id	: 0
siblings	: 8
core id		: 3
cpu cores	: 4
apicid		: 7
initial apicid	: 7
fpu		: yes
fpu_exception	: yes
cpuid level	: 13
wp		: yes
flags		: fpu vme de pse tsc msr pae mce cx8 apic sep mtrr pge mca cmov pat pse36 clflush dts acpi mmx fxsr sse sse2 ss ht tm pbe syscall nx rdtscp lm constant_tsc arch_perfmon pebs bts rep_good nopl xtopology nonstop_tsc aperfmperf eagerfpu pni pclmulqdq dtes64 monitor ds_cpl vmx smx est tm2 ssse3 cx16 xtpr pdcm pcid sse4_1 sse4_2 x2apic popcnt tsc_deadline_timer aes xsave avx f16c rdrand lahf_lm ida arat epb xsaveopt pln pts dtherm tpr_shadow vnmi flexpriority ept vpid fsgsbase smep erms
bogomips	: 6791.37
clflush size	: 64
cache_alignment	: 64
address sizes	: 36 bits physical, 48 bits virtual
power management:



Memory: 4k page, physical 8137900k(2310292k free), swap 8345596k(6106744k free)

vm_info: OpenJDK 64-Bit Server VM (24.45-b08) for linux-amd64 JRE (1.7.0_51-b00), built on Jan 16 2014 18:17:06 by "buildd" with gcc 4.7.3

time: Tue Nov 25 11:20:24 2014
elapsed time: 0 seconds

