This is pdfTeX, Version 3.1415926-2.4-1.40.13 (TeX Live 2012/Debian) (format=pdflatex 2014.2.7)  22 DEC 2014 16:54
entering extended mode
 restricted \write18 enabled.
 %&-line parsing enabled.
**ISSTA_Paper_QualityOF_TDD.tex
(./ISSTA_Paper_QualityOF_TDD.tex
LaTeX2e <2011/06/27>
Babel <v3.8m> and hyphenation patterns for english, dumylang, nohyphenation, et
hiopic, farsi, arabic, pinyin, croatian, bulgarian, ukrainian, russian, slovak,
 czech, danish, dutch, usenglishmax, ukenglish, finnish, french, basque, ngerma
n, german, swissgerman, ngerman-x-2012-05-30, german-x-2012-05-30, monogreek, g
reek, ibycus, ancientgreek, hungarian, bengali, tamil, hindi, telugu, gujarati,
 sanskrit, malayalam, kannada, assamese, marathi, oriya, panjabi, italian, lati
n, latvian, lithuanian, mongolian, mongolianlmc, nynorsk, bokmal, indonesian, e
speranto, coptic, welsh, irish, interlingua, serbian, serbianc, slovenian, friu
lan, romansh, estonian, romanian, armenian, uppersorbian, turkish, afrikaans, i
celandic, kurmanji, polish, portuguese, galician, catalan, spanish, swedish, th
ai, loaded.
(./IEEEtran.cls
Document Class: IEEEtran 2012/11/21 V1.8c by Harald Hanche-Olsen and Anders Chr
istensen
-- Based on V1.7a by Michael Shell
-- See the "IEEEtran_HOWTO" manual for usage information.
-- http://www.michaelshell.org/tex/ieeetran/
\@IEEEtrantmpdimenA=\dimen102
\@IEEEtrantmpdimenB=\dimen103
\@IEEEtrantmpcountA=\count79
\@IEEEtrantmpcountB=\count80
\@IEEEtrantmptoksA=\toks14
LaTeX Font Info:    Try loading font information for OT1+ptm on input line 373.

(/usr/share/texlive/texmf-dist/tex/latex/psnfss/ot1ptm.fd
File: ot1ptm.fd 2001/06/04 font definitions for OT1/ptm.
)
-- Using 8.5in x 11in (letter) paper.
-- Using PDF output.
\@IEEEnormalsizeunitybaselineskip=\dimen104
-- This is a 10 point document.
\CLASSINFOnormalsizebaselineskip=\dimen105
\CLASSINFOnormalsizeunitybaselineskip=\dimen106
\IEEEnormaljot=\dimen107
LaTeX Font Info:    Font shape `OT1/ptm/bx/n' in size <5> not available
(Font)              Font shape `OT1/ptm/b/n' tried instead on input line 731.
LaTeX Font Info:    Font shape `OT1/ptm/bx/it' in size <5> not available
(Font)              Font shape `OT1/ptm/b/it' tried instead on input line 731.
LaTeX Font Info:    Font shape `OT1/ptm/bx/n' in size <7> not available
(Font)              Font shape `OT1/ptm/b/n' tried instead on input line 731.
LaTeX Font Info:    Font shape `OT1/ptm/bx/it' in size <7> not available
(Font)              Font shape `OT1/ptm/b/it' tried instead on input line 731.
LaTeX Font Info:    Font shape `OT1/ptm/bx/n' in size <8> not available
(Font)              Font shape `OT1/ptm/b/n' tried instead on input line 731.
LaTeX Font Info:    Font shape `OT1/ptm/bx/it' in size <8> not available
(Font)              Font shape `OT1/ptm/b/it' tried instead on input line 731.
LaTeX Font Info:    Font shape `OT1/ptm/bx/n' in size <9> not available
(Font)              Font shape `OT1/ptm/b/n' tried instead on input line 731.
LaTeX Font Info:    Font shape `OT1/ptm/bx/it' in size <9> not available
(Font)              Font shape `OT1/ptm/b/it' tried instead on input line 731.
LaTeX Font Info:    Font shape `OT1/ptm/bx/n' in size <10> not available
(Font)              Font shape `OT1/ptm/b/n' tried instead on input line 731.
LaTeX Font Info:    Font shape `OT1/ptm/bx/it' in size <10> not available
(Font)              Font shape `OT1/ptm/b/it' tried instead on input line 731.
LaTeX Font Info:    Font shape `OT1/ptm/bx/n' in size <11> not available
(Font)              Font shape `OT1/ptm/b/n' tried instead on input line 731.
LaTeX Font Info:    Font shape `OT1/ptm/bx/it' in size <11> not available
(Font)              Font shape `OT1/ptm/b/it' tried instead on input line 731.
LaTeX Font Info:    Font shape `OT1/ptm/bx/n' in size <12> not available
(Font)              Font shape `OT1/ptm/b/n' tried instead on input line 731.
LaTeX Font Info:    Font shape `OT1/ptm/bx/it' in size <12> not available
(Font)              Font shape `OT1/ptm/b/it' tried instead on input line 731.
LaTeX Font Info:    Font shape `OT1/ptm/bx/n' in size <17> not available
(Font)              Font shape `OT1/ptm/b/n' tried instead on input line 731.
LaTeX Font Info:    Font shape `OT1/ptm/bx/it' in size <17> not available
(Font)              Font shape `OT1/ptm/b/it' tried instead on input line 731.
LaTeX Font Info:    Font shape `OT1/ptm/bx/n' in size <20> not available
(Font)              Font shape `OT1/ptm/b/n' tried instead on input line 731.
LaTeX Font Info:    Font shape `OT1/ptm/bx/it' in size <20> not available
(Font)              Font shape `OT1/ptm/b/it' tried instead on input line 731.
LaTeX Font Info:    Font shape `OT1/ptm/bx/n' in size <24> not available
(Font)              Font shape `OT1/ptm/b/n' tried instead on input line 731.
LaTeX Font Info:    Font shape `OT1/ptm/bx/it' in size <24> not available
(Font)              Font shape `OT1/ptm/b/it' tried instead on input line 731.
\IEEEilabelindentA=\dimen108
\IEEEilabelindentB=\dimen109
\IEEEilabelindent=\dimen110
\IEEEelabelindent=\dimen111
\IEEEdlabelindent=\dimen112
\IEEElabelindent=\dimen113
\IEEEiednormlabelsep=\dimen114
\IEEEiedmathlabelsep=\dimen115
\IEEEiedtopsep=\skip41
\c@section=\count81
\c@subsection=\count82
\c@subsubsection=\count83
\c@paragraph=\count84
\c@IEEEsubequation=\count85
\abovecaptionskip=\skip42
\belowcaptionskip=\skip43
\c@figure=\count86
\c@table=\count87
\@IEEEeqnnumcols=\count88
\@IEEEeqncolcnt=\count89
\@IEEEtmpitemindent=\dimen116
\c@IEEEbiography=\count90
\@IEEEtranrubishbin=\box26
) (/usr/share/texlive/texmf-dist/tex/latex/float/float.sty
Package: float 2001/11/08 v1.3d Float enhancements (AL)
\c@float@type=\count91
\float@exts=\toks15
\float@box=\box27
\@float@everytoks=\toks16
\@floatcapt=\box28
)
(/usr/share/texlive/texmf-dist/tex/latex/graphics/graphicx.sty
Package: graphicx 1999/02/16 v1.0f Enhanced LaTeX Graphics (DPC,SPQR)

(/usr/share/texlive/texmf-dist/tex/latex/graphics/keyval.sty
Package: keyval 1999/03/16 v1.13 key=value parser (DPC)
\KV@toks@=\toks17
)
(/usr/share/texlive/texmf-dist/tex/latex/graphics/graphics.sty
Package: graphics 2009/02/05 v1.0o Standard LaTeX Graphics (DPC,SPQR)

(/usr/share/texlive/texmf-dist/tex/latex/graphics/trig.sty
Package: trig 1999/03/16 v1.09 sin cos tan (DPC)
)
(/usr/share/texlive/texmf-dist/tex/latex/latexconfig/graphics.cfg
File: graphics.cfg 2010/04/23 v1.9 graphics configuration of TeX Live
)
Package graphics Info: Driver file: pdftex.def on input line 91.

(/usr/share/texlive/texmf-dist/tex/latex/pdftex-def/pdftex.def
File: pdftex.def 2011/05/27 v0.06d Graphics/color for pdfTeX

(/usr/share/texlive/texmf-dist/tex/generic/oberdiek/infwarerr.sty
Package: infwarerr 2010/04/08 v1.3 Providing info/warning/error messages (HO)
)
(/usr/share/texlive/texmf-dist/tex/generic/oberdiek/ltxcmds.sty
Package: ltxcmds 2011/11/09 v1.22 LaTeX kernel commands for general use (HO)
)
\Gread@gobject=\count92
))
\Gin@req@height=\dimen117
\Gin@req@width=\dimen118
)
(/usr/share/texlive/texmf-dist/tex/latex/amsmath/amsmath.sty
Package: amsmath 2000/07/18 v2.13 AMS math features
\@mathmargin=\skip44

For additional information on amsmath, use the `?' option.
(/usr/share/texlive/texmf-dist/tex/latex/amsmath/amstext.sty
Package: amstext 2000/06/29 v2.01

(/usr/share/texlive/texmf-dist/tex/latex/amsmath/amsgen.sty
File: amsgen.sty 1999/11/30 v2.0
\@emptytoks=\toks18
\ex@=\dimen119
))
(/usr/share/texlive/texmf-dist/tex/latex/amsmath/amsbsy.sty
Package: amsbsy 1999/11/29 v1.2d
\pmbraise@=\dimen120
)
(/usr/share/texlive/texmf-dist/tex/latex/amsmath/amsopn.sty
Package: amsopn 1999/12/14 v2.01 operator names
)
\inf@bad=\count93
LaTeX Info: Redefining \frac on input line 211.
\uproot@=\count94
\leftroot@=\count95
LaTeX Info: Redefining \overline on input line 307.
\classnum@=\count96
\DOTSCASE@=\count97
LaTeX Info: Redefining \ldots on input line 379.
LaTeX Info: Redefining \dots on input line 382.
LaTeX Info: Redefining \cdots on input line 467.
\Mathstrutbox@=\box29
\strutbox@=\box30
\big@size=\dimen121
LaTeX Font Info:    Redeclaring font encoding OML on input line 567.
LaTeX Font Info:    Redeclaring font encoding OMS on input line 568.
\macc@depth=\count98
\c@MaxMatrixCols=\count99
\dotsspace@=\muskip10
\c@parentequation=\count100
\dspbrk@lvl=\count101
\tag@help=\toks19
\row@=\count102
\column@=\count103
\maxfields@=\count104
\andhelp@=\toks20
\eqnshift@=\dimen122
\alignsep@=\dimen123
\tagshift@=\dimen124
\tagwidth@=\dimen125
\totwidth@=\dimen126
\lineht@=\dimen127
\@envbody=\toks21
\multlinegap=\skip45
\multlinetaggap=\skip46
\mathdisplay@stack=\toks22
LaTeX Info: Redefining \[ on input line 2666.
LaTeX Info: Redefining \] on input line 2667.
)
(/usr/share/texlive/texmf-dist/tex/latex/amsfonts/amssymb.sty
Package: amssymb 2009/06/22 v3.00

(/usr/share/texlive/texmf-dist/tex/latex/amsfonts/amsfonts.sty
Package: amsfonts 2009/06/22 v3.00 Basic AMSFonts support
\symAMSa=\mathgroup4
\symAMSb=\mathgroup5
LaTeX Font Info:    Overwriting math alphabet `\mathfrak' in version `bold'
(Font)                  U/euf/m/n --> U/euf/b/n on input line 96.
))
(/usr/share/texlive/texmf-dist/tex/latex/url/url.sty
\Urlmuskip=\muskip11
Package: url 2006/04/12  ver 3.3  Verb mode for urls, etc.
)
(/usr/share/texlive/texmf-dist/tex/latex/listings/listings.sty
\lst@mode=\count105
\lst@gtempboxa=\box31
\lst@token=\toks23
\lst@length=\count106
\lst@currlwidth=\dimen128
\lst@column=\count107
\lst@pos=\count108
\lst@lostspace=\dimen129
\lst@width=\dimen130
\lst@newlines=\count109
\lst@lineno=\count110
\lst@maxwidth=\dimen131

(/usr/share/texlive/texmf-dist/tex/latex/listings/lstmisc.sty
File: lstmisc.sty 2007/02/22 1.4 (Carsten Heinz)
\c@lstnumber=\count111
\lst@skipnumbers=\count112
\lst@framebox=\box32
)
(/usr/share/texlive/texmf-dist/tex/latex/listings/listings.cfg
File: listings.cfg 2007/02/22 1.4 listings configuration
))
Package: listings 2007/02/22 1.4 (Carsten Heinz)

(/usr/share/texlive/texmf-dist/tex/latex/graphics/color.sty
Package: color 2005/11/14 v1.0j Standard LaTeX Color (DPC)

(/usr/share/texlive/texmf-dist/tex/latex/latexconfig/color.cfg
File: color.cfg 2007/01/18 v1.5 color configuration of teTeX/TeXLive
)
Package color Info: Driver file: pdftex.def on input line 130.
)
(/usr/share/texlive/texmf-dist/tex/latex/listings/lstlang1.sty
File: lstlang1.sty 2004/09/05 1.3 listings language file
)
(./ISSTA_Paper_QualityOF_TDD.aux)
\openout1 = `ISSTA_Paper_QualityOF_TDD.aux'.

LaTeX Font Info:    Checking defaults for OML/cmm/m/it on input line 57.
LaTeX Font Info:    ... okay on input line 57.
LaTeX Font Info:    Checking defaults for T1/cmr/m/n on input line 57.
LaTeX Font Info:    ... okay on input line 57.
LaTeX Font Info:    Checking defaults for OT1/cmr/m/n on input line 57.
LaTeX Font Info:    ... okay on input line 57.
LaTeX Font Info:    Checking defaults for OMS/cmsy/m/n on input line 57.
LaTeX Font Info:    ... okay on input line 57.
LaTeX Font Info:    Checking defaults for OMX/cmex/m/n on input line 57.
LaTeX Font Info:    ... okay on input line 57.
LaTeX Font Info:    Checking defaults for U/cmr/m/n on input line 57.
LaTeX Font Info:    ... okay on input line 57.

(/usr/share/texlive/texmf-dist/tex/context/base/supp-pdf.mkii
[Loading MPS to PDF converter (version 2006.09.02).]
\scratchcounter=\count113
\scratchdimen=\dimen132
\scratchbox=\box33
\nofMPsegments=\count114
\nofMParguments=\count115
\everyMPshowfont=\toks24
\MPscratchCnt=\count116
\MPscratchDim=\dimen133
\MPnumerator=\count117
\makeMPintoPDFobject=\count118
\everyMPtoPDFconversion=\toks25
) (/usr/share/texlive/texmf-dist/tex/generic/oberdiek/pdftexcmds.sty
Package: pdftexcmds 2011/11/29 v0.20 Utility functions of pdfTeX for LuaTeX (HO
)

(/usr/share/texlive/texmf-dist/tex/generic/oberdiek/ifluatex.sty
Package: ifluatex 2010/03/01 v1.3 Provides the ifluatex switch (HO)
Package ifluatex Info: LuaTeX not detected.
)
(/usr/share/texlive/texmf-dist/tex/generic/oberdiek/ifpdf.sty
Package: ifpdf 2011/01/30 v2.3 Provides the ifpdf switch (HO)
Package ifpdf Info: pdfTeX in PDF mode is detected.
)
Package pdftexcmds Info: LuaTeX not detected.
Package pdftexcmds Info: \pdf@primitive is available.
Package pdftexcmds Info: \pdf@ifprimitive is available.
Package pdftexcmds Info: \pdfdraftmode found.
)
(/usr/share/texlive/texmf-dist/tex/latex/oberdiek/epstopdf-base.sty
Package: epstopdf-base 2010/02/09 v2.5 Base part for package epstopdf

(/usr/share/texlive/texmf-dist/tex/latex/oberdiek/grfext.sty
Package: grfext 2010/08/19 v1.1 Manage graphics extensions (HO)

(/usr/share/texlive/texmf-dist/tex/generic/oberdiek/kvdefinekeys.sty
Package: kvdefinekeys 2011/04/07 v1.3 Define keys (HO)
))
(/usr/share/texlive/texmf-dist/tex/latex/oberdiek/kvoptions.sty
Package: kvoptions 2011/06/30 v3.11 Key value format for package options (HO)

(/usr/share/texlive/texmf-dist/tex/generic/oberdiek/kvsetkeys.sty
Package: kvsetkeys 2012/04/25 v1.16 Key value parser (HO)

(/usr/share/texlive/texmf-dist/tex/generic/oberdiek/etexcmds.sty
Package: etexcmds 2011/02/16 v1.5 Avoid name clashes with e-TeX commands (HO)
Package etexcmds Info: Could not find \expanded.
(etexcmds)             That can mean that you are not using pdfTeX 1.50 or
(etexcmds)             that some package has redefined \expanded.
(etexcmds)             In the latter case, load this package earlier.
)))
Package grfext Info: Graphics extension search list:
(grfext)             [.png,.pdf,.jpg,.mps,.jpeg,.jbig2,.jb2,.PNG,.PDF,.JPG,.JPE
G,.JBIG2,.JB2,.eps]
(grfext)             \AppendGraphicsExtensions on input line 452.

(/usr/share/texlive/texmf-dist/tex/latex/latexconfig/epstopdf-sys.cfg
File: epstopdf-sys.cfg 2010/07/13 v1.3 Configuration of (r)epstopdf for TeX Liv
e
))
\c@lstlisting=\count119
LaTeX Font Info:    Try loading font information for U+msa on input line 89.

(/usr/share/texlive/texmf-dist/tex/latex/amsfonts/umsa.fd
File: umsa.fd 2009/06/22 v3.00 AMS symbols A
)
LaTeX Font Info:    Try loading font information for U+msb on input line 89.

(/usr/share/texlive/texmf-dist/tex/latex/amsfonts/umsb.fd
File: umsb.fd 2009/06/22 v3.00 AMS symbols B
) [1{/var/lib/texmf/fonts/map/pdftex/updmap/pdftex.map}


]
LaTeX Font Info:    Try loading font information for OT1+pcr on input line 104.


(/usr/share/texlive/texmf-dist/tex/latex/psnfss/ot1pcr.fd
File: ot1pcr.fd 2001/06/04 font definitions for OT1/pcr.
)

LaTeX Warning: Citation `george2004structured' on page 2 undefined on input lin
e 131.


LaTeX Warning: Citation `bhat2006evaluating' on page 2 undefined on input line 
131.


LaTeX Warning: Citation `siniaalto2007comparative' on page 2 undefined on input
 line 131.


LaTeX Warning: Citation `siniaalto2007comparative' on page 2 undefined on input
 line 131.


LaTeX Warning: Citation `bhat2006evaluating' on page 2 undefined on input line 
131.


LaTeX Warning: Citation `geras2004prototype' on page 2 undefined on input line 
131.

Missing character: There is no â in font ptmr7t!
Missing character: There is no € in font ptmr7t!
Missing character: There is no ™ in font ptmr7t!

LaTeX Warning: Citation `bhat2006evaluating' on page 2 undefined on input line 
131.


LaTeX Warning: Citation `siniaalto2007comparative' on page 2 undefined on input
 line 131.


Underfull \hbox (badness 10000) in paragraph at lines 140--140
[]\OT1/ptm/b/n/7 TDD
 []


Underfull \hbox (badness 10000) in paragraph at lines 140--140
[]\OT1/ptm/b/n/7 Non-
 []


Underfull \hbox (badness 10000) in paragraph at lines 140--140
\OT1/ptm/b/n/7 TDD
 []


Underfull \hbox (badness 10000) in paragraph at lines 140--140
[]\OT1/ptm/b/n/7 Mutation
 []


LaTeX Warning: Citation `siniaalto2007comparative' on page 2 undefined on input
 line 141.


Underfull \hbox (badness 10000) in paragraph at lines 141--141
[]\OT1/ptm/m/n/7 controlled
 []


Underfull \hbox (badness 10000) in paragraph at lines 141--141
[]$\OML/cmm/m/it/7 >$
 []


LaTeX Warning: Citation `janzen2006influence' on page 2 undefined on input line
 142.


Underfull \hbox (badness 10000) in paragraph at lines 142--142
[]\OT1/ptm/m/n/7 Controlled
 []


Overfull \hbox (2.18253pt too wide) in paragraph at lines 142--142
[]$\OML/cmm/m/it/7 >$\OT1/ptm/m/n/7 1053| 
 []


Underfull \hbox (badness 10000) in paragraph at lines 142--142
[]\OT1/ptm/m/n/7 Statement and
 []


LaTeX Warning: Citation `bhat2006evaluating' on page 2 undefined on input line 
143.

Missing character: There is no â in font ptmr7t!
Missing character: There is no € in font ptmr7t!
Missing character: There is no “ in font ptmr7t!

LaTeX Warning: Citation `george2004structured' on page 2 undefined on input lin
e 144.


Underfull \hbox (badness 10000) in paragraph at lines 144--144
[]\OT1/ptm/m/n/7 controlled
 []


Underfull \hbox (badness 10000) in paragraph at lines 144--144
\OT1/ptm/m/n/7 ex-per-i-men-
 []


LaTeX Warning: Citation `pancur2003towards' on page 2 undefined on input line 1
45.


Underfull \hbox (badness 10000) in paragraph at lines 145--145
[]\OT1/ptm/m/n/7 controlled
 []


LaTeX Warning: Citation `flohr2006lessons' on page 2 undefined on input line 14
6.


Underfull \hbox (badness 10000) in paragraph at lines 146--146
[]\OT1/ptm/m/n/7 controlled
 []


LaTeX Warning: Citation `geras2004prototype' on page 2 undefined on input line 
147.


Underfull \hbox (badness 10000) in paragraph at lines 147--147
[]\OT1/ptm/m/n/7 Controlled
 []

Missing character: There is no â in font ptmr7t!
Missing character: There is no € in font ptmr7t!
Missing character: There is no ™ in font ptmr7t!
Missing character: There is no â in font ptmr7t!
Missing character: There is no € in font ptmr7t!
Missing character: There is no ™ in font ptmr7t!

Underfull \hbox (badness 10000) in paragraph at lines 148--148
[]\OT1/ptm/m/n/7 controlled
 []


Underfull \hbox (badness 10000) in paragraph at lines 149--149
[]\OT1/ptm/m/n/7 controlled
 []

[2]
Underfull \vbox (badness 10000) has occurred while \output is active []

 [3]
Underfull \hbox (badness 10000) in paragraph at lines 197--198

 []


Underfull \hbox (badness 2269) in paragraph at lines 221--223
\OT1/ptm/m/n/10 cov-er-age im-plies state-ment cov-er-age, be-cause ex-er-cis-i
ng
 []


Underfull \hbox (badness 10000) in paragraph at lines 221--223

 []

LaTeX Font Info:    Try loading font information for OML+ptm on input line 257.

(/usr/share/texlive/texmf-dist/tex/latex/psnfss/omlptm.fd
File: omlptm.fd 
)
LaTeX Font Info:    Font shape `OML/ptm/m/n' in size <7> not available
(Font)              Font shape `OML/cmm/m/it' tried instead on input line 257.
 [4]
<the_process.png, id=23, 513.17302pt x 187.6779pt>
File: the_process.png Graphic file (type png)
 <use the_process.png>
Package pdftex.def Info: the_process.png used on input line 284.
(pdftex.def)             Requested size: 205.26556pt x 75.06982pt.


LaTeX Warning: Reference `sec:background' on page 5 undefined on input line 302
.

[5 <./the_process.png>]
Underfull \hbox (badness 10000) in paragraph at lines 338--339
 []\OT1/ptm/m/it/10 Benchmarks: [][] \OT1/ptm/m/n/10 In our ex-per-i-ment, we h
ave
 []


Underfull \hbox (badness 10000) in paragraph at lines 338--339
\OT1/ptm/m/n/10 ten non-TDD projects in-clud-ing \OT1/pcr/m/n/10 trove, Commons

 []


Underfull \hbox (badness 10000) in paragraph at lines 338--339
\OT1/pcr/m/n/10 Lang, JDOM, Commons IO, numerics4j,jaxen
 []


Overfull \hbox (8.45042pt too wide) in paragraph at lines 347--365
 [][] 
 []


LaTeX Warning: Reference `sec:background' on page 6 undefined on input line 372
.

<benchmark_coverage.png, id=31, 576.1525pt x 327.2225pt>
File: benchmark_coverage.png Graphic file (type png)

<use benchmark_coverage.png>
Package pdftex.def Info: benchmark_coverage.png used on input line 381.
(pdftex.def)             Requested size: 230.45691pt x 130.88667pt.

<benchmark_mutation.png, id=32, 590.205pt x 321.2pt>
File: benchmark_mutation.png Graphic file (type png)

<use benchmark_mutation.png>
Package pdftex.def Info: benchmark_mutation.png used on input line 387.
(pdftex.def)             Requested size: 236.0778pt x 128.47772pt.
 [6 <./benchmark_coverage.png>]
<test_of_normality_Branch.png, id=37, 793.96625pt x 148.555pt>
File: test_of_normality_Branch.png Graphic file (type png)

<use test_of_normality_Branch.png>
Package pdftex.def Info: test_of_normality_Branch.png used on input line 423.
(pdftex.def)             Requested size: 254.07439pt x 47.53856pt.

<test_of_normality_mutation.png, id=38, 772.8875pt x 147.55125pt>
File: test_of_normality_mutation.png Graphic file (type png)

<use test_of_normality_mutation.png>
Package pdftex.def Info: test_of_normality_mutation.png used on input line 424.

(pdftex.def)             Requested size: 255.05365pt x 48.69205pt.

Overfull \hbox (1.02452pt too wide) in paragraph at lines 423--425
 [][] 
 []


Overfull \hbox (2.00378pt too wide) in paragraph at lines 423--425
 [] 
 []

<groups_branch.png, id=39, 820.06375pt x 661.47125pt>
File: groups_branch.png Graphic file (type png)
 <use groups_branch.png>
Package pdftex.def Info: groups_branch.png used on input line 430.
(pdftex.def)             Requested size: 246.02103pt x 198.4429pt.

<groups_mutation.png, id=40, 837.1275pt x 660.4675pt>
File: groups_mutation.png Graphic file (type png)

<use groups_mutation.png>
Package pdftex.def Info: groups_mutation.png used on input line 434.
(pdftex.def)             Requested size: 251.14018pt x 198.14177pt.
 [7 <./benchmark_mutation.png>]
<benchmark_relation_mutationStatment.png, id=46, 730.73pt x 646.415pt>
File: benchmark_relation_mutationStatment.png Graphic file (type png)

<use benchmark_relation_mutationStatment.png>
Package pdftex.def Info: benchmark_relation_mutationStatment.png used on input 
line 469.
(pdftex.def)             Requested size: 219.22069pt x 193.926pt.

<benchmark_relation_mutationBranch.png, id=47, 735.74875pt x 661.47125pt>
File: benchmark_relation_mutationBranch.png Graphic file (type png)

<use benchmark_relation_mutationBranch.png>
Package pdftex.def Info: benchmark_relation_mutationBranch.png used on input li
ne 478.
(pdftex.def)             Requested size: 220.72632pt x 198.4429pt.
 [8 <./test_of_normality_Branch.png> <./test_of_normality_mutation.png> <./grou
ps_branch.png> <./groups_mutation.png>]

LaTeX Warning: Reference `sec:background' on page 9 undefined on input line 494
.

[9 <./benchmark_relation_mutationStatment.png> <./benchmark_relation_mutationBr
anch.png>] (./ISSTA_Paper_QualityOF_TDD.bbl
Underfull \hbox (badness 7415) in paragraph at lines 133--138
[]\OT1/ptm/m/n/8 Mark Levin-son.  Mis-con-cep-tions with test driven de-vel-op-

 []


Underfull \hbox (badness 10000) in paragraph at lines 133--138
\OT1/ptm/m/n/8 ment.  $http : / / agilepainrelief . com / notesfromatooluser / 
2008 / 11 /
 []

[10])

** Conference Paper **
Before submitting the final camera ready copy, remember to:

 1. Manually equalize the lengths of two columns on the last page
 of your paper;

 2. Ensure that any PostScript and/or PDF output post-processing
 uses only Type 1 fonts and that every step in the generation
 process uses the appropriate paper size.

[11

] (./ISSTA_Paper_QualityOF_TDD.aux)

LaTeX Warning: There were undefined references.

 ) 
Here is how much of TeX's memory you used:
 4703 strings out of 493485
 69329 string characters out of 3143527
 172137 words of memory out of 3000000
 7922 multiletter control sequences out of 15000+200000
 44988 words of font info for 92 fonts, out of 3000000 for 9000
 957 hyphenation exceptions out of 8191
 38i,11n,40p,1493b,1422s stack positions out of 5000i,500n,10000p,200000b,50000s
{/usr/share/texlive/texmf-dist/fonts/enc/dvips/base/8r.enc}</usr/share/texliv
e/texmf-dist/fonts/type1/public/amsfonts/cm/cmmi10.pfb></usr/share/texlive/texm
f-dist/fonts/type1/public/amsfonts/cm/cmmi7.pfb></usr/share/texlive/texmf-dist/
fonts/type1/public/amsfonts/cm/cmr10.pfb></usr/share/texlive/texmf-dist/fonts/t
ype1/public/amsfonts/cm/cmsy10.pfb></usr/share/texlive/texmf-dist/fonts/type1/p
ublic/amsfonts/cm/cmsy7.pfb></usr/share/texlive/texmf-dist/fonts/type1/urw/cour
ier/ucrr8a.pfb></usr/share/texlive/texmf-dist/fonts/type1/urw/times/utmb8a.pfb>
</usr/share/texlive/texmf-dist/fonts/type1/urw/times/utmbi8a.pfb></usr/share/te
xlive/texmf-dist/fonts/type1/urw/times/utmr8a.pfb></usr/share/texlive/texmf-dis
t/fonts/type1/urw/times/utmri8a.pfb>
Output written on ISSTA_Paper_QualityOF_TDD.pdf (11 pages, 371546 bytes).
PDF statistics:
 100 PDF objects out of 1000 (max. 8388607)
 58 compressed objects within 1 object stream
 0 named destinations out of 1000 (max. 500000)
 46 words of extra memory for PDF output out of 10000 (max. 10000000)

